syys 10, 2013 12:45:50 IP. org.apache.catalina.core.AprLifecycleListener init
INFO: The APR based Apache Tomcat Native library which allows optimal performance in production environments was not found on the java.library.path: /usr/lib/jvm/java-7-openjdk-amd64/jre/lib/amd64:/usr/lib/jvm/java-7-openjdk-amd64/jre/lib/i386::/usr/java/packages/lib/amd64:/usr/lib/jni:/lib:/usr/lib
syys 10, 2013 12:45:50 IP. org.apache.coyote.AbstractProtocol init
INFO: Initializing ProtocolHandler ["http-bio-8080"]
syys 10, 2013 12:45:50 IP. org.apache.coyote.AbstractProtocol init
INFO: Initializing ProtocolHandler ["ajp-bio-8009"]
syys 10, 2013 12:45:50 IP. org.apache.catalina.startup.Catalina load
INFO: Initialization processed in 600 ms
syys 10, 2013 12:45:50 IP. org.apache.catalina.core.StandardService startInternal
INFO: Starting service Catalina
syys 10, 2013 12:45:50 IP. org.apache.catalina.core.StandardEngine startInternal
INFO: Starting Servlet Engine: Apache Tomcat/7.0.42
syys 10, 2013 12:45:50 IP. org.apache.catalina.startup.HostConfig deployDirectory
INFO: Deploying web application directory /cs/fs/home/mkctammi/apache-tomcat-7.0.42/webapps/docs
syys 10, 2013 12:45:53 IP. org.apache.catalina.util.SessionIdGenerator createSecureRandom
INFO: Creation of SecureRandom instance for session ID generation using [SHA1PRNG] took [2,462] milliseconds.
syys 10, 2013 12:45:53 IP. org.apache.catalina.startup.HostConfig deployDirectory
INFO: Deploying web application directory /cs/fs/home/mkctammi/apache-tomcat-7.0.42/webapps/host-manager
syys 10, 2013 12:45:53 IP. org.apache.catalina.startup.HostConfig deployDirectory
INFO: Deploying web application directory /cs/fs/home/mkctammi/apache-tomcat-7.0.42/webapps/examples
syys 10, 2013 12:45:53 IP. org.apache.catalina.startup.HostConfig deployDirectory
INFO: Deploying web application directory /cs/fs/home/mkctammi/apache-tomcat-7.0.42/webapps/ROOT
syys 10, 2013 12:45:53 IP. org.apache.catalina.startup.HostConfig deployDirectory
INFO: Deploying web application directory /cs/fs/home/mkctammi/apache-tomcat-7.0.42/webapps/manager
syys 10, 2013 12:45:53 IP. org.apache.coyote.AbstractProtocol start
INFO: Starting ProtocolHandler ["http-bio-8080"]
syys 10, 2013 12:45:53 IP. org.apache.coyote.AbstractProtocol start
INFO: Starting ProtocolHandler ["ajp-bio-8009"]
syys 10, 2013 12:45:53 IP. org.apache.catalina.startup.Catalina start
INFO: Server startup in 3267 ms
syys 10, 2013 12:48:47 IP. org.apache.catalina.startup.HostConfig deployDescriptor
INFO: Deploying configuration descriptor /cs/fs/home/mkctammi/apache-tomcat-7.0.42/conf/Catalina/localhost/kurki13.xml
syys 10, 2013 12:48:47 IP. org.apache.catalina.util.LifecycleBase start
INFO: The start() method was called on component [StandardEngine[Catalina].StandardHost[localhost].StandardContext[/kurki13]] after start() had already been called. The second call will be ignored.
syys 10, 2013 12:50:49 IP. org.apache.catalina.startup.HostConfig deleteRedeployResources
INFO: Undeploying context [/kurki13]
syys 10, 2013 12:50:49 IP. org.apache.catalina.startup.HostConfig deployDescriptor
INFO: Deploying configuration descriptor /cs/fs/home/mkctammi/apache-tomcat-7.0.42/conf/Catalina/localhost/kurki13.xml
syys 10, 2013 12:50:49 IP. org.apache.catalina.util.LifecycleBase start
INFO: The start() method was called on component [StandardEngine[Catalina].StandardHost[localhost].StandardContext[/kurki13]] after start() had already been called. The second call will be ignored.
syys 10, 2013 1:17:33 IP. org.apache.catalina.startup.HostConfig deleteRedeployResources
INFO: Undeploying context [/kurki13]
syys 10, 2013 1:17:33 IP. org.apache.catalina.startup.HostConfig deployDescriptor
INFO: Deploying configuration descriptor /cs/fs/home/mkctammi/apache-tomcat-7.0.42/conf/Catalina/localhost/kurki13.xml
syys 10, 2013 1:23:57 IP. org.apache.catalina.core.StandardContext reload
INFO: Reloading Context with name [/kurki13] has started
syys 10, 2013 1:23:58 IP. org.apache.catalina.core.StandardContext reload
INFO: Reloading Context with name [/kurki13] is completed
syys 10, 2013 1:24:01 IP. org.apache.catalina.core.StandardContext reload
INFO: Reloading Context with name [/kurki13] has started
syys 10, 2013 1:24:02 IP. org.apache.catalina.loader.WebappClassLoader validateJarFile
INFO: validateJarFile(/cs/fs/home/mkctammi/ohtuprog/kurki13/target/kurki13-1.0-SNAPSHOT/WEB-INF/lib/servlet-api-2.3.jar) - jar not loaded. See Servlet Spec 2.3, section 9.7.2. Offending class: javax/servlet/Servlet.class
syys 10, 2013 1:24:03 IP. org.apache.catalina.core.StandardContext reload
INFO: Reloading Context with name [/kurki13] is completed
syys 10, 2013 1:24:59 IP. org.apache.catalina.startup.HostConfig deleteRedeployResources
INFO: Undeploying context [/kurki13]
syys 10, 2013 1:24:59 IP. org.apache.catalina.startup.HostConfig deployDescriptor
INFO: Deploying configuration descriptor /cs/fs/home/mkctammi/apache-tomcat-7.0.42/conf/Catalina/localhost/kurki13.xml
syys 10, 2013 1:25:00 IP. org.apache.catalina.loader.WebappClassLoader validateJarFile
INFO: validateJarFile(/cs/fs/home/mkctammi/ohtuprog/kurki13/target/kurki13-1.0-SNAPSHOT/WEB-INF/lib/servlet-api-2.3.jar) - jar not loaded. See Servlet Spec 2.3, section 9.7.2. Offending class: javax/servlet/Servlet.class
syys 10, 2013 1:25:00 IP. org.apache.catalina.util.LifecycleBase start
INFO: The start() method was called on component [StandardEngine[Catalina].StandardHost[localhost].StandardContext[/kurki13]] after start() had already been called. The second call will be ignored.
syys 10, 2013 1:27:58 IP. org.apache.catalina.startup.HostConfig deleteRedeployResources
INFO: Undeploying context [/kurki13]
syys 10, 2013 1:27:58 IP. org.apache.catalina.startup.HostConfig deployDescriptor
INFO: Deploying configuration descriptor /cs/fs/home/mkctammi/apache-tomcat-7.0.42/conf/Catalina/localhost/kurki13.xml
syys 10, 2013 1:27:58 IP. org.apache.catalina.loader.WebappClassLoader validateJarFile
INFO: validateJarFile(/cs/fs/home/mkctammi/ohtuprog/kurki13/target/kurki13-1.0-SNAPSHOT/WEB-INF/lib/servlet-api-2.3.jar) - jar not loaded. See Servlet Spec 2.3, section 9.7.2. Offending class: javax/servlet/Servlet.class
syys 10, 2013 1:27:59 IP. org.apache.catalina.util.LifecycleBase start
INFO: The start() method was called on component [StandardEngine[Catalina].StandardHost[localhost].StandardContext[/kurki13]] after start() had already been called. The second call will be ignored.
syys 10, 2013 1:28:19 IP. org.apache.catalina.startup.HostConfig deleteRedeployResources
INFO: Undeploying context [/kurki13]
syys 10, 2013 1:28:19 IP. org.apache.catalina.startup.HostConfig deployDescriptor
INFO: Deploying configuration descriptor /cs/fs/home/mkctammi/apache-tomcat-7.0.42/conf/Catalina/localhost/kurki13.xml
syys 10, 2013 1:28:19 IP. org.apache.catalina.loader.WebappClassLoader validateJarFile
INFO: validateJarFile(/cs/fs/home/mkctammi/ohtuprog/kurki13/target/kurki13-1.0-SNAPSHOT/WEB-INF/lib/servlet-api-2.3.jar) - jar not loaded. See Servlet Spec 2.3, section 9.7.2. Offending class: javax/servlet/Servlet.class
syys 10, 2013 1:28:19 IP. org.apache.catalina.util.LifecycleBase start
INFO: The start() method was called on component [StandardEngine[Catalina].StandardHost[localhost].StandardContext[/kurki13]] after start() had already been called. The second call will be ignored.
syys 10, 2013 2:03:15 IP. org.apache.catalina.loader.WebappClassLoader validateJarFile
INFO: validateJarFile(/cs/fs/home/mkctammi/ohtuprog/kurki13/target/kurki13-1.0-SNAPSHOT/WEB-INF/lib/servlet-api-2.3.jar) - jar not loaded. See Servlet Spec 2.3, section 9.7.2. Offending class: javax/servlet/Servlet.class
syys 10, 2013 2:04:24 IP. org.apache.catalina.startup.HostConfig deleteRedeployResources
INFO: Undeploying context [/kurki13]
syys 10, 2013 2:04:24 IP. org.apache.catalina.startup.HostConfig deployDescriptor
INFO: Deploying configuration descriptor /cs/fs/home/mkctammi/apache-tomcat-7.0.42/conf/Catalina/localhost/kurki13.xml
syys 10, 2013 2:04:24 IP. org.apache.catalina.loader.WebappClassLoader validateJarFile
INFO: validateJarFile(/cs/fs/home/mkctammi/ohtuprog/kurki13/target/kurki13-1.0-SNAPSHOT/WEB-INF/lib/servlet-api-2.3.jar) - jar not loaded. See Servlet Spec 2.3, section 9.7.2. Offending class: javax/servlet/Servlet.class
syys 10, 2013 2:04:25 IP. org.apache.catalina.util.LifecycleBase start
INFO: The start() method was called on component [StandardEngine[Catalina].StandardHost[localhost].StandardContext[/kurki13]] after start() had already been called. The second call will be ignored.
syys 10, 2013 2:07:25 IP. org.apache.catalina.loader.WebappClassLoader validateJarFile
INFO: validateJarFile(/cs/fs/home/mkctammi/ohtuprog/kurki13/target/kurki13-1.0-SNAPSHOT/WEB-INF/lib/servlet-api-2.3.jar) - jar not loaded. See Servlet Spec 2.3, section 9.7.2. Offending class: javax/servlet/Servlet.class
syys 10, 2013 2:07:29 IP. org.apache.catalina.startup.HostConfig checkResources
INFO: Reloading context [/kurki13]
syys 10, 2013 2:07:29 IP. org.apache.catalina.core.StandardContext reload
INFO: Reloading Context with name [/kurki13] has started
syys 10, 2013 2:07:30 IP. org.apache.catalina.loader.WebappClassLoader validateJarFile
INFO: validateJarFile(/cs/fs/home/mkctammi/ohtuprog/kurki13/target/kurki13-1.0-SNAPSHOT/WEB-INF/lib/servlet-api-2.3.jar) - jar not loaded. See Servlet Spec 2.3, section 9.7.2. Offending class: javax/servlet/Servlet.class
syys 10, 2013 2:07:30 IP. org.apache.catalina.core.StandardContext reload
INFO: Reloading Context with name [/kurki13] is completed
syys 10, 2013 2:07:45 IP. org.apache.catalina.startup.HostConfig deleteRedeployResources
INFO: Undeploying context [/kurki13]
syys 10, 2013 2:07:45 IP. org.apache.catalina.startup.HostConfig deployDescriptor
INFO: Deploying configuration descriptor /cs/fs/home/mkctammi/apache-tomcat-7.0.42/conf/Catalina/localhost/kurki13.xml
syys 10, 2013 2:07:45 IP. org.apache.catalina.loader.WebappClassLoader validateJarFile
INFO: validateJarFile(/cs/fs/home/mkctammi/ohtuprog/kurki13/target/kurki13-1.0-SNAPSHOT/WEB-INF/lib/servlet-api-2.3.jar) - jar not loaded. See Servlet Spec 2.3, section 9.7.2. Offending class: javax/servlet/Servlet.class
syys 10, 2013 2:07:46 IP. org.apache.catalina.util.LifecycleBase start
INFO: The start() method was called on component [StandardEngine[Catalina].StandardHost[localhost].StandardContext[/kurki13]] after start() had already been called. The second call will be ignored.
syys 10, 2013 2:08:40 IP. org.apache.catalina.loader.WebappClassLoader validateJarFile
INFO: validateJarFile(/cs/fs/home/mkctammi/ohtuprog/kurki13/target/kurki13-1.0-SNAPSHOT/WEB-INF/lib/servlet-api-2.3.jar) - jar not loaded. See Servlet Spec 2.3, section 9.7.2. Offending class: javax/servlet/Servlet.class
syys 10, 2013 2:08:40 IP. org.apache.catalina.startup.HostConfig checkResources
INFO: Reloading context [/kurki13]
syys 10, 2013 2:08:40 IP. org.apache.catalina.core.StandardContext reload
INFO: Reloading Context with name [/kurki13] has started
syys 10, 2013 2:08:41 IP. org.apache.catalina.loader.WebappClassLoader validateJarFile
INFO: validateJarFile(/cs/fs/home/mkctammi/ohtuprog/kurki13/target/kurki13-1.0-SNAPSHOT/WEB-INF/lib/servlet-api-2.3.jar) - jar not loaded. See Servlet Spec 2.3, section 9.7.2. Offending class: javax/servlet/Servlet.class
syys 10, 2013 2:08:41 IP. org.apache.catalina.core.StandardContext reload
INFO: Reloading Context with name [/kurki13] is completed
syys 10, 2013 2:09:16 IP. org.apache.catalina.loader.WebappClassLoader validateJarFile
INFO: validateJarFile(/cs/fs/home/mkctammi/ohtuprog/kurki13/target/kurki13-1.0-SNAPSHOT/WEB-INF/lib/servlet-api-2.3.jar) - jar not loaded. See Servlet Spec 2.3, section 9.7.2. Offending class: javax/servlet/Servlet.class
syys 10, 2013 2:09:21 IP. org.apache.catalina.startup.HostConfig checkResources
INFO: Reloading context [/kurki13]
syys 10, 2013 2:09:21 IP. org.apache.catalina.core.StandardContext reload
INFO: Reloading Context with name [/kurki13] has started
syys 10, 2013 2:09:22 IP. org.apache.catalina.loader.WebappClassLoader validateJarFile
INFO: validateJarFile(/cs/fs/home/mkctammi/ohtuprog/kurki13/target/kurki13-1.0-SNAPSHOT/WEB-INF/lib/servlet-api-2.3.jar) - jar not loaded. See Servlet Spec 2.3, section 9.7.2. Offending class: javax/servlet/Servlet.class
syys 10, 2013 2:09:22 IP. org.apache.catalina.core.StandardContext reload
INFO: Reloading Context with name [/kurki13] is completed
syys 10, 2013 2:10:09 IP. org.apache.catalina.loader.WebappClassLoader validateJarFile
INFO: validateJarFile(/cs/fs/home/mkctammi/ohtuprog/kurki13/target/kurki13-1.0-SNAPSHOT/WEB-INF/lib/servlet-api-2.3.jar) - jar not loaded. See Servlet Spec 2.3, section 9.7.2. Offending class: javax/servlet/Servlet.class
syys 10, 2013 2:10:48 IP. org.apache.catalina.startup.HostConfig deleteRedeployResources
INFO: Undeploying context [/kurki13]
syys 10, 2013 2:10:49 IP. org.apache.catalina.startup.HostConfig deployDescriptor
INFO: Deploying configuration descriptor /cs/fs/home/mkctammi/apache-tomcat-7.0.42/conf/Catalina/localhost/kurki13.xml
syys 10, 2013 2:10:49 IP. org.apache.catalina.loader.WebappClassLoader validateJarFile
INFO: validateJarFile(/cs/fs/home/mkctammi/ohtuprog/kurki13/target/kurki13-1.0-SNAPSHOT/WEB-INF/lib/servlet-api-2.3.jar) - jar not loaded. See Servlet Spec 2.3, section 9.7.2. Offending class: javax/servlet/Servlet.class
syys 10, 2013 2:10:49 IP. org.apache.catalina.util.LifecycleBase start
INFO: The start() method was called on component [StandardEngine[Catalina].StandardHost[localhost].StandardContext[/kurki13]] after start() had already been called. The second call will be ignored.
syys 10, 2013 2:11:52 IP. org.apache.catalina.startup.HostConfig deleteRedeployResources
INFO: Undeploying context [/kurki13]
syys 10, 2013 2:11:52 IP. org.apache.catalina.startup.HostConfig deployDescriptor
INFO: Deploying configuration descriptor /cs/fs/home/mkctammi/apache-tomcat-7.0.42/conf/Catalina/localhost/kurki13.xml
syys 10, 2013 2:11:52 IP. org.apache.catalina.loader.WebappClassLoader validateJarFile
INFO: validateJarFile(/cs/fs/home/mkctammi/ohtuprog/kurki13/target/kurki13-1.0-SNAPSHOT/WEB-INF/lib/servlet-api-2.3.jar) - jar not loaded. See Servlet Spec 2.3, section 9.7.2. Offending class: javax/servlet/Servlet.class
syys 10, 2013 2:11:53 IP. org.apache.catalina.util.LifecycleBase start
INFO: The start() method was called on component [StandardEngine[Catalina].StandardHost[localhost].StandardContext[/kurki13]] after start() had already been called. The second call will be ignored.
syys 10, 2013 2:18:10 IP. org.apache.catalina.loader.WebappClassLoader validateJarFile
INFO: validateJarFile(/cs/fs/home/mkctammi/ohtuprog/kurki13/target/kurki13-1.0-SNAPSHOT/WEB-INF/lib/servlet-api-2.3.jar) - jar not loaded. See Servlet Spec 2.3, section 9.7.2. Offending class: javax/servlet/Servlet.class
syys 10, 2013 2:18:12 IP. org.apache.catalina.startup.HostConfig checkResources
INFO: Reloading context [/kurki13]
syys 10, 2013 2:18:12 IP. org.apache.catalina.core.StandardContext reload
INFO: Reloading Context with name [/kurki13] has started
syys 10, 2013 2:18:12 IP. org.apache.catalina.loader.WebappClassLoader validateJarFile
INFO: validateJarFile(/cs/fs/home/mkctammi/ohtuprog/kurki13/target/kurki13-1.0-SNAPSHOT/WEB-INF/lib/servlet-api-2.3.jar) - jar not loaded. See Servlet Spec 2.3, section 9.7.2. Offending class: javax/servlet/Servlet.class
syys 10, 2013 2:18:13 IP. org.apache.catalina.core.StandardContext reload
INFO: Reloading Context with name [/kurki13] is completed
syys 10, 2013 2:18:20 IP. org.apache.catalina.loader.WebappClassLoader validateJarFile
INFO: validateJarFile(/cs/fs/home/mkctammi/ohtuprog/kurki13/target/kurki13-1.0-SNAPSHOT/WEB-INF/lib/servlet-api-2.3.jar) - jar not loaded. See Servlet Spec 2.3, section 9.7.2. Offending class: javax/servlet/Servlet.class
syys 10, 2013 2:18:23 IP. org.apache.catalina.startup.HostConfig checkResources
INFO: Reloading context [/kurki13]
syys 10, 2013 2:18:23 IP. org.apache.catalina.core.StandardContext reload
INFO: Reloading Context with name [/kurki13] has started
syys 10, 2013 2:18:23 IP. org.apache.catalina.loader.WebappClassLoader validateJarFile
INFO: validateJarFile(/cs/fs/home/mkctammi/ohtuprog/kurki13/target/kurki13-1.0-SNAPSHOT/WEB-INF/lib/servlet-api-2.3.jar) - jar not loaded. See Servlet Spec 2.3, section 9.7.2. Offending class: javax/servlet/Servlet.class
syys 10, 2013 2:18:23 IP. org.apache.catalina.core.StandardContext reload
INFO: Reloading Context with name [/kurki13] is completed
syys 10, 2013 2:18:24 IP. org.apache.catalina.loader.WebappClassLoader validateJarFile
INFO: validateJarFile(/cs/fs/home/mkctammi/ohtuprog/kurki13/target/kurki13-1.0-SNAPSHOT/WEB-INF/lib/servlet-api-2.3.jar) - jar not loaded. See Servlet Spec 2.3, section 9.7.2. Offending class: javax/servlet/Servlet.class
syys 10, 2013 2:18:49 IP. org.apache.catalina.startup.HostConfig deleteRedeployResources
INFO: Undeploying context [/kurki13]
syys 10, 2013 2:18:49 IP. org.apache.catalina.startup.HostConfig deployDescriptor
INFO: Deploying configuration descriptor /cs/fs/home/mkctammi/apache-tomcat-7.0.42/conf/Catalina/localhost/kurki13.xml
syys 10, 2013 2:18:49 IP. org.apache.catalina.loader.WebappClassLoader validateJarFile
INFO: validateJarFile(/cs/fs/home/mkctammi/ohtuprog/kurki13/target/kurki13-1.0-SNAPSHOT/WEB-INF/lib/servlet-api-2.3.jar) - jar not loaded. See Servlet Spec 2.3, section 9.7.2. Offending class: javax/servlet/Servlet.class
syys 10, 2013 2:18:50 IP. org.apache.catalina.util.LifecycleBase start
INFO: The start() method was called on component [StandardEngine[Catalina].StandardHost[localhost].StandardContext[/kurki13]] after start() had already been called. The second call will be ignored.
syys 10, 2013 2:21:00 IP. org.apache.catalina.loader.WebappClassLoader validateJarFile
INFO: validateJarFile(/cs/fs/home/mkctammi/ohtuprog/kurki13/target/kurki13-1.0-SNAPSHOT/WEB-INF/lib/servlet-api-2.3.jar) - jar not loaded. See Servlet Spec 2.3, section 9.7.2. Offending class: javax/servlet/Servlet.class
syys 10, 2013 2:21:04 IP. org.apache.catalina.startup.HostConfig checkResources
INFO: Reloading context [/kurki13]
syys 10, 2013 2:21:04 IP. org.apache.catalina.core.StandardContext reload
INFO: Reloading Context with name [/kurki13] has started
syys 10, 2013 2:21:04 IP. org.apache.catalina.loader.WebappClassLoader validateJarFile
INFO: validateJarFile(/cs/fs/home/mkctammi/ohtuprog/kurki13/target/kurki13-1.0-SNAPSHOT/WEB-INF/lib/servlet-api-2.3.jar) - jar not loaded. See Servlet Spec 2.3, section 9.7.2. Offending class: javax/servlet/Servlet.class
syys 10, 2013 2:21:04 IP. org.apache.catalina.core.StandardContext reload
INFO: Reloading Context with name [/kurki13] is completed
syys 10, 2013 2:23:07 IP. org.apache.catalina.loader.WebappClassLoader validateJarFile
INFO: validateJarFile(/cs/fs/home/mkctammi/ohtuprog/kurki13/target/kurki13-1.0-SNAPSHOT/WEB-INF/lib/servlet-api-2.3.jar) - jar not loaded. See Servlet Spec 2.3, section 9.7.2. Offending class: javax/servlet/Servlet.class
syys 10, 2013 2:23:22 IP. org.apache.catalina.startup.HostConfig deleteRedeployResources
INFO: Undeploying context [/kurki13]
syys 10, 2013 2:23:22 IP. org.apache.catalina.startup.HostConfig deployDescriptor
INFO: Deploying configuration descriptor /cs/fs/home/mkctammi/apache-tomcat-7.0.42/conf/Catalina/localhost/kurki13.xml
syys 10, 2013 2:23:22 IP. org.apache.catalina.loader.WebappClassLoader validateJarFile
INFO: validateJarFile(/cs/fs/home/mkctammi/ohtuprog/kurki13/target/kurki13-1.0-SNAPSHOT/WEB-INF/lib/servlet-api-2.3.jar) - jar not loaded. See Servlet Spec 2.3, section 9.7.2. Offending class: javax/servlet/Servlet.class
syys 10, 2013 2:23:22 IP. org.apache.catalina.util.LifecycleBase start
INFO: The start() method was called on component [StandardEngine[Catalina].StandardHost[localhost].StandardContext[/kurki13]] after start() had already been called. The second call will be ignored.
syys 10, 2013 2:24:26 IP. org.apache.catalina.startup.HostConfig deleteRedeployResources
INFO: Undeploying context [/kurki13]
syys 10, 2013 2:24:26 IP. org.apache.catalina.startup.HostConfig deployDescriptor
INFO: Deploying configuration descriptor /cs/fs/home/mkctammi/apache-tomcat-7.0.42/conf/Catalina/localhost/kurki13.xml
syys 10, 2013 2:24:26 IP. org.apache.catalina.loader.WebappClassLoader validateJarFile
INFO: validateJarFile(/cs/fs/home/mkctammi/ohtuprog/kurki13/target/kurki13-1.0-SNAPSHOT/WEB-INF/lib/servlet-api-2.3.jar) - jar not loaded. See Servlet Spec 2.3, section 9.7.2. Offending class: javax/servlet/Servlet.class
syys 10, 2013 2:24:26 IP. org.apache.catalina.util.LifecycleBase start
INFO: The start() method was called on component [StandardEngine[Catalina].StandardHost[localhost].StandardContext[/kurki13]] after start() had already been called. The second call will be ignored.
syys 10, 2013 2:25:17 IP. org.apache.catalina.loader.WebappClassLoader validateJarFile
INFO: validateJarFile(/cs/fs/home/mkctammi/ohtuprog/kurki13/target/kurki13-1.0-SNAPSHOT/WEB-INF/lib/servlet-api-2.3.jar) - jar not loaded. See Servlet Spec 2.3, section 9.7.2. Offending class: javax/servlet/Servlet.class
syys 10, 2013 2:25:24 IP. org.apache.catalina.startup.HostConfig checkResources
INFO: Reloading context [/kurki13]
syys 10, 2013 2:25:24 IP. org.apache.catalina.core.StandardContext reload
INFO: Reloading Context with name [/kurki13] has started
syys 10, 2013 2:25:25 IP. org.apache.catalina.loader.WebappClassLoader validateJarFile
INFO: validateJarFile(/cs/fs/home/mkctammi/ohtuprog/kurki13/target/kurki13-1.0-SNAPSHOT/WEB-INF/lib/servlet-api-2.3.jar) - jar not loaded. See Servlet Spec 2.3, section 9.7.2. Offending class: javax/servlet/Servlet.class
syys 10, 2013 2:25:25 IP. org.apache.catalina.core.StandardContext reload
INFO: Reloading Context with name [/kurki13] is completed
syys 10, 2013 2:25:26 IP. org.apache.catalina.startup.HostConfig deleteRedeployResources
INFO: Undeploying context [/kurki13]
syys 10, 2013 2:25:26 IP. org.apache.catalina.startup.HostConfig deployDescriptor
INFO: Deploying configuration descriptor /cs/fs/home/mkctammi/apache-tomcat-7.0.42/conf/Catalina/localhost/kurki13.xml
syys 10, 2013 2:25:26 IP. org.apache.catalina.loader.WebappClassLoader validateJarFile
INFO: validateJarFile(/cs/fs/home/mkctammi/ohtuprog/kurki13/target/kurki13-1.0-SNAPSHOT/WEB-INF/lib/servlet-api-2.3.jar) - jar not loaded. See Servlet Spec 2.3, section 9.7.2. Offending class: javax/servlet/Servlet.class
syys 10, 2013 2:25:26 IP. org.apache.catalina.util.LifecycleBase start
INFO: The start() method was called on component [StandardEngine[Catalina].StandardHost[localhost].StandardContext[/kurki13]] after start() had already been called. The second call will be ignored.
syys 10, 2013 2:25:27 IP. org.apache.velocity.runtime.log.CommonsLogLogChute log
SEVERE: ResourceManager : unable to find resource 'hello.vm' in any resource loader.
syys 10, 2013 2:25:39 IP. org.apache.catalina.loader.WebappClassLoader validateJarFile
INFO: validateJarFile(/cs/fs/home/mkctammi/ohtuprog/kurki13/target/kurki13-1.0-SNAPSHOT/WEB-INF/lib/servlet-api-2.3.jar) - jar not loaded. See Servlet Spec 2.3, section 9.7.2. Offending class: javax/servlet/Servlet.class
syys 10, 2013 2:25:45 IP. org.apache.catalina.startup.HostConfig checkResources
INFO: Reloading context [/kurki13]
syys 10, 2013 2:25:45 IP. org.apache.catalina.core.StandardContext reload
INFO: Reloading Context with name [/kurki13] has started
syys 10, 2013 2:25:46 IP. org.apache.catalina.loader.WebappClassLoader validateJarFile
INFO: validateJarFile(/cs/fs/home/mkctammi/ohtuprog/kurki13/target/kurki13-1.0-SNAPSHOT/WEB-INF/lib/servlet-api-2.3.jar) - jar not loaded. See Servlet Spec 2.3, section 9.7.2. Offending class: javax/servlet/Servlet.class
syys 10, 2013 2:25:46 IP. org.apache.catalina.core.StandardContext reload
INFO: Reloading Context with name [/kurki13] is completed
syys 10, 2013 2:26:02 IP. org.apache.catalina.startup.HostConfig deleteRedeployResources
INFO: Undeploying context [/kurki13]
syys 10, 2013 2:26:02 IP. org.apache.catalina.startup.HostConfig deployDescriptor
INFO: Deploying configuration descriptor /cs/fs/home/mkctammi/apache-tomcat-7.0.42/conf/Catalina/localhost/kurki13.xml
syys 10, 2013 2:26:02 IP. org.apache.catalina.loader.WebappClassLoader validateJarFile
INFO: validateJarFile(/cs/fs/home/mkctammi/ohtuprog/kurki13/target/kurki13-1.0-SNAPSHOT/WEB-INF/lib/servlet-api-2.3.jar) - jar not loaded. See Servlet Spec 2.3, section 9.7.2. Offending class: javax/servlet/Servlet.class
syys 10, 2013 2:26:03 IP. org.apache.catalina.util.LifecycleBase start
INFO: The start() method was called on component [StandardEngine[Catalina].StandardHost[localhost].StandardContext[/kurki13]] after start() had already been called. The second call will be ignored.
syys 10, 2013 2:26:40 IP. org.apache.catalina.core.StandardContext reload
INFO: Reloading Context with name [/kurki13] has started
syys 10, 2013 2:26:41 IP. org.apache.catalina.loader.WebappClassLoader validateJarFile
INFO: validateJarFile(/cs/fs/home/mkctammi/ohtuprog/kurki13/target/kurki13-1.0-SNAPSHOT/WEB-INF/lib/servlet-api-2.3.jar) - jar not loaded. See Servlet Spec 2.3, section 9.7.2. Offending class: javax/servlet/Servlet.class
syys 10, 2013 2:26:41 IP. org.apache.catalina.core.StandardContext reload
INFO: Reloading Context with name [/kurki13] is completed
syys 10, 2013 2:26:41 IP. org.apache.catalina.core.StandardContext reload
INFO: Reloading Context with name [/kurki13] has started
syys 10, 2013 2:26:41 IP. org.apache.catalina.loader.WebappClassLoader validateJarFile
INFO: validateJarFile(/cs/fs/home/mkctammi/ohtuprog/kurki13/target/kurki13-1.0-SNAPSHOT/WEB-INF/lib/servlet-api-2.3.jar) - jar not loaded. See Servlet Spec 2.3, section 9.7.2. Offending class: javax/servlet/Servlet.class
syys 10, 2013 2:26:42 IP. org.apache.catalina.core.StandardContext reload
INFO: Reloading Context with name [/kurki13] is completed
syys 10, 2013 2:27:02 IP. org.apache.catalina.core.StandardContext reload
INFO: Reloading Context with name [/kurki13] has started
syys 10, 2013 2:27:02 IP. org.apache.catalina.loader.WebappClassLoader validateJarFile
INFO: validateJarFile(/cs/fs/home/mkctammi/ohtuprog/kurki13/target/kurki13-1.0-SNAPSHOT/WEB-INF/lib/servlet-api-2.3.jar) - jar not loaded. See Servlet Spec 2.3, section 9.7.2. Offending class: javax/servlet/Servlet.class
syys 10, 2013 2:27:02 IP. org.apache.catalina.core.StandardContext reload
INFO: Reloading Context with name [/kurki13] is completed
syys 10, 2013 2:27:22 IP. org.apache.catalina.loader.WebappClassLoader validateJarFile
INFO: validateJarFile(/cs/fs/home/mkctammi/ohtuprog/kurki13/target/kurki13-1.0-SNAPSHOT/WEB-INF/lib/servlet-api-2.3.jar) - jar not loaded. See Servlet Spec 2.3, section 9.7.2. Offending class: javax/servlet/Servlet.class
syys 10, 2013 2:27:34 IP. org.apache.catalina.startup.HostConfig deleteRedeployResources
INFO: Undeploying context [/kurki13]
syys 10, 2013 2:27:34 IP. org.apache.catalina.startup.HostConfig deployDescriptor
INFO: Deploying configuration descriptor /cs/fs/home/mkctammi/apache-tomcat-7.0.42/conf/Catalina/localhost/kurki13.xml
syys 10, 2013 2:27:34 IP. org.apache.catalina.loader.WebappClassLoader validateJarFile
INFO: validateJarFile(/cs/fs/home/mkctammi/ohtuprog/kurki13/target/kurki13-1.0-SNAPSHOT/WEB-INF/lib/servlet-api-2.3.jar) - jar not loaded. See Servlet Spec 2.3, section 9.7.2. Offending class: javax/servlet/Servlet.class
syys 10, 2013 2:27:34 IP. org.apache.catalina.util.LifecycleBase start
INFO: The start() method was called on component [StandardEngine[Catalina].StandardHost[localhost].StandardContext[/kurki13]] after start() had already been called. The second call will be ignored.
syys 10, 2013 2:27:52 IP. org.apache.catalina.startup.HostConfig deleteRedeployResources
INFO: Undeploying context [/kurki13]
syys 10, 2013 2:27:52 IP. org.apache.catalina.startup.HostConfig deployDescriptor
INFO: Deploying configuration descriptor /cs/fs/home/mkctammi/apache-tomcat-7.0.42/conf/Catalina/localhost/kurki13.xml
syys 10, 2013 2:27:52 IP. org.apache.catalina.loader.WebappClassLoader validateJarFile
INFO: validateJarFile(/cs/fs/home/mkctammi/ohtuprog/kurki13/target/kurki13-1.0-SNAPSHOT/WEB-INF/lib/servlet-api-2.3.jar) - jar not loaded. See Servlet Spec 2.3, section 9.7.2. Offending class: javax/servlet/Servlet.class
syys 10, 2013 2:27:53 IP. org.apache.catalina.util.LifecycleBase start
INFO: The start() method was called on component [StandardEngine[Catalina].StandardHost[localhost].StandardContext[/kurki13]] after start() had already been called. The second call will be ignored.
syys 10, 2013 2:29:31 IP. org.apache.catalina.loader.WebappClassLoader validateJarFile
INFO: validateJarFile(/cs/fs/home/mkctammi/ohtuprog/kurki13/target/kurki13-1.0-SNAPSHOT/WEB-INF/lib/servlet-api-2.3.jar) - jar not loaded. See Servlet Spec 2.3, section 9.7.2. Offending class: javax/servlet/Servlet.class
syys 10, 2013 2:29:50 IP. org.apache.catalina.startup.HostConfig deleteRedeployResources
INFO: Undeploying context [/kurki13]
syys 10, 2013 2:29:50 IP. org.apache.catalina.startup.HostConfig deployDescriptor
INFO: Deploying configuration descriptor /cs/fs/home/mkctammi/apache-tomcat-7.0.42/conf/Catalina/localhost/kurki13.xml
syys 10, 2013 2:29:50 IP. org.apache.catalina.loader.WebappClassLoader validateJarFile
INFO: validateJarFile(/cs/fs/home/mkctammi/ohtuprog/kurki13/target/kurki13-1.0-SNAPSHOT/WEB-INF/lib/servlet-api-2.3.jar) - jar not loaded. See Servlet Spec 2.3, section 9.7.2. Offending class: javax/servlet/Servlet.class
syys 10, 2013 2:29:50 IP. org.apache.catalina.util.LifecycleBase start
INFO: The start() method was called on component [StandardEngine[Catalina].StandardHost[localhost].StandardContext[/kurki13]] after start() had already been called. The second call will be ignored.
syys 10, 2013 2:30:02 IP. org.apache.catalina.startup.HostConfig deleteRedeployResources
INFO: Undeploying context [/kurki13]
syys 10, 2013 2:30:02 IP. org.apache.catalina.startup.HostConfig deployDescriptor
INFO: Deploying configuration descriptor /cs/fs/home/mkctammi/apache-tomcat-7.0.42/conf/Catalina/localhost/kurki13.xml
syys 10, 2013 2:30:03 IP. org.apache.catalina.loader.WebappClassLoader validateJarFile
INFO: validateJarFile(/cs/fs/home/mkctammi/ohtuprog/kurki13/target/kurki13-1.0-SNAPSHOT/WEB-INF/lib/servlet-api-2.3.jar) - jar not loaded. See Servlet Spec 2.3, section 9.7.2. Offending class: javax/servlet/Servlet.class
syys 10, 2013 2:30:03 IP. org.apache.catalina.util.LifecycleBase start
INFO: The start() method was called on component [StandardEngine[Catalina].StandardHost[localhost].StandardContext[/kurki13]] after start() had already been called. The second call will be ignored.
syys 10, 2013 2:30:46 IP. org.apache.catalina.startup.HostConfig checkResources
INFO: Reloading context [/kurki13]
syys 10, 2013 2:30:47 IP. org.apache.catalina.loader.WebappClassLoader validateJarFile
INFO: validateJarFile(/cs/fs/home/mkctammi/ohtuprog/kurki13/target/kurki13-1.0-SNAPSHOT/WEB-INF/lib/servlet-api-2.3.jar) - jar not loaded. See Servlet Spec 2.3, section 9.7.2. Offending class: javax/servlet/Servlet.class
syys 10, 2013 2:30:47 IP. org.apache.catalina.util.LifecycleBase start
INFO: The start() method was called on component [StandardEngine[Catalina].StandardHost[localhost].StandardContext[/kurki13]] after start() had already been called. The second call will be ignored.
syys 10, 2013 2:31:08 IP. org.apache.catalina.startup.HostConfig deleteRedeployResources
INFO: Undeploying context [/kurki13]
syys 10, 2013 2:31:08 IP. org.apache.catalina.startup.HostConfig deployDescriptor
INFO: Deploying configuration descriptor /cs/fs/home/mkctammi/apache-tomcat-7.0.42/conf/Catalina/localhost/kurki13.xml
syys 10, 2013 2:31:08 IP. org.apache.catalina.loader.WebappClassLoader validateJarFile
INFO: validateJarFile(/cs/fs/home/mkctammi/ohtuprog/kurki13/target/kurki13-1.0-SNAPSHOT/WEB-INF/lib/servlet-api-2.3.jar) - jar not loaded. See Servlet Spec 2.3, section 9.7.2. Offending class: javax/servlet/Servlet.class
syys 10, 2013 2:31:08 IP. org.apache.catalina.util.LifecycleBase start
INFO: The start() method was called on component [StandardEngine[Catalina].StandardHost[localhost].StandardContext[/kurki13]] after start() had already been called. The second call will be ignored.
syys 10, 2013 2:31:16 IP. org.apache.catalina.core.StandardContext reload
INFO: Reloading Context with name [/kurki13] has started
syys 10, 2013 2:31:17 IP. org.apache.catalina.loader.WebappClassLoader validateJarFile
INFO: validateJarFile(/cs/fs/home/mkctammi/ohtuprog/kurki13/target/kurki13-1.0-SNAPSHOT/WEB-INF/lib/servlet-api-2.3.jar) - jar not loaded. See Servlet Spec 2.3, section 9.7.2. Offending class: javax/servlet/Servlet.class
syys 10, 2013 2:31:17 IP. org.apache.catalina.core.StandardContext reload
INFO: Reloading Context with name [/kurki13] is completed
syys 10, 2013 2:38:07 IP. org.apache.catalina.core.StandardContext reload
INFO: Reloading Context with name [/kurki13] has started
syys 10, 2013 2:38:08 IP. org.apache.catalina.loader.WebappClassLoader validateJarFile
INFO: validateJarFile(/cs/fs/home/mkctammi/ohtuprog/kurki13/target/kurki13-1.0-SNAPSHOT/WEB-INF/lib/servlet-api-2.3.jar) - jar not loaded. See Servlet Spec 2.3, section 9.7.2. Offending class: javax/servlet/Servlet.class
syys 10, 2013 2:38:08 IP. org.apache.catalina.core.StandardContext reload
INFO: Reloading Context with name [/kurki13] is completed
syys 10, 2013 2:39:56 IP. org.apache.catalina.core.StandardContext reload
INFO: Reloading Context with name [/kurki13] has started
syys 10, 2013 2:39:57 IP. org.apache.catalina.loader.WebappClassLoader validateJarFile
INFO: validateJarFile(/cs/fs/home/mkctammi/ohtuprog/kurki13/target/kurki13-1.0-SNAPSHOT/WEB-INF/lib/servlet-api-2.3.jar) - jar not loaded. See Servlet Spec 2.3, section 9.7.2. Offending class: javax/servlet/Servlet.class
syys 10, 2013 2:39:57 IP. org.apache.catalina.core.StandardContext reload
INFO: Reloading Context with name [/kurki13] is completed
syys 10, 2013 2:40:09 IP. org.apache.catalina.startup.HostConfig deleteRedeployResources
INFO: Undeploying context [/kurki13]
syys 10, 2013 2:40:09 IP. org.apache.catalina.startup.HostConfig deployDescriptor
INFO: Deploying configuration descriptor /cs/fs/home/mkctammi/apache-tomcat-7.0.42/conf/Catalina/localhost/kurki13.xml
syys 10, 2013 2:40:09 IP. org.apache.catalina.loader.WebappClassLoader validateJarFile
INFO: validateJarFile(/cs/fs/home/mkctammi/ohtuprog/kurki13/target/kurki13-1.0-SNAPSHOT/WEB-INF/lib/servlet-api-2.3.jar) - jar not loaded. See Servlet Spec 2.3, section 9.7.2. Offending class: javax/servlet/Servlet.class
syys 10, 2013 2:40:09 IP. org.apache.catalina.util.LifecycleBase start
INFO: The start() method was called on component [StandardEngine[Catalina].StandardHost[localhost].StandardContext[/kurki13]] after start() had already been called. The second call will be ignored.
syys 10, 2013 2:47:14 IP. org.apache.catalina.core.StandardContext reload
INFO: Reloading Context with name [/kurki13] has started
syys 10, 2013 2:47:14 IP. org.apache.catalina.loader.WebappClassLoader validateJarFile
INFO: validateJarFile(/cs/fs/home/mkctammi/ohtuprog/kurki13/target/kurki13-1.0-SNAPSHOT/WEB-INF/lib/servlet-api-2.3.jar) - jar not loaded. See Servlet Spec 2.3, section 9.7.2. Offending class: javax/servlet/Servlet.class
syys 10, 2013 2:47:15 IP. org.apache.catalina.core.StandardContext reload
INFO: Reloading Context with name [/kurki13] is completed
syys 10, 2013 2:47:23 IP. org.apache.catalina.startup.HostConfig deleteRedeployResources
INFO: Undeploying context [/kurki13]
syys 10, 2013 2:47:23 IP. org.apache.catalina.startup.HostConfig deployDescriptor
INFO: Deploying configuration descriptor /cs/fs/home/mkctammi/apache-tomcat-7.0.42/conf/Catalina/localhost/kurki13.xml
syys 10, 2013 2:47:23 IP. org.apache.catalina.loader.WebappClassLoader validateJarFile
INFO: validateJarFile(/cs/fs/home/mkctammi/ohtuprog/kurki13/target/kurki13-1.0-SNAPSHOT/WEB-INF/lib/servlet-api-2.3.jar) - jar not loaded. See Servlet Spec 2.3, section 9.7.2. Offending class: javax/servlet/Servlet.class
syys 10, 2013 2:47:23 IP. org.apache.catalina.util.LifecycleBase start
INFO: The start() method was called on component [StandardEngine[Catalina].StandardHost[localhost].StandardContext[/kurki13]] after start() had already been called. The second call will be ignored.
syys 10, 2013 2:47:54 IP. org.apache.catalina.startup.HostConfig deleteRedeployResources
INFO: Undeploying context [/kurki13]
syys 10, 2013 2:47:54 IP. org.apache.catalina.startup.HostConfig deployDescriptor
INFO: Deploying configuration descriptor /cs/fs/home/mkctammi/apache-tomcat-7.0.42/conf/Catalina/localhost/kurki13.xml
syys 10, 2013 2:47:54 IP. org.apache.catalina.loader.WebappClassLoader validateJarFile
INFO: validateJarFile(/cs/fs/home/mkctammi/ohtuprog/kurki13/target/kurki13-1.0-SNAPSHOT/WEB-INF/lib/servlet-api-2.3.jar) - jar not loaded. See Servlet Spec 2.3, section 9.7.2. Offending class: javax/servlet/Servlet.class
syys 10, 2013 2:47:55 IP. org.apache.catalina.util.LifecycleBase start
INFO: The start() method was called on component [StandardEngine[Catalina].StandardHost[localhost].StandardContext[/kurki13]] after start() had already been called. The second call will be ignored.
syys 10, 2013 2:49:50 IP. org.apache.catalina.core.StandardContext reload
INFO: Reloading Context with name [/kurki13] has started
syys 10, 2013 2:49:51 IP. org.apache.catalina.loader.WebappClassLoader validateJarFile
INFO: validateJarFile(/cs/fs/home/mkctammi/ohtuprog/kurki13/target/kurki13-1.0-SNAPSHOT/WEB-INF/lib/servlet-api-2.3.jar) - jar not loaded. See Servlet Spec 2.3, section 9.7.2. Offending class: javax/servlet/Servlet.class
syys 10, 2013 2:49:51 IP. org.apache.catalina.core.StandardContext reload
INFO: Reloading Context with name [/kurki13] is completed
syys 10, 2013 2:50:22 IP. org.apache.catalina.startup.HostConfig deleteRedeployResources
INFO: Undeploying context [/kurki13]
syys 10, 2013 2:50:22 IP. org.apache.catalina.startup.HostConfig deployDescriptor
INFO: Deploying configuration descriptor /cs/fs/home/mkctammi/apache-tomcat-7.0.42/conf/Catalina/localhost/kurki13.xml
syys 10, 2013 2:50:22 IP. org.apache.catalina.loader.WebappClassLoader validateJarFile
INFO: validateJarFile(/cs/fs/home/mkctammi/ohtuprog/kurki13/target/kurki13-1.0-SNAPSHOT/WEB-INF/lib/servlet-api-2.3.jar) - jar not loaded. See Servlet Spec 2.3, section 9.7.2. Offending class: javax/servlet/Servlet.class
syys 10, 2013 2:50:22 IP. org.apache.catalina.util.LifecycleBase start
INFO: The start() method was called on component [StandardEngine[Catalina].StandardHost[localhost].StandardContext[/kurki13]] after start() had already been called. The second call will be ignored.
syys 10, 2013 2:50:45 IP. org.apache.catalina.startup.HostConfig deleteRedeployResources
INFO: Undeploying context [/kurki13]
syys 10, 2013 2:50:45 IP. org.apache.catalina.startup.HostConfig deployDescriptor
INFO: Deploying configuration descriptor /cs/fs/home/mkctammi/apache-tomcat-7.0.42/conf/Catalina/localhost/kurki13.xml
syys 10, 2013 2:50:45 IP. org.apache.catalina.loader.WebappClassLoader validateJarFile
INFO: validateJarFile(/cs/fs/home/mkctammi/ohtuprog/kurki13/target/kurki13-1.0-SNAPSHOT/WEB-INF/lib/servlet-api-2.3.jar) - jar not loaded. See Servlet Spec 2.3, section 9.7.2. Offending class: javax/servlet/Servlet.class
syys 10, 2013 2:50:45 IP. org.apache.catalina.util.LifecycleBase start
INFO: The start() method was called on component [StandardEngine[Catalina].StandardHost[localhost].StandardContext[/kurki13]] after start() had already been called. The second call will be ignored.
syys 10, 2013 2:51:35 IP. org.apache.catalina.startup.HostConfig deleteRedeployResources
INFO: Undeploying context [/kurki13]
syys 10, 2013 2:51:35 IP. org.apache.catalina.startup.HostConfig deployDescriptor
INFO: Deploying configuration descriptor /cs/fs/home/mkctammi/apache-tomcat-7.0.42/conf/Catalina/localhost/kurki13.xml
syys 10, 2013 2:51:35 IP. org.apache.catalina.loader.WebappClassLoader validateJarFile
INFO: validateJarFile(/cs/fs/home/mkctammi/ohtuprog/kurki13/target/kurki13-1.0-SNAPSHOT/WEB-INF/lib/servlet-api-2.3.jar) - jar not loaded. See Servlet Spec 2.3, section 9.7.2. Offending class: javax/servlet/Servlet.class
syys 10, 2013 2:51:36 IP. org.apache.catalina.util.LifecycleBase start
INFO: The start() method was called on component [StandardEngine[Catalina].StandardHost[localhost].StandardContext[/kurki13]] after start() had already been called. The second call will be ignored.
syys 10, 2013 2:51:49 IP. org.apache.catalina.core.StandardContext reload
INFO: Reloading Context with name [/kurki13] has started
syys 10, 2013 2:51:49 IP. org.apache.catalina.loader.WebappClassLoader validateJarFile
INFO: validateJarFile(/cs/fs/home/mkctammi/ohtuprog/kurki13/target/kurki13-1.0-SNAPSHOT/WEB-INF/lib/servlet-api-2.3.jar) - jar not loaded. See Servlet Spec 2.3, section 9.7.2. Offending class: javax/servlet/Servlet.class
syys 10, 2013 2:51:49 IP. org.apache.catalina.core.StandardContext reload
INFO: Reloading Context with name [/kurki13] is completed
syys 10, 2013 2:53:45 IP. org.apache.catalina.core.StandardContext reload
INFO: Reloading Context with name [/kurki13] has started
syys 10, 2013 2:53:46 IP. org.apache.catalina.loader.WebappClassLoader validateJarFile
INFO: validateJarFile(/cs/fs/home/mkctammi/ohtuprog/kurki13/target/kurki13-1.0-SNAPSHOT/WEB-INF/lib/servlet-api-2.3.jar) - jar not loaded. See Servlet Spec 2.3, section 9.7.2. Offending class: javax/servlet/Servlet.class
syys 10, 2013 2:53:46 IP. org.apache.catalina.core.StandardContext reload
INFO: Reloading Context with name [/kurki13] is completed
syys 10, 2013 2:53:55 IP. org.apache.catalina.startup.HostConfig deleteRedeployResources
INFO: Undeploying context [/kurki13]
syys 10, 2013 2:53:55 IP. org.apache.catalina.startup.HostConfig deployDescriptor
INFO: Deploying configuration descriptor /cs/fs/home/mkctammi/apache-tomcat-7.0.42/conf/Catalina/localhost/kurki13.xml
syys 10, 2013 2:53:55 IP. org.apache.catalina.loader.WebappClassLoader validateJarFile
INFO: validateJarFile(/cs/fs/home/mkctammi/ohtuprog/kurki13/target/kurki13-1.0-SNAPSHOT/WEB-INF/lib/servlet-api-2.3.jar) - jar not loaded. See Servlet Spec 2.3, section 9.7.2. Offending class: javax/servlet/Servlet.class
syys 10, 2013 2:53:55 IP. org.apache.catalina.util.LifecycleBase start
INFO: The start() method was called on component [StandardEngine[Catalina].StandardHost[localhost].StandardContext[/kurki13]] after start() had already been called. The second call will be ignored.
syys 10, 2013 3:58:53 IP. org.apache.catalina.core.StandardContext reload
INFO: Reloading Context with name [/kurki13] has started
syys 10, 2013 3:58:54 IP. org.apache.catalina.loader.WebappClassLoader validateJarFile
INFO: validateJarFile(/cs/fs/home/mkctammi/ohtuprog/kurki13/target/kurki13-1.0-SNAPSHOT/WEB-INF/lib/servlet-api-2.3.jar) - jar not loaded. See Servlet Spec 2.3, section 9.7.2. Offending class: javax/servlet/Servlet.class
syys 10, 2013 3:58:54 IP. org.apache.catalina.core.StandardContext reload
INFO: Reloading Context with name [/kurki13] is completed
syys 10, 2013 4:08:28 IP. org.apache.catalina.core.StandardContext reload
INFO: Reloading Context with name [/kurki13] has started
syys 10, 2013 4:08:28 IP. org.apache.catalina.loader.WebappClassLoader validateJarFile
INFO: validateJarFile(/cs/fs/home/mkctammi/ohtuprog/kurki13/target/kurki13-1.0-SNAPSHOT/WEB-INF/lib/servlet-api-2.3.jar) - jar not loaded. See Servlet Spec 2.3, section 9.7.2. Offending class: javax/servlet/Servlet.class
syys 10, 2013 4:08:28 IP. org.apache.catalina.core.StandardContext reload
INFO: Reloading Context with name [/kurki13] is completed
syys 10, 2013 4:08:28 IP. org.apache.catalina.core.StandardContext reload
INFO: Reloading Context with name [/kurki13] has started
syys 10, 2013 4:08:29 IP. org.apache.catalina.loader.WebappClassLoader validateJarFile
INFO: validateJarFile(/cs/fs/home/mkctammi/ohtuprog/kurki13/target/kurki13-1.0-SNAPSHOT/WEB-INF/lib/servlet-api-2.3.jar) - jar not loaded. See Servlet Spec 2.3, section 9.7.2. Offending class: javax/servlet/Servlet.class
syys 10, 2013 4:08:29 IP. org.apache.catalina.core.StandardContext reload
INFO: Reloading Context with name [/kurki13] is completed
syys 10, 2013 4:09:34 IP. org.apache.catalina.core.StandardContext reload
INFO: Reloading Context with name [/kurki13] has started
syys 10, 2013 4:09:35 IP. org.apache.catalina.loader.WebappClassLoader validateJarFile
INFO: validateJarFile(/cs/fs/home/mkctammi/ohtuprog/kurki13/target/kurki13-1.0-SNAPSHOT/WEB-INF/lib/servlet-api-2.3.jar) - jar not loaded. See Servlet Spec 2.3, section 9.7.2. Offending class: javax/servlet/Servlet.class
syys 10, 2013 4:09:35 IP. org.apache.catalina.core.StandardContext reload
INFO: Reloading Context with name [/kurki13] is completed
syys 10, 2013 4:09:37 IP. org.apache.catalina.core.StandardContext reload
INFO: Reloading Context with name [/kurki13] has started
syys 10, 2013 4:09:37 IP. org.apache.catalina.loader.WebappClassLoader validateJarFile
INFO: validateJarFile(/cs/fs/home/mkctammi/ohtuprog/kurki13/target/kurki13-1.0-SNAPSHOT/WEB-INF/lib/servlet-api-2.3.jar) - jar not loaded. See Servlet Spec 2.3, section 9.7.2. Offending class: javax/servlet/Servlet.class
syys 10, 2013 4:09:37 IP. org.apache.catalina.core.StandardContext reload
INFO: Reloading Context with name [/kurki13] is completed
syys 10, 2013 4:10:15 IP. org.apache.catalina.core.StandardContext reload
INFO: Reloading Context with name [/kurki13] has started
syys 10, 2013 4:10:16 IP. org.apache.catalina.loader.WebappClassLoader validateJarFile
INFO: validateJarFile(/cs/fs/home/mkctammi/ohtuprog/kurki13/target/kurki13-1.0-SNAPSHOT/WEB-INF/lib/servlet-api-2.3.jar) - jar not loaded. See Servlet Spec 2.3, section 9.7.2. Offending class: javax/servlet/Servlet.class
syys 10, 2013 4:10:16 IP. org.apache.catalina.core.StandardContext reload
INFO: Reloading Context with name [/kurki13] is completed
syys 10, 2013 4:10:28 IP. org.apache.catalina.core.StandardContext reload
INFO: Reloading Context with name [/kurki13] has started
syys 10, 2013 4:10:29 IP. org.apache.catalina.loader.WebappClassLoader validateJarFile
INFO: validateJarFile(/cs/fs/home/mkctammi/ohtuprog/kurki13/target/kurki13-1.0-SNAPSHOT/WEB-INF/lib/servlet-api-2.3.jar) - jar not loaded. See Servlet Spec 2.3, section 9.7.2. Offending class: javax/servlet/Servlet.class
syys 10, 2013 4:10:29 IP. org.apache.catalina.core.StandardContext reload
INFO: Reloading Context with name [/kurki13] is completed
syys 10, 2013 4:11:00 IP. org.apache.catalina.core.StandardContext reload
INFO: Reloading Context with name [/kurki13] has started
syys 10, 2013 4:11:01 IP. org.apache.catalina.loader.WebappClassLoader validateJarFile
INFO: validateJarFile(/cs/fs/home/mkctammi/ohtuprog/kurki13/target/kurki13-1.0-SNAPSHOT/WEB-INF/lib/servlet-api-2.3.jar) - jar not loaded. See Servlet Spec 2.3, section 9.7.2. Offending class: javax/servlet/Servlet.class
syys 10, 2013 4:11:01 IP. org.apache.catalina.core.StandardContext reload
INFO: Reloading Context with name [/kurki13] is completed
syys 10, 2013 4:11:14 IP. org.apache.catalina.core.StandardContext reload
INFO: Reloading Context with name [/kurki13] has started
syys 10, 2013 4:11:14 IP. org.apache.catalina.loader.WebappClassLoader validateJarFile
INFO: validateJarFile(/cs/fs/home/mkctammi/ohtuprog/kurki13/target/kurki13-1.0-SNAPSHOT/WEB-INF/lib/servlet-api-2.3.jar) - jar not loaded. See Servlet Spec 2.3, section 9.7.2. Offending class: javax/servlet/Servlet.class
syys 10, 2013 4:11:15 IP. org.apache.catalina.core.StandardContext reload
INFO: Reloading Context with name [/kurki13] is completed
syys 10, 2013 4:11:30 IP. org.apache.catalina.core.StandardContext reload
INFO: Reloading Context with name [/kurki13] has started
syys 10, 2013 4:11:31 IP. org.apache.catalina.loader.WebappClassLoader validateJarFile
INFO: validateJarFile(/cs/fs/home/mkctammi/ohtuprog/kurki13/target/kurki13-1.0-SNAPSHOT/WEB-INF/lib/servlet-api-2.3.jar) - jar not loaded. See Servlet Spec 2.3, section 9.7.2. Offending class: javax/servlet/Servlet.class
syys 10, 2013 4:11:31 IP. org.apache.catalina.core.StandardContext reload
INFO: Reloading Context with name [/kurki13] is completed
syys 10, 2013 4:11:36 IP. org.apache.catalina.core.StandardContext reload
INFO: Reloading Context with name [/kurki13] has started
syys 10, 2013 4:11:36 IP. org.apache.catalina.loader.WebappClassLoader validateJarFile
INFO: validateJarFile(/cs/fs/home/mkctammi/ohtuprog/kurki13/target/kurki13-1.0-SNAPSHOT/WEB-INF/lib/servlet-api-2.3.jar) - jar not loaded. See Servlet Spec 2.3, section 9.7.2. Offending class: javax/servlet/Servlet.class
syys 10, 2013 4:11:37 IP. org.apache.catalina.core.StandardContext reload
INFO: Reloading Context with name [/kurki13] is completed
syys 10, 2013 4:12:58 IP. org.apache.catalina.loader.WebappClassLoader validateJarFile
INFO: validateJarFile(/cs/fs/home/mkctammi/ohtuprog/kurki13/target/kurki13-1.0-SNAPSHOT/WEB-INF/lib/servlet-api-2.3.jar) - jar not loaded. See Servlet Spec 2.3, section 9.7.2. Offending class: javax/servlet/Servlet.class
syys 10, 2013 4:13:00 IP. org.apache.catalina.startup.HostConfig checkResources
INFO: Reloading context [/kurki13]
syys 10, 2013 4:13:00 IP. org.apache.catalina.core.StandardContext reload
INFO: Reloading Context with name [/kurki13] has started
syys 10, 2013 4:13:00 IP. org.apache.catalina.loader.WebappClassLoader validateJarFile
INFO: validateJarFile(/cs/fs/home/mkctammi/ohtuprog/kurki13/target/kurki13-1.0-SNAPSHOT/WEB-INF/lib/servlet-api-2.3.jar) - jar not loaded. See Servlet Spec 2.3, section 9.7.2. Offending class: javax/servlet/Servlet.class
syys 10, 2013 4:13:00 IP. org.apache.catalina.core.StandardContext reload
INFO: Reloading Context with name [/kurki13] is completed
syys 10, 2013 4:13:09 IP. org.apache.catalina.startup.HostConfig deleteRedeployResources
INFO: Undeploying context [/kurki13]
syys 10, 2013 4:13:09 IP. org.apache.catalina.startup.HostConfig deployDescriptor
INFO: Deploying configuration descriptor /cs/fs/home/mkctammi/apache-tomcat-7.0.42/conf/Catalina/localhost/kurki13.xml
syys 10, 2013 4:13:09 IP. org.apache.catalina.loader.WebappClassLoader validateJarFile
INFO: validateJarFile(/cs/fs/home/mkctammi/ohtuprog/kurki13/target/kurki13-1.0-SNAPSHOT/WEB-INF/lib/servlet-api-2.3.jar) - jar not loaded. See Servlet Spec 2.3, section 9.7.2. Offending class: javax/servlet/Servlet.class
syys 10, 2013 4:13:10 IP. org.apache.catalina.util.LifecycleBase start
INFO: The start() method was called on component [StandardEngine[Catalina].StandardHost[localhost].StandardContext[/kurki13]] after start() had already been called. The second call will be ignored.
syys 10, 2013 4:13:35 IP. org.apache.catalina.loader.WebappClassLoader validateJarFile
INFO: validateJarFile(/cs/fs/home/mkctammi/ohtuprog/kurki13/target/kurki13-1.0-SNAPSHOT/WEB-INF/lib/servlet-api-2.3.jar) - jar not loaded. See Servlet Spec 2.3, section 9.7.2. Offending class: javax/servlet/Servlet.class
syys 10, 2013 4:13:39 IP. org.apache.coyote.AbstractProtocol pause
INFO: Pausing ProtocolHandler ["http-bio-8080"]
syys 10, 2013 4:13:39 IP. org.apache.coyote.AbstractProtocol pause
INFO: Pausing ProtocolHandler ["ajp-bio-8009"]
syys 10, 2013 4:13:39 IP. org.apache.catalina.core.StandardService stopInternal
INFO: Stopping service Catalina
