syys 12, 2013 12:29:45 IP. org.apache.catalina.core.AprLifecycleListener init
INFO: The APR based Apache Tomcat Native library which allows optimal performance in production environments was not found on the java.library.path: /usr/lib/jvm/java-7-openjdk-amd64/jre/lib/amd64:/usr/lib/jvm/java-7-openjdk-amd64/jre/lib/i386::/usr/java/packages/lib/amd64:/usr/lib/jni:/lib:/usr/lib
syys 12, 2013 12:29:45 IP. org.apache.coyote.AbstractProtocol init
INFO: Initializing ProtocolHandler ["http-bio-8080"]
syys 12, 2013 12:29:45 IP. org.apache.coyote.AbstractProtocol init
INFO: Initializing ProtocolHandler ["ajp-bio-8009"]
syys 12, 2013 12:29:45 IP. org.apache.catalina.startup.Catalina load
INFO: Initialization processed in 481 ms
syys 12, 2013 12:29:45 IP. org.apache.catalina.core.StandardService startInternal
INFO: Starting service Catalina
syys 12, 2013 12:29:45 IP. org.apache.catalina.core.StandardEngine startInternal
INFO: Starting Servlet Engine: Apache Tomcat/7.0.42
syys 12, 2013 12:29:45 IP. org.apache.catalina.startup.HostConfig deployDescriptor
INFO: Deploying configuration descriptor /cs/fs/home/mkctammi/apache-tomcat-7.0.42/conf/Catalina/localhost/kurki13.xml
syys 12, 2013 12:29:46 IP. org.apache.catalina.loader.WebappClassLoader validateJarFile
INFO: validateJarFile(/cs/fs/home/mkctammi/ohtuprog/kurki13/target/kurki13-1.0-SNAPSHOT/WEB-INF/lib/servlet-api-2.3.jar) - jar not loaded. See Servlet Spec 2.3, section 9.7.2. Offending class: javax/servlet/Servlet.class
syys 12, 2013 12:29:47 IP. org.apache.catalina.startup.HostConfig deployDirectory
INFO: Deploying web application directory /cs/fs/home/mkctammi/apache-tomcat-7.0.42/webapps/docs
syys 12, 2013 12:29:47 IP. org.apache.catalina.startup.HostConfig deployDirectory
INFO: Deploying web application directory /cs/fs/home/mkctammi/apache-tomcat-7.0.42/webapps/host-manager
syys 12, 2013 12:29:47 IP. org.apache.catalina.startup.HostConfig deployDirectory
INFO: Deploying web application directory /cs/fs/home/mkctammi/apache-tomcat-7.0.42/webapps/examples
syys 12, 2013 12:29:47 IP. org.apache.catalina.startup.HostConfig deployDirectory
INFO: Deploying web application directory /cs/fs/home/mkctammi/apache-tomcat-7.0.42/webapps/ROOT
syys 12, 2013 12:29:47 IP. org.apache.catalina.startup.HostConfig deployDirectory
INFO: Deploying web application directory /cs/fs/home/mkctammi/apache-tomcat-7.0.42/webapps/manager
syys 12, 2013 12:29:47 IP. org.apache.coyote.AbstractProtocol start
INFO: Starting ProtocolHandler ["http-bio-8080"]
syys 12, 2013 12:29:48 IP. org.apache.coyote.AbstractProtocol start
INFO: Starting ProtocolHandler ["ajp-bio-8009"]
syys 12, 2013 12:29:48 IP. org.apache.catalina.startup.Catalina start
INFO: Server startup in 2070 ms
syys 12, 2013 12:29:50 IP. org.apache.catalina.startup.HostConfig deleteRedeployResources
INFO: Undeploying context [/kurki13]
syys 12, 2013 12:29:50 IP. org.apache.catalina.startup.HostConfig deployDescriptor
INFO: Deploying configuration descriptor /cs/fs/home/mkctammi/apache-tomcat-7.0.42/conf/Catalina/localhost/kurki13.xml
syys 12, 2013 12:29:50 IP. org.apache.catalina.loader.WebappClassLoader validateJarFile
INFO: validateJarFile(/cs/fs/home/mkctammi/ohtuprog/kurki13/target/kurki13-1.0-SNAPSHOT/WEB-INF/lib/servlet-api-2.3.jar) - jar not loaded. See Servlet Spec 2.3, section 9.7.2. Offending class: javax/servlet/Servlet.class
syys 12, 2013 12:29:50 IP. org.apache.catalina.util.LifecycleBase start
INFO: The start() method was called on component [StandardEngine[Catalina].StandardHost[localhost].StandardContext[/kurki13]] after start() had already been called. The second call will be ignored.
syys 12, 2013 12:29:53 IP. org.apache.velocity.runtime.log.CommonsLogLogChute log
SEVERE: ResourceManager : unable to find resource 'index.vm' in any resource loader.
syys 12, 2013 12:30:51 IP. org.apache.velocity.runtime.log.CommonsLogLogChute log
SEVERE: ResourceManager : unable to find resource 'index.vm' in any resource loader.
syys 12, 2013 12:30:52 IP. org.apache.velocity.runtime.log.CommonsLogLogChute log
SEVERE: ResourceManager : unable to find resource 'index.vm' in any resource loader.
syys 12, 2013 12:30:52 IP. org.apache.velocity.runtime.log.CommonsLogLogChute log
SEVERE: ResourceManager : unable to find resource 'index.vm' in any resource loader.
syys 12, 2013 12:31:06 IP. org.apache.catalina.loader.WebappClassLoader clearReferencesJdbc
SEVERE: The web application [/kurki13] registered the JDBC driver [oracle.jdbc.driver.OracleDriver] but failed to unregister it when the web application was stopped. To prevent a memory leak, the JDBC Driver has been forcibly unregistered.
syys 12, 2013 12:31:07 IP. org.apache.catalina.startup.HostConfig deleteRedeployResources
INFO: Undeploying context [/kurki13]
syys 12, 2013 12:31:07 IP. org.apache.catalina.startup.ExpandWar deleteDir
SEVERE: [/cs/fs/home/mkctammi/apache-tomcat-7.0.42/work/Catalina/localhost/kurki13/loader/oracle/sql/converter_xcharset] could not be completely deleted. The presence of the remaining files may cause problems
syys 12, 2013 12:31:07 IP. org.apache.catalina.startup.ExpandWar deleteDir
SEVERE: [/cs/fs/home/mkctammi/apache-tomcat-7.0.42/work/Catalina/localhost/kurki13/loader/oracle/sql] could not be completely deleted. The presence of the remaining files may cause problems
syys 12, 2013 12:31:07 IP. org.apache.catalina.startup.ExpandWar deleteDir
SEVERE: [/cs/fs/home/mkctammi/apache-tomcat-7.0.42/work/Catalina/localhost/kurki13/loader/oracle] could not be completely deleted. The presence of the remaining files may cause problems
syys 12, 2013 12:31:07 IP. org.apache.catalina.startup.ExpandWar deleteDir
SEVERE: [/cs/fs/home/mkctammi/apache-tomcat-7.0.42/work/Catalina/localhost/kurki13/loader] could not be completely deleted. The presence of the remaining files may cause problems
syys 12, 2013 12:31:07 IP. org.apache.catalina.startup.ExpandWar deleteDir
SEVERE: [/cs/fs/home/mkctammi/apache-tomcat-7.0.42/work/Catalina/localhost/kurki13] could not be completely deleted. The presence of the remaining files may cause problems
syys 12, 2013 12:31:07 IP. org.apache.catalina.startup.ExpandWar delete
SEVERE: [/cs/fs/home/mkctammi/apache-tomcat-7.0.42/work/Catalina/localhost/kurki13] could not be completely deleted. The presence of the remaining files may cause problems
syys 12, 2013 12:31:07 IP. org.apache.catalina.startup.HostConfig deployDescriptor
INFO: Deploying configuration descriptor /cs/fs/home/mkctammi/apache-tomcat-7.0.42/conf/Catalina/localhost/kurki13.xml
syys 12, 2013 12:31:07 IP. org.apache.catalina.loader.WebappClassLoader validateJarFile
INFO: validateJarFile(/cs/fs/home/mkctammi/ohtuprog/kurki13/target/kurki13-1.0-SNAPSHOT/WEB-INF/lib/servlet-api-2.3.jar) - jar not loaded. See Servlet Spec 2.3, section 9.7.2. Offending class: javax/servlet/Servlet.class
syys 12, 2013 12:31:07 IP. org.apache.catalina.util.LifecycleBase start
INFO: The start() method was called on component [StandardEngine[Catalina].StandardHost[localhost].StandardContext[/kurki13]] after start() had already been called. The second call will be ignored.
syys 12, 2013 12:36:18 IP. org.apache.catalina.core.StandardContext reload
INFO: Reloading Context with name [/kurki13] has started
syys 12, 2013 12:36:18 IP. org.apache.catalina.loader.WebappClassLoader clearReferencesJdbc
SEVERE: The web application [/kurki13] registered the JDBC driver [oracle.jdbc.driver.OracleDriver] but failed to unregister it when the web application was stopped. To prevent a memory leak, the JDBC Driver has been forcibly unregistered.
syys 12, 2013 12:36:18 IP. org.apache.catalina.loader.WebappClassLoader validateJarFile
INFO: validateJarFile(/cs/fs/home/mkctammi/ohtuprog/kurki13/target/kurki13-1.0-SNAPSHOT/WEB-INF/lib/servlet-api-2.3.jar) - jar not loaded. See Servlet Spec 2.3, section 9.7.2. Offending class: javax/servlet/Servlet.class
syys 12, 2013 12:36:19 IP. org.apache.catalina.core.StandardContext reload
INFO: Reloading Context with name [/kurki13] is completed
syys 12, 2013 12:36:31 IP. org.apache.catalina.startup.HostConfig deleteRedeployResources
INFO: Undeploying context [/kurki13]
syys 12, 2013 12:36:31 IP. org.apache.catalina.startup.HostConfig deployDescriptor
INFO: Deploying configuration descriptor /cs/fs/home/mkctammi/apache-tomcat-7.0.42/conf/Catalina/localhost/kurki13.xml
syys 12, 2013 12:36:31 IP. org.apache.catalina.loader.WebappClassLoader validateJarFile
INFO: validateJarFile(/cs/fs/home/mkctammi/ohtuprog/kurki13/target/kurki13-1.0-SNAPSHOT/WEB-INF/lib/servlet-api-2.3.jar) - jar not loaded. See Servlet Spec 2.3, section 9.7.2. Offending class: javax/servlet/Servlet.class
syys 12, 2013 12:36:31 IP. org.apache.catalina.util.LifecycleBase start
INFO: The start() method was called on component [StandardEngine[Catalina].StandardHost[localhost].StandardContext[/kurki13]] after start() had already been called. The second call will be ignored.
syys 12, 2013 12:36:43 IP. org.apache.catalina.core.StandardContext reload
INFO: Reloading Context with name [/kurki13] has started
syys 12, 2013 12:36:43 IP. org.apache.catalina.loader.WebappClassLoader validateJarFile
INFO: validateJarFile(/cs/fs/home/mkctammi/ohtuprog/kurki13/target/kurki13-1.0-SNAPSHOT/WEB-INF/lib/servlet-api-2.3.jar) - jar not loaded. See Servlet Spec 2.3, section 9.7.2. Offending class: javax/servlet/Servlet.class
syys 12, 2013 12:36:44 IP. org.apache.catalina.core.StandardContext reload
INFO: Reloading Context with name [/kurki13] is completed
syys 12, 2013 12:37:59 IP. org.apache.catalina.startup.HostConfig deleteRedeployResources
INFO: Undeploying context [/kurki13]
syys 12, 2013 12:37:59 IP. org.apache.catalina.startup.HostConfig deployDescriptor
INFO: Deploying configuration descriptor /cs/fs/home/mkctammi/apache-tomcat-7.0.42/conf/Catalina/localhost/kurki13.xml
syys 12, 2013 12:37:59 IP. org.apache.catalina.loader.WebappClassLoader validateJarFile
INFO: validateJarFile(/cs/fs/home/mkctammi/ohtuprog/kurki13/target/kurki13-1.0-SNAPSHOT/WEB-INF/lib/servlet-api-2.3.jar) - jar not loaded. See Servlet Spec 2.3, section 9.7.2. Offending class: javax/servlet/Servlet.class
syys 12, 2013 12:38:00 IP. org.apache.catalina.util.LifecycleBase start
INFO: The start() method was called on component [StandardEngine[Catalina].StandardHost[localhost].StandardContext[/kurki13]] after start() had already been called. The second call will be ignored.
syys 12, 2013 12:40:58 IP. org.apache.catalina.loader.WebappClassLoader clearReferencesJdbc
SEVERE: The web application [/kurki13] registered the JDBC driver [oracle.jdbc.driver.OracleDriver] but failed to unregister it when the web application was stopped. To prevent a memory leak, the JDBC Driver has been forcibly unregistered.
syys 12, 2013 12:40:59 IP. org.apache.catalina.startup.HostConfig deleteRedeployResources
INFO: Undeploying context [/kurki13]
syys 12, 2013 12:40:59 IP. org.apache.catalina.startup.ExpandWar deleteDir
SEVERE: [/cs/fs/home/mkctammi/apache-tomcat-7.0.42/work/Catalina/localhost/kurki13/loader/oracle/sql/converter_xcharset] could not be completely deleted. The presence of the remaining files may cause problems
syys 12, 2013 12:40:59 IP. org.apache.catalina.startup.ExpandWar deleteDir
SEVERE: [/cs/fs/home/mkctammi/apache-tomcat-7.0.42/work/Catalina/localhost/kurki13/loader/oracle/sql] could not be completely deleted. The presence of the remaining files may cause problems
syys 12, 2013 12:40:59 IP. org.apache.catalina.startup.ExpandWar deleteDir
SEVERE: [/cs/fs/home/mkctammi/apache-tomcat-7.0.42/work/Catalina/localhost/kurki13/loader/oracle] could not be completely deleted. The presence of the remaining files may cause problems
syys 12, 2013 12:40:59 IP. org.apache.catalina.startup.ExpandWar deleteDir
SEVERE: [/cs/fs/home/mkctammi/apache-tomcat-7.0.42/work/Catalina/localhost/kurki13/loader] could not be completely deleted. The presence of the remaining files may cause problems
syys 12, 2013 12:40:59 IP. org.apache.catalina.startup.ExpandWar deleteDir
SEVERE: [/cs/fs/home/mkctammi/apache-tomcat-7.0.42/work/Catalina/localhost/kurki13] could not be completely deleted. The presence of the remaining files may cause problems
syys 12, 2013 12:40:59 IP. org.apache.catalina.startup.ExpandWar delete
SEVERE: [/cs/fs/home/mkctammi/apache-tomcat-7.0.42/work/Catalina/localhost/kurki13] could not be completely deleted. The presence of the remaining files may cause problems
syys 12, 2013 12:40:59 IP. org.apache.catalina.startup.HostConfig deployDescriptor
INFO: Deploying configuration descriptor /cs/fs/home/mkctammi/apache-tomcat-7.0.42/conf/Catalina/localhost/kurki13.xml
syys 12, 2013 12:41:00 IP. org.apache.catalina.loader.WebappClassLoader validateJarFile
INFO: validateJarFile(/cs/fs/home/mkctammi/ohtuprog/kurki13/target/kurki13-1.0-SNAPSHOT/WEB-INF/lib/servlet-api-2.3.jar) - jar not loaded. See Servlet Spec 2.3, section 9.7.2. Offending class: javax/servlet/Servlet.class
syys 12, 2013 12:41:00 IP. org.apache.catalina.util.LifecycleBase start
INFO: The start() method was called on component [StandardEngine[Catalina].StandardHost[localhost].StandardContext[/kurki13]] after start() had already been called. The second call will be ignored.
syys 12, 2013 1:24:32 IP. org.apache.catalina.loader.WebappClassLoader clearReferencesJdbc
SEVERE: The web application [/kurki13] registered the JDBC driver [oracle.jdbc.driver.OracleDriver] but failed to unregister it when the web application was stopped. To prevent a memory leak, the JDBC Driver has been forcibly unregistered.
syys 12, 2013 1:24:33 IP. org.apache.catalina.startup.HostConfig deleteRedeployResources
INFO: Undeploying context [/kurki13]
syys 12, 2013 1:24:33 IP. org.apache.catalina.startup.ExpandWar deleteDir
SEVERE: [/cs/fs/home/mkctammi/apache-tomcat-7.0.42/work/Catalina/localhost/kurki13/loader/oracle/sql/converter_xcharset] could not be completely deleted. The presence of the remaining files may cause problems
syys 12, 2013 1:24:33 IP. org.apache.catalina.startup.ExpandWar deleteDir
SEVERE: [/cs/fs/home/mkctammi/apache-tomcat-7.0.42/work/Catalina/localhost/kurki13/loader/oracle/sql] could not be completely deleted. The presence of the remaining files may cause problems
syys 12, 2013 1:24:33 IP. org.apache.catalina.startup.ExpandWar deleteDir
SEVERE: [/cs/fs/home/mkctammi/apache-tomcat-7.0.42/work/Catalina/localhost/kurki13/loader/oracle] could not be completely deleted. The presence of the remaining files may cause problems
syys 12, 2013 1:24:33 IP. org.apache.catalina.startup.ExpandWar deleteDir
SEVERE: [/cs/fs/home/mkctammi/apache-tomcat-7.0.42/work/Catalina/localhost/kurki13/loader] could not be completely deleted. The presence of the remaining files may cause problems
syys 12, 2013 1:24:33 IP. org.apache.catalina.startup.ExpandWar deleteDir
SEVERE: [/cs/fs/home/mkctammi/apache-tomcat-7.0.42/work/Catalina/localhost/kurki13] could not be completely deleted. The presence of the remaining files may cause problems
syys 12, 2013 1:24:33 IP. org.apache.catalina.startup.ExpandWar delete
SEVERE: [/cs/fs/home/mkctammi/apache-tomcat-7.0.42/work/Catalina/localhost/kurki13] could not be completely deleted. The presence of the remaining files may cause problems
syys 12, 2013 1:24:33 IP. org.apache.catalina.startup.HostConfig deployDescriptor
INFO: Deploying configuration descriptor /cs/fs/home/mkctammi/apache-tomcat-7.0.42/conf/Catalina/localhost/kurki13.xml
syys 12, 2013 1:24:33 IP. org.apache.catalina.loader.WebappClassLoader validateJarFile
INFO: validateJarFile(/cs/fs/home/mkctammi/ohtuprog/kurki13/target/kurki13-1.0-SNAPSHOT/WEB-INF/lib/servlet-api-2.3.jar) - jar not loaded. See Servlet Spec 2.3, section 9.7.2. Offending class: javax/servlet/Servlet.class
syys 12, 2013 1:24:33 IP. org.apache.catalina.util.LifecycleBase start
INFO: The start() method was called on component [StandardEngine[Catalina].StandardHost[localhost].StandardContext[/kurki13]] after start() had already been called. The second call will be ignored.
syys 12, 2013 1:26:25 IP. org.apache.catalina.loader.WebappClassLoader clearReferencesJdbc
SEVERE: The web application [/kurki13] registered the JDBC driver [oracle.jdbc.driver.OracleDriver] but failed to unregister it when the web application was stopped. To prevent a memory leak, the JDBC Driver has been forcibly unregistered.
syys 12, 2013 1:26:26 IP. org.apache.catalina.startup.HostConfig deleteRedeployResources
INFO: Undeploying context [/kurki13]
syys 12, 2013 1:26:26 IP. org.apache.catalina.startup.ExpandWar deleteDir
SEVERE: [/cs/fs/home/mkctammi/apache-tomcat-7.0.42/work/Catalina/localhost/kurki13/loader/oracle/sql/converter_xcharset] could not be completely deleted. The presence of the remaining files may cause problems
syys 12, 2013 1:26:26 IP. org.apache.catalina.startup.ExpandWar deleteDir
SEVERE: [/cs/fs/home/mkctammi/apache-tomcat-7.0.42/work/Catalina/localhost/kurki13/loader/oracle/sql] could not be completely deleted. The presence of the remaining files may cause problems
syys 12, 2013 1:26:26 IP. org.apache.catalina.startup.ExpandWar deleteDir
SEVERE: [/cs/fs/home/mkctammi/apache-tomcat-7.0.42/work/Catalina/localhost/kurki13/loader/oracle] could not be completely deleted. The presence of the remaining files may cause problems
syys 12, 2013 1:26:26 IP. org.apache.catalina.startup.ExpandWar deleteDir
SEVERE: [/cs/fs/home/mkctammi/apache-tomcat-7.0.42/work/Catalina/localhost/kurki13/loader] could not be completely deleted. The presence of the remaining files may cause problems
syys 12, 2013 1:26:26 IP. org.apache.catalina.startup.ExpandWar deleteDir
SEVERE: [/cs/fs/home/mkctammi/apache-tomcat-7.0.42/work/Catalina/localhost/kurki13] could not be completely deleted. The presence of the remaining files may cause problems
syys 12, 2013 1:26:26 IP. org.apache.catalina.startup.ExpandWar delete
SEVERE: [/cs/fs/home/mkctammi/apache-tomcat-7.0.42/work/Catalina/localhost/kurki13] could not be completely deleted. The presence of the remaining files may cause problems
syys 12, 2013 1:26:26 IP. org.apache.catalina.startup.HostConfig deployDescriptor
INFO: Deploying configuration descriptor /cs/fs/home/mkctammi/apache-tomcat-7.0.42/conf/Catalina/localhost/kurki13.xml
syys 12, 2013 1:26:26 IP. org.apache.catalina.loader.WebappClassLoader validateJarFile
INFO: validateJarFile(/cs/fs/home/mkctammi/ohtuprog/kurki13/target/kurki13-1.0-SNAPSHOT/WEB-INF/lib/servlet-api-2.3.jar) - jar not loaded. See Servlet Spec 2.3, section 9.7.2. Offending class: javax/servlet/Servlet.class
syys 12, 2013 1:26:26 IP. org.apache.catalina.util.LifecycleBase start
INFO: The start() method was called on component [StandardEngine[Catalina].StandardHost[localhost].StandardContext[/kurki13]] after start() had already been called. The second call will be ignored.
syys 12, 2013 1:45:24 IP. org.apache.catalina.loader.WebappClassLoader clearReferencesJdbc
SEVERE: The web application [/kurki13] registered the JDBC driver [oracle.jdbc.driver.OracleDriver] but failed to unregister it when the web application was stopped. To prevent a memory leak, the JDBC Driver has been forcibly unregistered.
syys 12, 2013 1:45:25 IP. org.apache.catalina.startup.HostConfig deleteRedeployResources
INFO: Undeploying context [/kurki13]
syys 12, 2013 1:45:25 IP. org.apache.catalina.startup.HostConfig deployDescriptor
INFO: Deploying configuration descriptor /cs/fs/home/mkctammi/apache-tomcat-7.0.42/conf/Catalina/localhost/kurki13.xml
syys 12, 2013 1:45:25 IP. org.apache.catalina.loader.WebappClassLoader validateJarFile
INFO: validateJarFile(/cs/fs/home/mkctammi/ohtuprog/kurki13/target/kurki13-1.0-SNAPSHOT/WEB-INF/lib/servlet-api-2.3.jar) - jar not loaded. See Servlet Spec 2.3, section 9.7.2. Offending class: javax/servlet/Servlet.class
syys 12, 2013 1:45:25 IP. org.apache.catalina.util.LifecycleBase start
INFO: The start() method was called on component [StandardEngine[Catalina].StandardHost[localhost].StandardContext[/kurki13]] after start() had already been called. The second call will be ignored.
syys 12, 2013 1:47:32 IP. org.apache.catalina.loader.WebappClassLoader clearReferencesJdbc
SEVERE: The web application [/kurki13] registered the JDBC driver [oracle.jdbc.driver.OracleDriver] but failed to unregister it when the web application was stopped. To prevent a memory leak, the JDBC Driver has been forcibly unregistered.
syys 12, 2013 1:47:33 IP. org.apache.catalina.startup.HostConfig deleteRedeployResources
INFO: Undeploying context [/kurki13]
syys 12, 2013 1:47:33 IP. org.apache.catalina.startup.ExpandWar deleteDir
SEVERE: [/cs/fs/home/mkctammi/apache-tomcat-7.0.42/work/Catalina/localhost/kurki13/loader/oracle/sql/converter_xcharset] could not be completely deleted. The presence of the remaining files may cause problems
syys 12, 2013 1:47:33 IP. org.apache.catalina.startup.ExpandWar deleteDir
SEVERE: [/cs/fs/home/mkctammi/apache-tomcat-7.0.42/work/Catalina/localhost/kurki13/loader/oracle/sql] could not be completely deleted. The presence of the remaining files may cause problems
syys 12, 2013 1:47:33 IP. org.apache.catalina.startup.ExpandWar deleteDir
SEVERE: [/cs/fs/home/mkctammi/apache-tomcat-7.0.42/work/Catalina/localhost/kurki13/loader/oracle] could not be completely deleted. The presence of the remaining files may cause problems
syys 12, 2013 1:47:33 IP. org.apache.catalina.startup.ExpandWar deleteDir
SEVERE: [/cs/fs/home/mkctammi/apache-tomcat-7.0.42/work/Catalina/localhost/kurki13/loader] could not be completely deleted. The presence of the remaining files may cause problems
syys 12, 2013 1:47:33 IP. org.apache.catalina.startup.ExpandWar deleteDir
SEVERE: [/cs/fs/home/mkctammi/apache-tomcat-7.0.42/work/Catalina/localhost/kurki13] could not be completely deleted. The presence of the remaining files may cause problems
syys 12, 2013 1:47:33 IP. org.apache.catalina.startup.ExpandWar delete
SEVERE: [/cs/fs/home/mkctammi/apache-tomcat-7.0.42/work/Catalina/localhost/kurki13] could not be completely deleted. The presence of the remaining files may cause problems
syys 12, 2013 1:47:33 IP. org.apache.catalina.startup.HostConfig deployDescriptor
INFO: Deploying configuration descriptor /cs/fs/home/mkctammi/apache-tomcat-7.0.42/conf/Catalina/localhost/kurki13.xml
syys 12, 2013 1:47:33 IP. org.apache.catalina.loader.WebappClassLoader validateJarFile
INFO: validateJarFile(/cs/fs/home/mkctammi/ohtuprog/kurki13/target/kurki13-1.0-SNAPSHOT/WEB-INF/lib/servlet-api-2.3.jar) - jar not loaded. See Servlet Spec 2.3, section 9.7.2. Offending class: javax/servlet/Servlet.class
syys 12, 2013 1:47:34 IP. org.apache.catalina.util.LifecycleBase start
INFO: The start() method was called on component [StandardEngine[Catalina].StandardHost[localhost].StandardContext[/kurki13]] after start() had already been called. The second call will be ignored.
syys 12, 2013 1:50:46 IP. org.apache.catalina.loader.WebappClassLoader clearReferencesJdbc
SEVERE: The web application [/kurki13] registered the JDBC driver [oracle.jdbc.driver.OracleDriver] but failed to unregister it when the web application was stopped. To prevent a memory leak, the JDBC Driver has been forcibly unregistered.
syys 12, 2013 1:50:47 IP. org.apache.catalina.loader.WebappClassLoader validateJarFile
INFO: validateJarFile(/cs/fs/home/mkctammi/ohtuprog/kurki13/target/kurki13-1.0-SNAPSHOT/WEB-INF/lib/servlet-api-2.3.jar) - jar not loaded. See Servlet Spec 2.3, section 9.7.2. Offending class: javax/servlet/Servlet.class
syys 12, 2013 1:50:53 IP. org.apache.catalina.startup.HostConfig checkResources
INFO: Reloading context [/kurki13]
syys 12, 2013 1:50:53 IP. org.apache.catalina.core.StandardContext reload
INFO: Reloading Context with name [/kurki13] has started
syys 12, 2013 1:50:54 IP. org.apache.catalina.loader.WebappClassLoader validateJarFile
INFO: validateJarFile(/cs/fs/home/mkctammi/ohtuprog/kurki13/target/kurki13-1.0-SNAPSHOT/WEB-INF/lib/servlet-api-2.3.jar) - jar not loaded. See Servlet Spec 2.3, section 9.7.2. Offending class: javax/servlet/Servlet.class
syys 12, 2013 1:50:54 IP. org.apache.catalina.core.StandardContext reload
INFO: Reloading Context with name [/kurki13] is completed
syys 12, 2013 1:51:25 IP. org.apache.catalina.startup.HostConfig deleteRedeployResources
INFO: Undeploying context [/kurki13]
syys 12, 2013 1:51:25 IP. org.apache.catalina.startup.HostConfig deployDescriptor
INFO: Deploying configuration descriptor /cs/fs/home/mkctammi/apache-tomcat-7.0.42/conf/Catalina/localhost/kurki13.xml
syys 12, 2013 1:51:25 IP. org.apache.catalina.loader.WebappClassLoader validateJarFile
INFO: validateJarFile(/cs/fs/home/mkctammi/ohtuprog/kurki13/target/kurki13-1.0-SNAPSHOT/WEB-INF/lib/servlet-api-2.3.jar) - jar not loaded. See Servlet Spec 2.3, section 9.7.2. Offending class: javax/servlet/Servlet.class
syys 12, 2013 1:52:13 IP. org.apache.catalina.loader.WebappClassLoader clearReferencesJdbc
SEVERE: The web application [/kurki13] registered the JDBC driver [oracle.jdbc.driver.OracleDriver] but failed to unregister it when the web application was stopped. To prevent a memory leak, the JDBC Driver has been forcibly unregistered.
syys 12, 2013 1:52:15 IP. org.apache.catalina.startup.HostConfig deleteRedeployResources
INFO: Undeploying context [/kurki13]
syys 12, 2013 1:52:15 IP. org.apache.catalina.startup.ExpandWar deleteDir
SEVERE: [/cs/fs/home/mkctammi/apache-tomcat-7.0.42/work/Catalina/localhost/kurki13/loader/oracle/sql/converter_xcharset] could not be completely deleted. The presence of the remaining files may cause problems
syys 12, 2013 1:52:15 IP. org.apache.catalina.startup.ExpandWar deleteDir
SEVERE: [/cs/fs/home/mkctammi/apache-tomcat-7.0.42/work/Catalina/localhost/kurki13/loader/oracle/sql] could not be completely deleted. The presence of the remaining files may cause problems
syys 12, 2013 1:52:15 IP. org.apache.catalina.startup.ExpandWar deleteDir
SEVERE: [/cs/fs/home/mkctammi/apache-tomcat-7.0.42/work/Catalina/localhost/kurki13/loader/oracle] could not be completely deleted. The presence of the remaining files may cause problems
syys 12, 2013 1:52:15 IP. org.apache.catalina.startup.ExpandWar deleteDir
SEVERE: [/cs/fs/home/mkctammi/apache-tomcat-7.0.42/work/Catalina/localhost/kurki13/loader] could not be completely deleted. The presence of the remaining files may cause problems
syys 12, 2013 1:52:15 IP. org.apache.catalina.startup.ExpandWar deleteDir
SEVERE: [/cs/fs/home/mkctammi/apache-tomcat-7.0.42/work/Catalina/localhost/kurki13] could not be completely deleted. The presence of the remaining files may cause problems
syys 12, 2013 1:52:15 IP. org.apache.catalina.startup.ExpandWar delete
SEVERE: [/cs/fs/home/mkctammi/apache-tomcat-7.0.42/work/Catalina/localhost/kurki13] could not be completely deleted. The presence of the remaining files may cause problems
syys 12, 2013 1:52:15 IP. org.apache.catalina.startup.HostConfig deployDescriptor
INFO: Deploying configuration descriptor /cs/fs/home/mkctammi/apache-tomcat-7.0.42/conf/Catalina/localhost/kurki13.xml
syys 12, 2013 1:52:15 IP. org.apache.catalina.loader.WebappClassLoader validateJarFile
INFO: validateJarFile(/cs/fs/home/mkctammi/ohtuprog/kurki13/target/kurki13-1.0-SNAPSHOT/WEB-INF/lib/servlet-api-2.3.jar) - jar not loaded. See Servlet Spec 2.3, section 9.7.2. Offending class: javax/servlet/Servlet.class
syys 12, 2013 1:52:15 IP. org.apache.catalina.util.LifecycleBase start
INFO: The start() method was called on component [StandardEngine[Catalina].StandardHost[localhost].StandardContext[/kurki13]] after start() had already been called. The second call will be ignored.
syys 12, 2013 1:53:19 IP. org.apache.catalina.core.StandardContext reload
INFO: Reloading Context with name [/kurki13] has started
syys 12, 2013 1:53:19 IP. org.apache.catalina.loader.WebappClassLoader clearReferencesJdbc
SEVERE: The web application [/kurki13] registered the JDBC driver [oracle.jdbc.driver.OracleDriver] but failed to unregister it when the web application was stopped. To prevent a memory leak, the JDBC Driver has been forcibly unregistered.
syys 12, 2013 1:53:20 IP. org.apache.catalina.loader.WebappClassLoader validateJarFile
INFO: validateJarFile(/cs/fs/home/mkctammi/ohtuprog/kurki13/target/kurki13-1.0-SNAPSHOT/WEB-INF/lib/servlet-api-2.3.jar) - jar not loaded. See Servlet Spec 2.3, section 9.7.2. Offending class: javax/servlet/Servlet.class
syys 12, 2013 1:53:21 IP. org.apache.catalina.core.StandardContext reload
INFO: Reloading Context with name [/kurki13] is completed
syys 12, 2013 1:54:04 IP. org.apache.catalina.core.StandardContext reload
INFO: Reloading Context with name [/kurki13] has started
syys 12, 2013 1:54:04 IP. org.apache.catalina.loader.WebappClassLoader validateJarFile
INFO: validateJarFile(/cs/fs/home/mkctammi/ohtuprog/kurki13/target/kurki13-1.0-SNAPSHOT/WEB-INF/lib/servlet-api-2.3.jar) - jar not loaded. See Servlet Spec 2.3, section 9.7.2. Offending class: javax/servlet/Servlet.class
syys 12, 2013 1:54:05 IP. org.apache.catalina.core.StandardContext reload
INFO: Reloading Context with name [/kurki13] is completed
syys 12, 2013 1:54:50 IP. org.apache.catalina.core.StandardContext reload
INFO: Reloading Context with name [/kurki13] has started
syys 12, 2013 1:54:51 IP. org.apache.catalina.loader.WebappClassLoader validateJarFile
INFO: validateJarFile(/cs/fs/home/mkctammi/ohtuprog/kurki13/target/kurki13-1.0-SNAPSHOT/WEB-INF/lib/servlet-api-2.3.jar) - jar not loaded. See Servlet Spec 2.3, section 9.7.2. Offending class: javax/servlet/Servlet.class
syys 12, 2013 1:54:51 IP. org.apache.catalina.core.StandardContext reload
INFO: Reloading Context with name [/kurki13] is completed
syys 12, 2013 1:55:14 IP. org.apache.catalina.startup.HostConfig deleteRedeployResources
INFO: Undeploying context [/kurki13]
syys 12, 2013 1:55:14 IP. org.apache.catalina.startup.HostConfig deployDescriptor
INFO: Deploying configuration descriptor /cs/fs/home/mkctammi/apache-tomcat-7.0.42/conf/Catalina/localhost/kurki13.xml
syys 12, 2013 1:55:14 IP. org.apache.catalina.loader.WebappClassLoader validateJarFile
INFO: validateJarFile(/cs/fs/home/mkctammi/ohtuprog/kurki13/target/kurki13-1.0-SNAPSHOT/WEB-INF/lib/servlet-api-2.3.jar) - jar not loaded. See Servlet Spec 2.3, section 9.7.2. Offending class: javax/servlet/Servlet.class
syys 12, 2013 1:55:15 IP. org.apache.catalina.util.LifecycleBase start
INFO: The start() method was called on component [StandardEngine[Catalina].StandardHost[localhost].StandardContext[/kurki13]] after start() had already been called. The second call will be ignored.
syys 12, 2013 1:55:22 IP. org.apache.catalina.core.StandardContext reload
INFO: Reloading Context with name [/kurki13] has started
syys 12, 2013 1:55:22 IP. org.apache.catalina.loader.WebappClassLoader validateJarFile
INFO: validateJarFile(/cs/fs/home/mkctammi/ohtuprog/kurki13/target/kurki13-1.0-SNAPSHOT/WEB-INF/lib/servlet-api-2.3.jar) - jar not loaded. See Servlet Spec 2.3, section 9.7.2. Offending class: javax/servlet/Servlet.class
syys 12, 2013 1:55:23 IP. org.apache.catalina.core.StandardContext reload
INFO: Reloading Context with name [/kurki13] is completed
syys 12, 2013 1:57:10 IP. org.apache.catalina.startup.HostConfig deleteRedeployResources
INFO: Undeploying context [/kurki13]
syys 12, 2013 1:57:10 IP. org.apache.catalina.startup.HostConfig deployDescriptor
INFO: Deploying configuration descriptor /cs/fs/home/mkctammi/apache-tomcat-7.0.42/conf/Catalina/localhost/kurki13.xml
syys 12, 2013 1:57:10 IP. org.apache.catalina.loader.WebappClassLoader validateJarFile
INFO: validateJarFile(/cs/fs/home/mkctammi/ohtuprog/kurki13/target/kurki13-1.0-SNAPSHOT/WEB-INF/lib/servlet-api-2.3.jar) - jar not loaded. See Servlet Spec 2.3, section 9.7.2. Offending class: javax/servlet/Servlet.class
syys 12, 2013 1:57:11 IP. org.apache.catalina.util.LifecycleBase start
INFO: The start() method was called on component [StandardEngine[Catalina].StandardHost[localhost].StandardContext[/kurki13]] after start() had already been called. The second call will be ignored.
syys 12, 2013 2:03:58 IP. org.apache.catalina.core.StandardContext reload
INFO: Reloading Context with name [/kurki13] has started
syys 12, 2013 2:03:58 IP. org.apache.catalina.loader.WebappClassLoader clearReferencesJdbc
SEVERE: The web application [/kurki13] registered the JDBC driver [oracle.jdbc.driver.OracleDriver] but failed to unregister it when the web application was stopped. To prevent a memory leak, the JDBC Driver has been forcibly unregistered.
syys 12, 2013 2:03:59 IP. org.apache.catalina.loader.WebappClassLoader validateJarFile
INFO: validateJarFile(/cs/fs/home/mkctammi/ohtuprog/kurki13/target/kurki13-1.0-SNAPSHOT/WEB-INF/lib/servlet-api-2.3.jar) - jar not loaded. See Servlet Spec 2.3, section 9.7.2. Offending class: javax/servlet/Servlet.class
syys 12, 2013 2:04:00 IP. org.apache.catalina.core.StandardContext reload
INFO: Reloading Context with name [/kurki13] is completed
syys 12, 2013 2:04:03 IP. org.apache.catalina.core.StandardContext reload
INFO: Reloading Context with name [/kurki13] has started
syys 12, 2013 2:04:04 IP. org.apache.catalina.loader.WebappClassLoader validateJarFile
INFO: validateJarFile(/cs/fs/home/mkctammi/ohtuprog/kurki13/target/kurki13-1.0-SNAPSHOT/WEB-INF/lib/servlet-api-2.3.jar) - jar not loaded. See Servlet Spec 2.3, section 9.7.2. Offending class: javax/servlet/Servlet.class
syys 12, 2013 2:04:05 IP. org.apache.catalina.core.StandardContext reload
INFO: Reloading Context with name [/kurki13] is completed
syys 12, 2013 2:04:26 IP. org.apache.catalina.startup.HostConfig deleteRedeployResources
INFO: Undeploying context [/kurki13]
syys 12, 2013 2:04:26 IP. org.apache.catalina.startup.HostConfig deployDescriptor
INFO: Deploying configuration descriptor /cs/fs/home/mkctammi/apache-tomcat-7.0.42/conf/Catalina/localhost/kurki13.xml
syys 12, 2013 2:04:26 IP. org.apache.catalina.loader.WebappClassLoader validateJarFile
INFO: validateJarFile(/cs/fs/home/mkctammi/ohtuprog/kurki13/target/kurki13-1.0-SNAPSHOT/WEB-INF/lib/servlet-api-2.3.jar) - jar not loaded. See Servlet Spec 2.3, section 9.7.2. Offending class: javax/servlet/Servlet.class
syys 12, 2013 2:04:26 IP. org.apache.catalina.util.LifecycleBase start
INFO: The start() method was called on component [StandardEngine[Catalina].StandardHost[localhost].StandardContext[/kurki13]] after start() had already been called. The second call will be ignored.
syys 12, 2013 2:08:30 IP. org.apache.catalina.core.StandardContext reload
INFO: Reloading Context with name [/kurki13] has started
syys 12, 2013 2:08:30 IP. org.apache.catalina.loader.WebappClassLoader clearReferencesJdbc
SEVERE: The web application [/kurki13] registered the JDBC driver [oracle.jdbc.driver.OracleDriver] but failed to unregister it when the web application was stopped. To prevent a memory leak, the JDBC Driver has been forcibly unregistered.
syys 12, 2013 2:08:31 IP. org.apache.catalina.loader.WebappClassLoader validateJarFile
INFO: validateJarFile(/cs/fs/home/mkctammi/ohtuprog/kurki13/target/kurki13-1.0-SNAPSHOT/WEB-INF/lib/servlet-api-2.3.jar) - jar not loaded. See Servlet Spec 2.3, section 9.7.2. Offending class: javax/servlet/Servlet.class
syys 12, 2013 2:08:32 IP. org.apache.catalina.core.StandardContext reload
INFO: Reloading Context with name [/kurki13] is completed
syys 12, 2013 2:08:32 IP. org.apache.catalina.core.StandardContext reload
INFO: Reloading Context with name [/kurki13] has started
syys 12, 2013 2:08:33 IP. org.apache.catalina.loader.WebappClassLoader validateJarFile
INFO: validateJarFile(/cs/fs/home/mkctammi/ohtuprog/kurki13/target/kurki13-1.0-SNAPSHOT/WEB-INF/lib/servlet-api-2.3.jar) - jar not loaded. See Servlet Spec 2.3, section 9.7.2. Offending class: javax/servlet/Servlet.class
syys 12, 2013 2:08:33 IP. org.apache.catalina.core.StandardContext reload
INFO: Reloading Context with name [/kurki13] is completed
syys 12, 2013 2:08:59 IP. org.apache.catalina.startup.HostConfig deleteRedeployResources
INFO: Undeploying context [/kurki13]
syys 12, 2013 2:08:59 IP. org.apache.catalina.startup.HostConfig deployDescriptor
INFO: Deploying configuration descriptor /cs/fs/home/mkctammi/apache-tomcat-7.0.42/conf/Catalina/localhost/kurki13.xml
syys 12, 2013 2:08:59 IP. org.apache.catalina.loader.WebappClassLoader validateJarFile
INFO: validateJarFile(/cs/fs/home/mkctammi/ohtuprog/kurki13/target/kurki13-1.0-SNAPSHOT/WEB-INF/lib/servlet-api-2.3.jar) - jar not loaded. See Servlet Spec 2.3, section 9.7.2. Offending class: javax/servlet/Servlet.class
syys 12, 2013 2:09:00 IP. org.apache.catalina.util.LifecycleBase start
INFO: The start() method was called on component [StandardEngine[Catalina].StandardHost[localhost].StandardContext[/kurki13]] after start() had already been called. The second call will be ignored.
syys 12, 2013 2:09:46 IP. org.apache.catalina.core.StandardContext reload
INFO: Reloading Context with name [/kurki13] has started
syys 12, 2013 2:09:47 IP. org.apache.catalina.loader.WebappClassLoader validateJarFile
INFO: validateJarFile(/cs/fs/home/mkctammi/ohtuprog/kurki13/target/kurki13-1.0-SNAPSHOT/WEB-INF/lib/servlet-api-2.3.jar) - jar not loaded. See Servlet Spec 2.3, section 9.7.2. Offending class: javax/servlet/Servlet.class
syys 12, 2013 2:09:49 IP. org.apache.catalina.core.StandardContext reload
INFO: Reloading Context with name [/kurki13] is completed
syys 12, 2013 2:10:45 IP. org.apache.catalina.core.StandardContext reload
INFO: Reloading Context with name [/kurki13] has started
syys 12, 2013 2:10:45 IP. org.apache.catalina.loader.WebappClassLoader clearReferencesJdbc
SEVERE: The web application [/kurki13] registered the JDBC driver [oracle.jdbc.driver.OracleDriver] but failed to unregister it when the web application was stopped. To prevent a memory leak, the JDBC Driver has been forcibly unregistered.
syys 12, 2013 2:10:46 IP. org.apache.catalina.loader.WebappClassLoader validateJarFile
INFO: validateJarFile(/cs/fs/home/mkctammi/ohtuprog/kurki13/target/kurki13-1.0-SNAPSHOT/WEB-INF/lib/servlet-api-2.3.jar) - jar not loaded. See Servlet Spec 2.3, section 9.7.2. Offending class: javax/servlet/Servlet.class
syys 12, 2013 2:10:48 IP. org.apache.catalina.core.StandardContext reload
INFO: Reloading Context with name [/kurki13] is completed
syys 12, 2013 2:11:08 IP. org.apache.catalina.startup.HostConfig deleteRedeployResources
INFO: Undeploying context [/kurki13]
syys 12, 2013 2:11:08 IP. org.apache.catalina.startup.HostConfig deployDescriptor
INFO: Deploying configuration descriptor /cs/fs/home/mkctammi/apache-tomcat-7.0.42/conf/Catalina/localhost/kurki13.xml
syys 12, 2013 2:11:08 IP. org.apache.catalina.loader.WebappClassLoader validateJarFile
INFO: validateJarFile(/cs/fs/home/mkctammi/ohtuprog/kurki13/target/kurki13-1.0-SNAPSHOT/WEB-INF/lib/servlet-api-2.3.jar) - jar not loaded. See Servlet Spec 2.3, section 9.7.2. Offending class: javax/servlet/Servlet.class
syys 12, 2013 2:11:09 IP. org.apache.catalina.util.LifecycleBase start
INFO: The start() method was called on component [StandardEngine[Catalina].StandardHost[localhost].StandardContext[/kurki13]] after start() had already been called. The second call will be ignored.
syys 12, 2013 2:13:58 IP. org.apache.catalina.core.StandardContext reload
INFO: Reloading Context with name [/kurki13] has started
syys 12, 2013 2:13:58 IP. org.apache.catalina.loader.WebappClassLoader validateJarFile
INFO: validateJarFile(/cs/fs/home/mkctammi/ohtuprog/kurki13/target/kurki13-1.0-SNAPSHOT/WEB-INF/lib/servlet-api-2.3.jar) - jar not loaded. See Servlet Spec 2.3, section 9.7.2. Offending class: javax/servlet/Servlet.class
syys 12, 2013 2:14:00 IP. org.apache.catalina.core.StandardContext reload
INFO: Reloading Context with name [/kurki13] is completed
syys 12, 2013 2:14:14 IP. org.apache.catalina.startup.HostConfig deleteRedeployResources
INFO: Undeploying context [/kurki13]
syys 12, 2013 2:14:14 IP. org.apache.catalina.startup.HostConfig deployDescriptor
INFO: Deploying configuration descriptor /cs/fs/home/mkctammi/apache-tomcat-7.0.42/conf/Catalina/localhost/kurki13.xml
syys 12, 2013 2:14:14 IP. org.apache.catalina.loader.WebappClassLoader validateJarFile
INFO: validateJarFile(/cs/fs/home/mkctammi/ohtuprog/kurki13/target/kurki13-1.0-SNAPSHOT/WEB-INF/lib/servlet-api-2.3.jar) - jar not loaded. See Servlet Spec 2.3, section 9.7.2. Offending class: javax/servlet/Servlet.class
syys 12, 2013 2:14:15 IP. org.apache.catalina.util.LifecycleBase start
INFO: The start() method was called on component [StandardEngine[Catalina].StandardHost[localhost].StandardContext[/kurki13]] after start() had already been called. The second call will be ignored.
syys 12, 2013 2:16:12 IP. org.apache.catalina.loader.WebappClassLoader clearReferencesJdbc
SEVERE: The web application [/kurki13] registered the JDBC driver [oracle.jdbc.driver.OracleDriver] but failed to unregister it when the web application was stopped. To prevent a memory leak, the JDBC Driver has been forcibly unregistered.
syys 12, 2013 2:16:13 IP. org.apache.catalina.startup.HostConfig deleteRedeployResources
INFO: Undeploying context [/kurki13]
syys 12, 2013 2:16:13 IP. org.apache.catalina.startup.ExpandWar deleteDir
SEVERE: [/cs/fs/home/mkctammi/apache-tomcat-7.0.42/work/Catalina/localhost/kurki13/loader/oracle/sql/converter_xcharset] could not be completely deleted. The presence of the remaining files may cause problems
syys 12, 2013 2:16:13 IP. org.apache.catalina.startup.ExpandWar deleteDir
SEVERE: [/cs/fs/home/mkctammi/apache-tomcat-7.0.42/work/Catalina/localhost/kurki13/loader/oracle/sql] could not be completely deleted. The presence of the remaining files may cause problems
syys 12, 2013 2:16:13 IP. org.apache.catalina.startup.ExpandWar deleteDir
SEVERE: [/cs/fs/home/mkctammi/apache-tomcat-7.0.42/work/Catalina/localhost/kurki13/loader/oracle] could not be completely deleted. The presence of the remaining files may cause problems
syys 12, 2013 2:16:13 IP. org.apache.catalina.startup.ExpandWar deleteDir
SEVERE: [/cs/fs/home/mkctammi/apache-tomcat-7.0.42/work/Catalina/localhost/kurki13/loader] could not be completely deleted. The presence of the remaining files may cause problems
syys 12, 2013 2:16:13 IP. org.apache.catalina.startup.ExpandWar deleteDir
SEVERE: [/cs/fs/home/mkctammi/apache-tomcat-7.0.42/work/Catalina/localhost/kurki13] could not be completely deleted. The presence of the remaining files may cause problems
syys 12, 2013 2:16:13 IP. org.apache.catalina.startup.ExpandWar delete
SEVERE: [/cs/fs/home/mkctammi/apache-tomcat-7.0.42/work/Catalina/localhost/kurki13] could not be completely deleted. The presence of the remaining files may cause problems
syys 12, 2013 2:16:13 IP. org.apache.catalina.startup.HostConfig deployDescriptor
INFO: Deploying configuration descriptor /cs/fs/home/mkctammi/apache-tomcat-7.0.42/conf/Catalina/localhost/kurki13.xml
syys 12, 2013 2:16:13 IP. org.apache.catalina.loader.WebappClassLoader validateJarFile
INFO: validateJarFile(/cs/fs/home/mkctammi/ohtuprog/kurki13/target/kurki13-1.0-SNAPSHOT/WEB-INF/lib/servlet-api-2.3.jar) - jar not loaded. See Servlet Spec 2.3, section 9.7.2. Offending class: javax/servlet/Servlet.class
syys 12, 2013 2:16:13 IP. org.apache.catalina.util.LifecycleBase start
INFO: The start() method was called on component [StandardEngine[Catalina].StandardHost[localhost].StandardContext[/kurki13]] after start() had already been called. The second call will be ignored.
syys 12, 2013 2:26:50 IP. org.apache.catalina.loader.WebappClassLoader clearReferencesJdbc
SEVERE: The web application [/kurki13] registered the JDBC driver [oracle.jdbc.driver.OracleDriver] but failed to unregister it when the web application was stopped. To prevent a memory leak, the JDBC Driver has been forcibly unregistered.
syys 12, 2013 2:26:51 IP. org.apache.catalina.loader.WebappClassLoader validateJarFile
INFO: validateJarFile(/cs/fs/home/mkctammi/ohtuprog/kurki13/target/kurki13-1.0-SNAPSHOT/WEB-INF/lib/servlet-api-2.3.jar) - jar not loaded. See Servlet Spec 2.3, section 9.7.2. Offending class: javax/servlet/Servlet.class
syys 12, 2013 2:26:57 IP. org.apache.catalina.startup.HostConfig checkResources
INFO: Reloading context [/kurki13]
syys 12, 2013 2:26:57 IP. org.apache.catalina.core.StandardContext reload
INFO: Reloading Context with name [/kurki13] has started
syys 12, 2013 2:26:58 IP. org.apache.catalina.loader.WebappClassLoader validateJarFile
INFO: validateJarFile(/cs/fs/home/mkctammi/ohtuprog/kurki13/target/kurki13-1.0-SNAPSHOT/WEB-INF/lib/servlet-api-2.3.jar) - jar not loaded. See Servlet Spec 2.3, section 9.7.2. Offending class: javax/servlet/Servlet.class
syys 12, 2013 2:26:58 IP. org.apache.catalina.core.StandardContext reload
INFO: Reloading Context with name [/kurki13] is completed
syys 12, 2013 2:27:16 IP. org.apache.catalina.startup.HostConfig deleteRedeployResources
INFO: Undeploying context [/kurki13]
syys 12, 2013 2:27:16 IP. org.apache.catalina.startup.HostConfig deployDescriptor
INFO: Deploying configuration descriptor /cs/fs/home/mkctammi/apache-tomcat-7.0.42/conf/Catalina/localhost/kurki13.xml
syys 12, 2013 2:27:16 IP. org.apache.catalina.loader.WebappClassLoader validateJarFile
INFO: validateJarFile(/cs/fs/home/mkctammi/ohtuprog/kurki13/target/kurki13-1.0-SNAPSHOT/WEB-INF/lib/servlet-api-2.3.jar) - jar not loaded. See Servlet Spec 2.3, section 9.7.2. Offending class: javax/servlet/Servlet.class
syys 12, 2013 2:27:17 IP. org.apache.catalina.util.LifecycleBase start
INFO: The start() method was called on component [StandardEngine[Catalina].StandardHost[localhost].StandardContext[/kurki13]] after start() had already been called. The second call will be ignored.
syys 12, 2013 2:28:41 IP. org.apache.catalina.loader.WebappClassLoader clearReferencesJdbc
SEVERE: The web application [/kurki13] registered the JDBC driver [oracle.jdbc.driver.OracleDriver] but failed to unregister it when the web application was stopped. To prevent a memory leak, the JDBC Driver has been forcibly unregistered.
syys 12, 2013 2:28:42 IP. org.apache.catalina.loader.WebappClassLoader validateJarFile
INFO: validateJarFile(/cs/fs/home/mkctammi/ohtuprog/kurki13/target/kurki13-1.0-SNAPSHOT/WEB-INF/lib/servlet-api-2.3.jar) - jar not loaded. See Servlet Spec 2.3, section 9.7.2. Offending class: javax/servlet/Servlet.class
syys 12, 2013 2:29:33 IP. org.apache.catalina.startup.HostConfig deleteRedeployResources
INFO: Undeploying context [/kurki13]
syys 12, 2013 2:29:33 IP. org.apache.catalina.startup.HostConfig deployDescriptor
INFO: Deploying configuration descriptor /cs/fs/home/mkctammi/apache-tomcat-7.0.42/conf/Catalina/localhost/kurki13.xml
syys 12, 2013 2:29:33 IP. org.apache.catalina.loader.WebappClassLoader validateJarFile
INFO: validateJarFile(/cs/fs/home/mkctammi/ohtuprog/kurki13/target/kurki13-1.0-SNAPSHOT/WEB-INF/lib/servlet-api-2.3.jar) - jar not loaded. See Servlet Spec 2.3, section 9.7.2. Offending class: javax/servlet/Servlet.class
syys 12, 2013 2:29:33 IP. org.apache.catalina.util.LifecycleBase start
INFO: The start() method was called on component [StandardEngine[Catalina].StandardHost[localhost].StandardContext[/kurki13]] after start() had already been called. The second call will be ignored.
syys 12, 2013 2:39:57 IP. org.apache.catalina.loader.WebappClassLoader clearReferencesJdbc
SEVERE: The web application [/kurki13] registered the JDBC driver [oracle.jdbc.driver.OracleDriver] but failed to unregister it when the web application was stopped. To prevent a memory leak, the JDBC Driver has been forcibly unregistered.
syys 12, 2013 2:39:57 IP. org.apache.catalina.loader.WebappClassLoader validateJarFile
INFO: validateJarFile(/cs/fs/home/mkctammi/ohtuprog/kurki13/target/kurki13-1.0-SNAPSHOT/WEB-INF/lib/servlet-api-2.3.jar) - jar not loaded. See Servlet Spec 2.3, section 9.7.2. Offending class: javax/servlet/Servlet.class
syys 12, 2013 2:39:59 IP. org.apache.catalina.startup.HostConfig checkResources
INFO: Reloading context [/kurki13]
syys 12, 2013 2:39:59 IP. org.apache.catalina.core.StandardContext reload
INFO: Reloading Context with name [/kurki13] has started
syys 12, 2013 2:39:59 IP. org.apache.catalina.loader.WebappClassLoader validateJarFile
INFO: validateJarFile(/cs/fs/home/mkctammi/ohtuprog/kurki13/target/kurki13-1.0-SNAPSHOT/WEB-INF/lib/servlet-api-2.3.jar) - jar not loaded. See Servlet Spec 2.3, section 9.7.2. Offending class: javax/servlet/Servlet.class
syys 12, 2013 2:40:00 IP. org.apache.catalina.core.StandardContext reload
INFO: Reloading Context with name [/kurki13] is completed
syys 12, 2013 2:41:05 IP. org.apache.catalina.startup.HostConfig deleteRedeployResources
INFO: Undeploying context [/kurki13]
syys 12, 2013 2:41:05 IP. org.apache.catalina.startup.HostConfig deployDescriptor
INFO: Deploying configuration descriptor /cs/fs/home/mkctammi/apache-tomcat-7.0.42/conf/Catalina/localhost/kurki13.xml
syys 12, 2013 2:41:05 IP. org.apache.catalina.loader.WebappClassLoader validateJarFile
INFO: validateJarFile(/cs/fs/home/mkctammi/ohtuprog/kurki13/target/kurki13-1.0-SNAPSHOT/WEB-INF/lib/servlet-api-2.3.jar) - jar not loaded. See Servlet Spec 2.3, section 9.7.2. Offending class: javax/servlet/Servlet.class
syys 12, 2013 2:41:06 IP. org.apache.catalina.util.LifecycleBase start
INFO: The start() method was called on component [StandardEngine[Catalina].StandardHost[localhost].StandardContext[/kurki13]] after start() had already been called. The second call will be ignored.
syys 12, 2013 2:42:20 IP. org.apache.catalina.loader.WebappClassLoader clearReferencesJdbc
SEVERE: The web application [/kurki13] registered the JDBC driver [oracle.jdbc.driver.OracleDriver] but failed to unregister it when the web application was stopped. To prevent a memory leak, the JDBC Driver has been forcibly unregistered.
syys 12, 2013 2:42:21 IP. org.apache.catalina.startup.HostConfig deleteRedeployResources
INFO: Undeploying context [/kurki13]
syys 12, 2013 2:42:21 IP. org.apache.catalina.startup.HostConfig deployDescriptor
INFO: Deploying configuration descriptor /cs/fs/home/mkctammi/apache-tomcat-7.0.42/conf/Catalina/localhost/kurki13.xml
syys 12, 2013 2:42:21 IP. org.apache.catalina.loader.WebappClassLoader validateJarFile
INFO: validateJarFile(/cs/fs/home/mkctammi/ohtuprog/kurki13/target/kurki13-1.0-SNAPSHOT/WEB-INF/lib/servlet-api-2.3.jar) - jar not loaded. See Servlet Spec 2.3, section 9.7.2. Offending class: javax/servlet/Servlet.class
syys 12, 2013 2:42:22 IP. org.apache.catalina.util.LifecycleBase start
INFO: The start() method was called on component [StandardEngine[Catalina].StandardHost[localhost].StandardContext[/kurki13]] after start() had already been called. The second call will be ignored.
syys 12, 2013 2:46:47 IP. org.apache.catalina.loader.WebappClassLoader clearReferencesJdbc
SEVERE: The web application [/kurki13] registered the JDBC driver [oracle.jdbc.driver.OracleDriver] but failed to unregister it when the web application was stopped. To prevent a memory leak, the JDBC Driver has been forcibly unregistered.
syys 12, 2013 2:46:48 IP. org.apache.catalina.startup.HostConfig deleteRedeployResources
INFO: Undeploying context [/kurki13]
syys 12, 2013 2:46:48 IP. org.apache.catalina.startup.ExpandWar deleteDir
SEVERE: [/cs/fs/home/mkctammi/apache-tomcat-7.0.42/work/Catalina/localhost/kurki13/loader/oracle/sql/converter_xcharset] could not be completely deleted. The presence of the remaining files may cause problems
syys 12, 2013 2:46:48 IP. org.apache.catalina.startup.ExpandWar deleteDir
SEVERE: [/cs/fs/home/mkctammi/apache-tomcat-7.0.42/work/Catalina/localhost/kurki13/loader/oracle/sql] could not be completely deleted. The presence of the remaining files may cause problems
syys 12, 2013 2:46:48 IP. org.apache.catalina.startup.ExpandWar deleteDir
SEVERE: [/cs/fs/home/mkctammi/apache-tomcat-7.0.42/work/Catalina/localhost/kurki13/loader/oracle] could not be completely deleted. The presence of the remaining files may cause problems
syys 12, 2013 2:46:48 IP. org.apache.catalina.startup.ExpandWar deleteDir
SEVERE: [/cs/fs/home/mkctammi/apache-tomcat-7.0.42/work/Catalina/localhost/kurki13/loader] could not be completely deleted. The presence of the remaining files may cause problems
syys 12, 2013 2:46:48 IP. org.apache.catalina.startup.ExpandWar deleteDir
SEVERE: [/cs/fs/home/mkctammi/apache-tomcat-7.0.42/work/Catalina/localhost/kurki13] could not be completely deleted. The presence of the remaining files may cause problems
syys 12, 2013 2:46:48 IP. org.apache.catalina.startup.ExpandWar delete
SEVERE: [/cs/fs/home/mkctammi/apache-tomcat-7.0.42/work/Catalina/localhost/kurki13] could not be completely deleted. The presence of the remaining files may cause problems
syys 12, 2013 2:46:48 IP. org.apache.catalina.startup.HostConfig deployDescriptor
INFO: Deploying configuration descriptor /cs/fs/home/mkctammi/apache-tomcat-7.0.42/conf/Catalina/localhost/kurki13.xml
syys 12, 2013 2:46:49 IP. org.apache.catalina.loader.WebappClassLoader validateJarFile
INFO: validateJarFile(/cs/fs/home/mkctammi/ohtuprog/kurki13/target/kurki13-1.0-SNAPSHOT/WEB-INF/lib/servlet-api-2.3.jar) - jar not loaded. See Servlet Spec 2.3, section 9.7.2. Offending class: javax/servlet/Servlet.class
syys 12, 2013 2:46:49 IP. org.apache.catalina.util.LifecycleBase start
INFO: The start() method was called on component [StandardEngine[Catalina].StandardHost[localhost].StandardContext[/kurki13]] after start() had already been called. The second call will be ignored.
syys 12, 2013 2:48:35 IP. org.apache.catalina.loader.WebappClassLoader clearReferencesJdbc
SEVERE: The web application [/kurki13] registered the JDBC driver [oracle.jdbc.driver.OracleDriver] but failed to unregister it when the web application was stopped. To prevent a memory leak, the JDBC Driver has been forcibly unregistered.
syys 12, 2013 2:48:36 IP. org.apache.catalina.startup.HostConfig deleteRedeployResources
INFO: Undeploying context [/kurki13]
syys 12, 2013 2:48:36 IP. org.apache.catalina.startup.ExpandWar deleteDir
SEVERE: [/cs/fs/home/mkctammi/apache-tomcat-7.0.42/work/Catalina/localhost/kurki13/loader/oracle/sql/converter_xcharset] could not be completely deleted. The presence of the remaining files may cause problems
syys 12, 2013 2:48:36 IP. org.apache.catalina.startup.ExpandWar deleteDir
SEVERE: [/cs/fs/home/mkctammi/apache-tomcat-7.0.42/work/Catalina/localhost/kurki13/loader/oracle/sql] could not be completely deleted. The presence of the remaining files may cause problems
syys 12, 2013 2:48:36 IP. org.apache.catalina.startup.ExpandWar deleteDir
SEVERE: [/cs/fs/home/mkctammi/apache-tomcat-7.0.42/work/Catalina/localhost/kurki13/loader/oracle] could not be completely deleted. The presence of the remaining files may cause problems
syys 12, 2013 2:48:36 IP. org.apache.catalina.startup.ExpandWar deleteDir
SEVERE: [/cs/fs/home/mkctammi/apache-tomcat-7.0.42/work/Catalina/localhost/kurki13/loader] could not be completely deleted. The presence of the remaining files may cause problems
syys 12, 2013 2:48:36 IP. org.apache.catalina.startup.ExpandWar deleteDir
SEVERE: [/cs/fs/home/mkctammi/apache-tomcat-7.0.42/work/Catalina/localhost/kurki13] could not be completely deleted. The presence of the remaining files may cause problems
syys 12, 2013 2:48:36 IP. org.apache.catalina.startup.ExpandWar delete
SEVERE: [/cs/fs/home/mkctammi/apache-tomcat-7.0.42/work/Catalina/localhost/kurki13] could not be completely deleted. The presence of the remaining files may cause problems
syys 12, 2013 2:48:36 IP. org.apache.catalina.startup.HostConfig deployDescriptor
INFO: Deploying configuration descriptor /cs/fs/home/mkctammi/apache-tomcat-7.0.42/conf/Catalina/localhost/kurki13.xml
syys 12, 2013 2:48:36 IP. org.apache.catalina.loader.WebappClassLoader validateJarFile
INFO: validateJarFile(/cs/fs/home/mkctammi/ohtuprog/kurki13/target/kurki13-1.0-SNAPSHOT/WEB-INF/lib/servlet-api-2.3.jar) - jar not loaded. See Servlet Spec 2.3, section 9.7.2. Offending class: javax/servlet/Servlet.class
syys 12, 2013 2:48:37 IP. org.apache.catalina.util.LifecycleBase start
INFO: The start() method was called on component [StandardEngine[Catalina].StandardHost[localhost].StandardContext[/kurki13]] after start() had already been called. The second call will be ignored.
syys 12, 2013 2:51:47 IP. org.apache.catalina.core.StandardContext reload
INFO: Reloading Context with name [/kurki13] has started
syys 12, 2013 2:51:47 IP. org.apache.catalina.loader.WebappClassLoader clearReferencesJdbc
SEVERE: The web application [/kurki13] registered the JDBC driver [oracle.jdbc.driver.OracleDriver] but failed to unregister it when the web application was stopped. To prevent a memory leak, the JDBC Driver has been forcibly unregistered.
syys 12, 2013 2:51:48 IP. org.apache.catalina.loader.WebappClassLoader validateJarFile
INFO: validateJarFile(/cs/fs/home/mkctammi/ohtuprog/kurki13/target/kurki13-1.0-SNAPSHOT/WEB-INF/lib/servlet-api-2.3.jar) - jar not loaded. See Servlet Spec 2.3, section 9.7.2. Offending class: javax/servlet/Servlet.class
syys 12, 2013 2:51:48 IP. org.apache.catalina.core.StandardContext reload
INFO: Reloading Context with name [/kurki13] is completed
syys 12, 2013 2:53:07 IP. org.apache.catalina.core.StandardContext reload
INFO: Reloading Context with name [/kurki13] has started
syys 12, 2013 2:53:07 IP. org.apache.catalina.loader.WebappClassLoader validateJarFile
INFO: validateJarFile(/cs/fs/home/mkctammi/ohtuprog/kurki13/target/kurki13-1.0-SNAPSHOT/WEB-INF/lib/servlet-api-2.3.jar) - jar not loaded. See Servlet Spec 2.3, section 9.7.2. Offending class: javax/servlet/Servlet.class
syys 12, 2013 2:53:08 IP. org.apache.catalina.core.StandardContext reload
INFO: Reloading Context with name [/kurki13] is completed
syys 12, 2013 2:53:28 IP. org.apache.catalina.core.StandardContext reload
INFO: Reloading Context with name [/kurki13] has started
syys 12, 2013 2:53:29 IP. org.apache.catalina.loader.WebappClassLoader validateJarFile
INFO: validateJarFile(/cs/fs/home/mkctammi/ohtuprog/kurki13/target/kurki13-1.0-SNAPSHOT/WEB-INF/lib/servlet-api-2.3.jar) - jar not loaded. See Servlet Spec 2.3, section 9.7.2. Offending class: javax/servlet/Servlet.class
syys 12, 2013 2:53:29 IP. org.apache.catalina.core.StandardContext reload
INFO: Reloading Context with name [/kurki13] is completed
syys 12, 2013 2:53:43 IP. org.apache.catalina.startup.HostConfig deleteRedeployResources
INFO: Undeploying context [/kurki13]
syys 12, 2013 2:53:43 IP. org.apache.catalina.startup.HostConfig deployDescriptor
INFO: Deploying configuration descriptor /cs/fs/home/mkctammi/apache-tomcat-7.0.42/conf/Catalina/localhost/kurki13.xml
syys 12, 2013 2:53:43 IP. org.apache.catalina.loader.WebappClassLoader validateJarFile
INFO: validateJarFile(/cs/fs/home/mkctammi/ohtuprog/kurki13/target/kurki13-1.0-SNAPSHOT/WEB-INF/lib/servlet-api-2.3.jar) - jar not loaded. See Servlet Spec 2.3, section 9.7.2. Offending class: javax/servlet/Servlet.class
syys 12, 2013 2:53:44 IP. org.apache.catalina.util.LifecycleBase start
INFO: The start() method was called on component [StandardEngine[Catalina].StandardHost[localhost].StandardContext[/kurki13]] after start() had already been called. The second call will be ignored.
syys 12, 2013 2:54:02 IP. org.apache.catalina.core.StandardContext reload
INFO: Reloading Context with name [/kurki13] has started
syys 12, 2013 2:54:02 IP. org.apache.catalina.loader.WebappClassLoader clearReferencesJdbc
SEVERE: The web application [/kurki13] registered the JDBC driver [oracle.jdbc.driver.OracleDriver] but failed to unregister it when the web application was stopped. To prevent a memory leak, the JDBC Driver has been forcibly unregistered.
syys 12, 2013 2:54:03 IP. org.apache.catalina.loader.WebappClassLoader validateJarFile
INFO: validateJarFile(/cs/fs/home/mkctammi/ohtuprog/kurki13/target/kurki13-1.0-SNAPSHOT/WEB-INF/lib/servlet-api-2.3.jar) - jar not loaded. See Servlet Spec 2.3, section 9.7.2. Offending class: javax/servlet/Servlet.class
syys 12, 2013 2:54:04 IP. org.apache.catalina.core.StandardContext reload
INFO: Reloading Context with name [/kurki13] is completed
syys 12, 2013 3:28:37 IP. org.apache.catalina.core.StandardServer await
INFO: A valid shutdown command was received via the shutdown port. Stopping the Server instance.
syys 12, 2013 3:28:37 IP. org.apache.coyote.AbstractProtocol pause
INFO: Pausing ProtocolHandler ["http-bio-8080"]
syys 12, 2013 3:28:37 IP. org.apache.coyote.AbstractProtocol pause
INFO: Pausing ProtocolHandler ["ajp-bio-8009"]
syys 12, 2013 3:28:37 IP. org.apache.catalina.core.StandardService stopInternal
INFO: Stopping service Catalina
syys 12, 2013 3:28:37 IP. org.apache.coyote.AbstractProtocol stop
INFO: Stopping ProtocolHandler ["http-bio-8080"]
syys 12, 2013 3:28:37 IP. org.apache.coyote.AbstractProtocol stop
INFO: Stopping ProtocolHandler ["ajp-bio-8009"]
syys 12, 2013 3:28:37 IP. org.apache.coyote.AbstractProtocol destroy
INFO: Destroying ProtocolHandler ["http-bio-8080"]
syys 12, 2013 3:28:37 IP. org.apache.coyote.AbstractProtocol destroy
INFO: Destroying ProtocolHandler ["ajp-bio-8009"]
syys 12, 2013 4:02:06 IP. org.apache.catalina.core.AprLifecycleListener init
INFO: The APR based Apache Tomcat Native library which allows optimal performance in production environments was not found on the java.library.path: /usr/lib/jvm/java-7-openjdk-amd64/jre/lib/amd64:/usr/lib/jvm/java-7-openjdk-amd64/jre/lib/i386::/usr/java/packages/lib/amd64:/usr/lib/jni:/lib:/usr/lib
syys 12, 2013 4:02:06 IP. org.apache.coyote.AbstractProtocol init
INFO: Initializing ProtocolHandler ["http-bio-8080"]
syys 12, 2013 4:02:06 IP. org.apache.coyote.AbstractProtocol init
INFO: Initializing ProtocolHandler ["ajp-bio-8009"]
syys 12, 2013 4:02:06 IP. org.apache.catalina.startup.Catalina load
INFO: Initialization processed in 446 ms
syys 12, 2013 4:02:06 IP. org.apache.catalina.core.StandardService startInternal
INFO: Starting service Catalina
syys 12, 2013 4:02:06 IP. org.apache.catalina.core.StandardEngine startInternal
INFO: Starting Servlet Engine: Apache Tomcat/7.0.42
syys 12, 2013 4:02:06 IP. org.apache.catalina.startup.HostConfig deployDescriptor
INFO: Deploying configuration descriptor /cs/fs/home/mkctammi/apache-tomcat-7.0.42/conf/Catalina/localhost/kurki13.xml
syys 12, 2013 4:02:07 IP. org.apache.catalina.loader.WebappClassLoader validateJarFile
INFO: validateJarFile(/cs/fs/home/mkctammi/ohtuprog/kurki13/target/kurki13-1.0-SNAPSHOT/WEB-INF/lib/servlet-api-2.3.jar) - jar not loaded. See Servlet Spec 2.3, section 9.7.2. Offending class: javax/servlet/Servlet.class
syys 12, 2013 4:02:08 IP. org.apache.catalina.startup.HostConfig deployDirectory
INFO: Deploying web application directory /cs/fs/home/mkctammi/apache-tomcat-7.0.42/webapps/docs
syys 12, 2013 4:02:08 IP. org.apache.catalina.startup.HostConfig deployDirectory
INFO: Deploying web application directory /cs/fs/home/mkctammi/apache-tomcat-7.0.42/webapps/host-manager
syys 12, 2013 4:02:08 IP. org.apache.catalina.startup.HostConfig deployDirectory
INFO: Deploying web application directory /cs/fs/home/mkctammi/apache-tomcat-7.0.42/webapps/examples
syys 12, 2013 4:02:08 IP. org.apache.catalina.startup.HostConfig deployDirectory
INFO: Deploying web application directory /cs/fs/home/mkctammi/apache-tomcat-7.0.42/webapps/ROOT
syys 12, 2013 4:02:08 IP. org.apache.catalina.startup.HostConfig deployDirectory
INFO: Deploying web application directory /cs/fs/home/mkctammi/apache-tomcat-7.0.42/webapps/manager
syys 12, 2013 4:02:08 IP. org.apache.coyote.AbstractProtocol start
INFO: Starting ProtocolHandler ["http-bio-8080"]
syys 12, 2013 4:02:08 IP. org.apache.coyote.AbstractProtocol start
INFO: Starting ProtocolHandler ["ajp-bio-8009"]
syys 12, 2013 4:02:08 IP. org.apache.catalina.startup.Catalina start
INFO: Server startup in 1563 ms
syys 12, 2013 4:02:09 IP. org.apache.catalina.startup.HostConfig deleteRedeployResources
INFO: Undeploying context [/kurki13]
syys 12, 2013 4:02:09 IP. org.apache.catalina.startup.HostConfig deployDescriptor
INFO: Deploying configuration descriptor /cs/fs/home/mkctammi/apache-tomcat-7.0.42/conf/Catalina/localhost/kurki13.xml
syys 12, 2013 4:02:09 IP. org.apache.catalina.loader.WebappClassLoader validateJarFile
INFO: validateJarFile(/cs/fs/home/mkctammi/ohtuprog/kurki13/target/kurki13-1.0-SNAPSHOT/WEB-INF/lib/servlet-api-2.3.jar) - jar not loaded. See Servlet Spec 2.3, section 9.7.2. Offending class: javax/servlet/Servlet.class
syys 12, 2013 4:02:10 IP. org.apache.catalina.util.LifecycleBase start
INFO: The start() method was called on component [StandardEngine[Catalina].StandardHost[localhost].StandardContext[/kurki13]] after start() had already been called. The second call will be ignored.
syys 12, 2013 4:03:25 IP. org.apache.catalina.core.StandardContext reload
INFO: Reloading Context with name [/kurki13] has started
syys 12, 2013 4:03:25 IP. org.apache.catalina.loader.WebappClassLoader clearReferencesJdbc
SEVERE: The web application [/kurki13] registered the JDBC driver [oracle.jdbc.driver.OracleDriver] but failed to unregister it when the web application was stopped. To prevent a memory leak, the JDBC Driver has been forcibly unregistered.
syys 12, 2013 4:03:26 IP. org.apache.catalina.loader.WebappClassLoader validateJarFile
INFO: validateJarFile(/cs/fs/home/mkctammi/ohtuprog/kurki13/target/kurki13-1.0-SNAPSHOT/WEB-INF/lib/servlet-api-2.3.jar) - jar not loaded. See Servlet Spec 2.3, section 9.7.2. Offending class: javax/servlet/Servlet.class
syys 12, 2013 4:03:26 IP. org.apache.catalina.core.StandardContext reload
INFO: Reloading Context with name [/kurki13] is completed
syys 12, 2013 4:03:32 IP. org.apache.catalina.core.StandardContext reload
INFO: Reloading Context with name [/kurki13] has started
syys 12, 2013 4:03:33 IP. org.apache.catalina.loader.WebappClassLoader validateJarFile
INFO: validateJarFile(/cs/fs/home/mkctammi/ohtuprog/kurki13/target/kurki13-1.0-SNAPSHOT/WEB-INF/lib/servlet-api-2.3.jar) - jar not loaded. See Servlet Spec 2.3, section 9.7.2. Offending class: javax/servlet/Servlet.class
syys 12, 2013 4:03:33 IP. org.apache.catalina.core.StandardContext reload
INFO: Reloading Context with name [/kurki13] is completed
syys 12, 2013 4:05:08 IP. org.apache.catalina.startup.HostConfig deleteRedeployResources
INFO: Undeploying context [/kurki13]
syys 12, 2013 4:05:08 IP. org.apache.catalina.startup.ExpandWar deleteDir
SEVERE: [/cs/fs/home/mkctammi/apache-tomcat-7.0.42/work/Catalina/localhost/kurki13/loader/oracle/sql/converter_xcharset] could not be completely deleted. The presence of the remaining files may cause problems
syys 12, 2013 4:05:08 IP. org.apache.catalina.startup.ExpandWar deleteDir
SEVERE: [/cs/fs/home/mkctammi/apache-tomcat-7.0.42/work/Catalina/localhost/kurki13/loader/oracle/sql] could not be completely deleted. The presence of the remaining files may cause problems
syys 12, 2013 4:05:08 IP. org.apache.catalina.startup.ExpandWar deleteDir
SEVERE: [/cs/fs/home/mkctammi/apache-tomcat-7.0.42/work/Catalina/localhost/kurki13/loader/oracle] could not be completely deleted. The presence of the remaining files may cause problems
syys 12, 2013 4:05:08 IP. org.apache.catalina.startup.ExpandWar deleteDir
SEVERE: [/cs/fs/home/mkctammi/apache-tomcat-7.0.42/work/Catalina/localhost/kurki13/loader] could not be completely deleted. The presence of the remaining files may cause problems
syys 12, 2013 4:05:08 IP. org.apache.catalina.startup.ExpandWar deleteDir
SEVERE: [/cs/fs/home/mkctammi/apache-tomcat-7.0.42/work/Catalina/localhost/kurki13] could not be completely deleted. The presence of the remaining files may cause problems
syys 12, 2013 4:05:08 IP. org.apache.catalina.startup.ExpandWar delete
SEVERE: [/cs/fs/home/mkctammi/apache-tomcat-7.0.42/work/Catalina/localhost/kurki13] could not be completely deleted. The presence of the remaining files may cause problems
syys 12, 2013 4:05:33 IP. org.apache.catalina.startup.HostConfig deployDescriptor
INFO: Deploying configuration descriptor /cs/fs/home/mkctammi/apache-tomcat-7.0.42/conf/Catalina/localhost/kurki13.xml
syys 12, 2013 4:05:33 IP. org.apache.catalina.loader.WebappClassLoader validateJarFile
INFO: validateJarFile(/cs/fs/home/mkctammi/ohtuprog/kurki13/target/kurki13-1.0-SNAPSHOT/WEB-INF/lib/servlet-api-2.3.jar) - jar not loaded. See Servlet Spec 2.3, section 9.7.2. Offending class: javax/servlet/Servlet.class
syys 12, 2013 4:05:34 IP. org.apache.catalina.util.LifecycleBase start
INFO: The start() method was called on component [StandardEngine[Catalina].StandardHost[localhost].StandardContext[/kurki13]] after start() had already been called. The second call will be ignored.
syys 12, 2013 4:09:58 IP. org.apache.catalina.loader.WebappClassLoader clearReferencesJdbc
SEVERE: The web application [/kurki13] registered the JDBC driver [oracle.jdbc.driver.OracleDriver] but failed to unregister it when the web application was stopped. To prevent a memory leak, the JDBC Driver has been forcibly unregistered.
syys 12, 2013 4:09:59 IP. org.apache.catalina.startup.HostConfig deleteRedeployResources
INFO: Undeploying context [/kurki13]
syys 12, 2013 4:09:59 IP. org.apache.catalina.startup.ExpandWar deleteDir
SEVERE: [/cs/fs/home/mkctammi/apache-tomcat-7.0.42/work/Catalina/localhost/kurki13/loader/oracle/sql/converter_xcharset] could not be completely deleted. The presence of the remaining files may cause problems
syys 12, 2013 4:09:59 IP. org.apache.catalina.startup.ExpandWar deleteDir
SEVERE: [/cs/fs/home/mkctammi/apache-tomcat-7.0.42/work/Catalina/localhost/kurki13/loader/oracle/sql] could not be completely deleted. The presence of the remaining files may cause problems
syys 12, 2013 4:09:59 IP. org.apache.catalina.startup.ExpandWar deleteDir
SEVERE: [/cs/fs/home/mkctammi/apache-tomcat-7.0.42/work/Catalina/localhost/kurki13/loader/oracle] could not be completely deleted. The presence of the remaining files may cause problems
syys 12, 2013 4:09:59 IP. org.apache.catalina.startup.ExpandWar deleteDir
SEVERE: [/cs/fs/home/mkctammi/apache-tomcat-7.0.42/work/Catalina/localhost/kurki13/loader] could not be completely deleted. The presence of the remaining files may cause problems
syys 12, 2013 4:09:59 IP. org.apache.catalina.startup.ExpandWar deleteDir
SEVERE: [/cs/fs/home/mkctammi/apache-tomcat-7.0.42/work/Catalina/localhost/kurki13] could not be completely deleted. The presence of the remaining files may cause problems
syys 12, 2013 4:09:59 IP. org.apache.catalina.startup.ExpandWar delete
SEVERE: [/cs/fs/home/mkctammi/apache-tomcat-7.0.42/work/Catalina/localhost/kurki13] could not be completely deleted. The presence of the remaining files may cause problems
syys 12, 2013 4:45:12 IP. org.apache.coyote.AbstractProtocol pause
INFO: Pausing ProtocolHandler ["http-bio-8080"]
syys 12, 2013 4:45:12 IP. org.apache.coyote.AbstractProtocol pause
INFO: Pausing ProtocolHandler ["ajp-bio-8009"]
syys 12, 2013 4:45:12 IP. org.apache.catalina.core.StandardService stopInternal
INFO: Stopping service Catalina
syys 12, 2013 4:45:12 IP. org.apache.coyote.AbstractProtocol stop
INFO: Stopping ProtocolHandler ["http-bio-8080"]
syys 12, 2013 4:45:12 IP. org.apache.coyote.AbstractProtocol stop
INFO: Stopping ProtocolHandler ["ajp-bio-8009"]
syys 12, 2013 4:45:12 IP. org.apache.coyote.AbstractProtocol destroy
INFO: Destroying ProtocolHandler ["http-bio-8080"]
syys 12, 2013 4:45:12 IP. org.apache.coyote.AbstractProtocol destroy
INFO: Destroying ProtocolHandler ["ajp-bio-8009"]
