syys 10, 2013 12:48:47 IP. org.apache.catalina.core.ApplicationContext log
INFO: Manager: init: Associated with Deployer 'Catalina:type=Deployer,host=localhost'
syys 10, 2013 12:48:47 IP. org.apache.catalina.core.ApplicationContext log
INFO: Manager: init: Global resources are available
syys 10, 2013 12:48:47 IP. org.apache.catalina.core.ApplicationContext log
INFO: Manager: list: Listing contexts for virtual host 'localhost'
syys 10, 2013 12:48:47 IP. org.apache.catalina.core.ApplicationContext log
INFO: Manager: list: Listing contexts for virtual host 'localhost'
syys 10, 2013 12:48:47 IP. org.apache.catalina.core.ApplicationContext log
INFO: Manager: install: Installing context configuration at 'file:/tmp/context3909117887108542602.xml'
syys 10, 2013 12:48:47 IP. org.apache.catalina.core.ApplicationContext log
INFO: Manager: start: Starting web application '/kurki13'
syys 10, 2013 12:50:48 IP. org.apache.catalina.core.ApplicationContext log
INFO: Manager: list: Listing contexts for virtual host 'localhost'
syys 10, 2013 12:50:48 IP. org.apache.catalina.core.ApplicationContext log
INFO: Manager: list: Listing contexts for virtual host 'localhost'
syys 10, 2013 12:50:48 IP. org.apache.catalina.core.ApplicationContext log
INFO: Manager: undeploy: Undeploying web application at '/kurki13'
syys 10, 2013 12:50:49 IP. org.apache.catalina.core.ApplicationContext log
INFO: Manager: install: Installing context configuration at 'file:/tmp/context8798408727006335441.xml'
syys 10, 2013 12:50:49 IP. org.apache.catalina.core.ApplicationContext log
INFO: Manager: start: Starting web application '/kurki13'
syys 10, 2013 1:03:42 IP. org.apache.catalina.core.ApplicationContext log
INFO: Manager: list: Listing contexts for virtual host 'localhost'
syys 10, 2013 1:03:42 IP. org.apache.catalina.core.ApplicationContext log
INFO: Manager: stop: Stopping web application '/kurki13'
syys 10, 2013 1:03:42 IP. org.apache.catalina.core.ApplicationContext log
INFO: Manager: start: Starting web application '/kurki13'
syys 10, 2013 1:03:44 IP. org.apache.catalina.core.ApplicationContext log
INFO: Manager: list: Listing contexts for virtual host 'localhost'
syys 10, 2013 1:03:44 IP. org.apache.catalina.core.ApplicationContext log
INFO: Manager: stop: Stopping web application '/kurki13'
syys 10, 2013 1:03:45 IP. org.apache.catalina.core.ApplicationContext log
INFO: Manager: start: Starting web application '/kurki13'
syys 10, 2013 1:12:52 IP. org.apache.catalina.core.ApplicationContext log
INFO: Manager: list: Listing contexts for virtual host 'localhost'
syys 10, 2013 1:12:52 IP. org.apache.catalina.core.ApplicationContext log
INFO: Manager: stop: Stopping web application '/kurki13'
syys 10, 2013 1:12:53 IP. org.apache.catalina.core.ApplicationContext log
INFO: Manager: start: Starting web application '/kurki13'
syys 10, 2013 1:17:32 IP. org.apache.catalina.core.ApplicationContext log
INFO: Manager: list: Listing contexts for virtual host 'localhost'
syys 10, 2013 1:17:32 IP. org.apache.catalina.core.ApplicationContext log
INFO: Manager: undeploy: Undeploying web application at '/kurki13'
syys 10, 2013 1:17:33 IP. org.apache.catalina.core.ApplicationContext log
INFO: Manager: install: Installing context configuration at 'file:/tmp/context8173956739204042649.xml'
syys 10, 2013 1:18:22 IP. org.apache.catalina.core.ApplicationContext log
INFO: Manager: list: Listing contexts for virtual host 'localhost'
syys 10, 2013 1:18:22 IP. org.apache.catalina.core.ApplicationContext log
INFO: Manager: stop: Stopping web application '/kurki13'
syys 10, 2013 1:18:22 IP. org.apache.catalina.core.ApplicationContext log
INFO: Manager: start: Starting web application '/kurki13'
syys 10, 2013 1:22:20 IP. org.apache.catalina.core.ApplicationContext log
INFO: Manager: list: Listing contexts for virtual host 'localhost'
syys 10, 2013 1:22:20 IP. org.apache.catalina.core.ApplicationContext log
INFO: Manager: stop: Stopping web application '/kurki13'
syys 10, 2013 1:22:21 IP. org.apache.catalina.core.ApplicationContext log
INFO: Manager: start: Starting web application '/kurki13'
syys 10, 2013 1:23:57 IP. org.apache.catalina.core.ApplicationContext log
INFO: Manager: list: Listing contexts for virtual host 'localhost'
syys 10, 2013 1:23:57 IP. org.apache.catalina.core.ApplicationContext log
INFO: Manager: restart: Reloading web application '/kurki13'
syys 10, 2013 1:24:01 IP. org.apache.catalina.core.ApplicationContext log
INFO: Manager: list: Listing contexts for virtual host 'localhost'
syys 10, 2013 1:24:01 IP. org.apache.catalina.core.ApplicationContext log
INFO: Manager: restart: Reloading web application '/kurki13'
syys 10, 2013 1:24:58 IP. org.apache.catalina.core.ApplicationContext log
INFO: Manager: list: Listing contexts for virtual host 'localhost'
syys 10, 2013 1:24:58 IP. org.apache.catalina.core.ApplicationContext log
INFO: Manager: list: Listing contexts for virtual host 'localhost'
syys 10, 2013 1:24:58 IP. org.apache.catalina.core.ApplicationContext log
INFO: Manager: undeploy: Undeploying web application at '/kurki13'
syys 10, 2013 1:24:59 IP. org.apache.catalina.core.ApplicationContext log
INFO: Manager: install: Installing context configuration at 'file:/tmp/context59462760553961123.xml'
syys 10, 2013 1:25:00 IP. org.apache.catalina.core.ApplicationContext log
INFO: Manager: start: Starting web application '/kurki13'
syys 10, 2013 1:27:57 IP. org.apache.catalina.core.ApplicationContext log
INFO: Manager: list: Listing contexts for virtual host 'localhost'
syys 10, 2013 1:27:57 IP. org.apache.catalina.core.ApplicationContext log
INFO: Manager: list: Listing contexts for virtual host 'localhost'
syys 10, 2013 1:27:57 IP. org.apache.catalina.core.ApplicationContext log
INFO: Manager: undeploy: Undeploying web application at '/kurki13'
syys 10, 2013 1:27:58 IP. org.apache.catalina.core.ApplicationContext log
INFO: Manager: install: Installing context configuration at 'file:/tmp/context7593865151117324213.xml'
syys 10, 2013 1:27:59 IP. org.apache.catalina.core.ApplicationContext log
INFO: Manager: start: Starting web application '/kurki13'
syys 10, 2013 1:28:18 IP. org.apache.catalina.core.ApplicationContext log
INFO: Manager: list: Listing contexts for virtual host 'localhost'
syys 10, 2013 1:28:18 IP. org.apache.catalina.core.ApplicationContext log
INFO: Manager: list: Listing contexts for virtual host 'localhost'
syys 10, 2013 1:28:18 IP. org.apache.catalina.core.ApplicationContext log
INFO: Manager: undeploy: Undeploying web application at '/kurki13'
syys 10, 2013 1:28:19 IP. org.apache.catalina.core.ApplicationContext log
INFO: Manager: install: Installing context configuration at 'file:/tmp/context7389660378294942735.xml'
syys 10, 2013 1:28:19 IP. org.apache.catalina.core.ApplicationContext log
INFO: Manager: start: Starting web application '/kurki13'
syys 10, 2013 2:03:14 IP. org.apache.catalina.core.ApplicationContext log
INFO: Manager: list: Listing contexts for virtual host 'localhost'
syys 10, 2013 2:03:14 IP. org.apache.catalina.core.ApplicationContext log
INFO: Manager: stop: Stopping web application '/kurki13'
syys 10, 2013 2:03:15 IP. org.apache.catalina.core.ApplicationContext log
INFO: Manager: start: Starting web application '/kurki13'
syys 10, 2013 2:04:23 IP. org.apache.catalina.core.ApplicationContext log
INFO: Manager: list: Listing contexts for virtual host 'localhost'
syys 10, 2013 2:04:23 IP. org.apache.catalina.core.ApplicationContext log
INFO: Manager: list: Listing contexts for virtual host 'localhost'
syys 10, 2013 2:04:23 IP. org.apache.catalina.core.ApplicationContext log
INFO: Manager: undeploy: Undeploying web application at '/kurki13'
syys 10, 2013 2:04:24 IP. org.apache.catalina.core.ApplicationContext log
INFO: Manager: install: Installing context configuration at 'file:/tmp/context7520138897915067080.xml'
syys 10, 2013 2:04:25 IP. org.apache.catalina.core.ApplicationContext log
INFO: Manager: start: Starting web application '/kurki13'
syys 10, 2013 2:07:24 IP. org.apache.catalina.core.ApplicationContext log
INFO: Manager: list: Listing contexts for virtual host 'localhost'
syys 10, 2013 2:07:24 IP. org.apache.catalina.core.ApplicationContext log
INFO: Manager: stop: Stopping web application '/kurki13'
syys 10, 2013 2:07:25 IP. org.apache.catalina.core.ApplicationContext log
INFO: Manager: start: Starting web application '/kurki13'
syys 10, 2013 2:07:44 IP. org.apache.catalina.core.ApplicationContext log
INFO: Manager: list: Listing contexts for virtual host 'localhost'
syys 10, 2013 2:07:44 IP. org.apache.catalina.core.ApplicationContext log
INFO: Manager: list: Listing contexts for virtual host 'localhost'
syys 10, 2013 2:07:44 IP. org.apache.catalina.core.ApplicationContext log
INFO: Manager: undeploy: Undeploying web application at '/kurki13'
syys 10, 2013 2:07:45 IP. org.apache.catalina.core.ApplicationContext log
INFO: Manager: install: Installing context configuration at 'file:/tmp/context4822128918319819708.xml'
syys 10, 2013 2:07:46 IP. org.apache.catalina.core.ApplicationContext log
INFO: Manager: start: Starting web application '/kurki13'
syys 10, 2013 2:08:39 IP. org.apache.catalina.core.ApplicationContext log
INFO: Manager: list: Listing contexts for virtual host 'localhost'
syys 10, 2013 2:08:39 IP. org.apache.catalina.core.ApplicationContext log
INFO: Manager: stop: Stopping web application '/kurki13'
syys 10, 2013 2:08:40 IP. org.apache.catalina.core.ApplicationContext log
INFO: Manager: start: Starting web application '/kurki13'
syys 10, 2013 2:09:14 IP. org.apache.catalina.core.ApplicationContext log
INFO: Manager: list: Listing contexts for virtual host 'localhost'
syys 10, 2013 2:09:14 IP. org.apache.catalina.core.ApplicationContext log
INFO: Manager: stop: Stopping web application '/kurki13'
syys 10, 2013 2:09:16 IP. org.apache.catalina.core.ApplicationContext log
INFO: Manager: start: Starting web application '/kurki13'
syys 10, 2013 2:10:08 IP. org.apache.catalina.core.ApplicationContext log
INFO: Manager: list: Listing contexts for virtual host 'localhost'
syys 10, 2013 2:10:08 IP. org.apache.catalina.core.ApplicationContext log
INFO: Manager: stop: Stopping web application '/kurki13'
syys 10, 2013 2:10:09 IP. org.apache.catalina.core.ApplicationContext log
INFO: Manager: start: Starting web application '/kurki13'
syys 10, 2013 2:10:47 IP. org.apache.catalina.core.ApplicationContext log
INFO: Manager: list: Listing contexts for virtual host 'localhost'
syys 10, 2013 2:10:47 IP. org.apache.catalina.core.ApplicationContext log
INFO: Manager: list: Listing contexts for virtual host 'localhost'
syys 10, 2013 2:10:47 IP. org.apache.catalina.core.ApplicationContext log
INFO: Manager: undeploy: Undeploying web application at '/kurki13'
syys 10, 2013 2:10:48 IP. org.apache.catalina.core.ApplicationContext log
INFO: Manager: install: Installing context configuration at 'file:/tmp/context6359713434717246489.xml'
syys 10, 2013 2:10:49 IP. org.apache.catalina.core.ApplicationContext log
INFO: Manager: start: Starting web application '/kurki13'
syys 10, 2013 2:11:51 IP. org.apache.catalina.core.ApplicationContext log
INFO: Manager: list: Listing contexts for virtual host 'localhost'
syys 10, 2013 2:11:51 IP. org.apache.catalina.core.ApplicationContext log
INFO: Manager: list: Listing contexts for virtual host 'localhost'
syys 10, 2013 2:11:51 IP. org.apache.catalina.core.ApplicationContext log
INFO: Manager: undeploy: Undeploying web application at '/kurki13'
syys 10, 2013 2:11:52 IP. org.apache.catalina.core.ApplicationContext log
INFO: Manager: install: Installing context configuration at 'file:/tmp/context3584448151408909799.xml'
syys 10, 2013 2:11:53 IP. org.apache.catalina.core.ApplicationContext log
INFO: Manager: start: Starting web application '/kurki13'
syys 10, 2013 2:18:10 IP. org.apache.catalina.core.ApplicationContext log
INFO: Manager: list: Listing contexts for virtual host 'localhost'
syys 10, 2013 2:18:10 IP. org.apache.catalina.core.ApplicationContext log
INFO: Manager: stop: Stopping web application '/kurki13'
syys 10, 2013 2:18:10 IP. org.apache.catalina.core.ApplicationContext log
INFO: Manager: start: Starting web application '/kurki13'
syys 10, 2013 2:18:20 IP. org.apache.catalina.core.ApplicationContext log
INFO: Manager: list: Listing contexts for virtual host 'localhost'
syys 10, 2013 2:18:20 IP. org.apache.catalina.core.ApplicationContext log
INFO: Manager: stop: Stopping web application '/kurki13'
syys 10, 2013 2:18:20 IP. org.apache.catalina.core.ApplicationContext log
INFO: Manager: start: Starting web application '/kurki13'
syys 10, 2013 2:18:23 IP. org.apache.catalina.core.ApplicationContext log
INFO: Manager: list: Listing contexts for virtual host 'localhost'
syys 10, 2013 2:18:23 IP. org.apache.catalina.core.ApplicationContext log
INFO: Manager: stop: Stopping web application '/kurki13'
syys 10, 2013 2:18:24 IP. org.apache.catalina.core.ApplicationContext log
INFO: Manager: start: Starting web application '/kurki13'
syys 10, 2013 2:18:48 IP. org.apache.catalina.core.ApplicationContext log
INFO: Manager: list: Listing contexts for virtual host 'localhost'
syys 10, 2013 2:18:48 IP. org.apache.catalina.core.ApplicationContext log
INFO: Manager: list: Listing contexts for virtual host 'localhost'
syys 10, 2013 2:18:48 IP. org.apache.catalina.core.ApplicationContext log
INFO: Manager: undeploy: Undeploying web application at '/kurki13'
syys 10, 2013 2:18:49 IP. org.apache.catalina.core.ApplicationContext log
INFO: Manager: install: Installing context configuration at 'file:/tmp/context167425202716225673.xml'
syys 10, 2013 2:18:50 IP. org.apache.catalina.core.ApplicationContext log
INFO: Manager: start: Starting web application '/kurki13'
syys 10, 2013 2:21:00 IP. org.apache.catalina.core.ApplicationContext log
INFO: Manager: list: Listing contexts for virtual host 'localhost'
syys 10, 2013 2:21:00 IP. org.apache.catalina.core.ApplicationContext log
INFO: Manager: stop: Stopping web application '/kurki13'
syys 10, 2013 2:21:00 IP. org.apache.catalina.core.ApplicationContext log
INFO: Manager: start: Starting web application '/kurki13'
syys 10, 2013 2:23:07 IP. org.apache.catalina.core.ApplicationContext log
INFO: Manager: list: Listing contexts for virtual host 'localhost'
syys 10, 2013 2:23:07 IP. org.apache.catalina.core.ApplicationContext log
INFO: Manager: stop: Stopping web application '/kurki13'
syys 10, 2013 2:23:07 IP. org.apache.catalina.core.ApplicationContext log
INFO: Manager: start: Starting web application '/kurki13'
syys 10, 2013 2:23:21 IP. org.apache.catalina.core.ApplicationContext log
INFO: Manager: list: Listing contexts for virtual host 'localhost'
syys 10, 2013 2:23:21 IP. org.apache.catalina.core.ApplicationContext log
INFO: Manager: list: Listing contexts for virtual host 'localhost'
syys 10, 2013 2:23:21 IP. org.apache.catalina.core.ApplicationContext log
INFO: Manager: undeploy: Undeploying web application at '/kurki13'
syys 10, 2013 2:23:22 IP. org.apache.catalina.core.ApplicationContext log
INFO: Manager: install: Installing context configuration at 'file:/tmp/context2318627772498611847.xml'
syys 10, 2013 2:23:22 IP. org.apache.catalina.core.ApplicationContext log
INFO: Manager: start: Starting web application '/kurki13'
syys 10, 2013 2:24:25 IP. org.apache.catalina.core.ApplicationContext log
INFO: Manager: list: Listing contexts for virtual host 'localhost'
syys 10, 2013 2:24:25 IP. org.apache.catalina.core.ApplicationContext log
INFO: Manager: list: Listing contexts for virtual host 'localhost'
syys 10, 2013 2:24:25 IP. org.apache.catalina.core.ApplicationContext log
INFO: Manager: undeploy: Undeploying web application at '/kurki13'
syys 10, 2013 2:24:26 IP. org.apache.catalina.core.ApplicationContext log
INFO: Manager: install: Installing context configuration at 'file:/tmp/context2924043133921731450.xml'
syys 10, 2013 2:24:26 IP. org.apache.catalina.core.ApplicationContext log
INFO: Manager: start: Starting web application '/kurki13'
syys 10, 2013 2:25:16 IP. org.apache.catalina.core.ApplicationContext log
INFO: Manager: list: Listing contexts for virtual host 'localhost'
syys 10, 2013 2:25:16 IP. org.apache.catalina.core.ApplicationContext log
INFO: Manager: stop: Stopping web application '/kurki13'
syys 10, 2013 2:25:17 IP. org.apache.catalina.core.ApplicationContext log
INFO: Manager: start: Starting web application '/kurki13'
syys 10, 2013 2:25:25 IP. org.apache.catalina.core.ApplicationContext log
INFO: Manager: list: Listing contexts for virtual host 'localhost'
syys 10, 2013 2:25:25 IP. org.apache.catalina.core.ApplicationContext log
INFO: Manager: list: Listing contexts for virtual host 'localhost'
syys 10, 2013 2:25:25 IP. org.apache.catalina.core.ApplicationContext log
INFO: Manager: undeploy: Undeploying web application at '/kurki13'
syys 10, 2013 2:25:26 IP. org.apache.catalina.core.ApplicationContext log
INFO: Manager: install: Installing context configuration at 'file:/tmp/context2975400749450260919.xml'
syys 10, 2013 2:25:26 IP. org.apache.catalina.core.ApplicationContext log
INFO: Manager: start: Starting web application '/kurki13'
syys 10, 2013 2:25:38 IP. org.apache.catalina.core.ApplicationContext log
INFO: Manager: list: Listing contexts for virtual host 'localhost'
syys 10, 2013 2:25:38 IP. org.apache.catalina.core.ApplicationContext log
INFO: Manager: stop: Stopping web application '/kurki13'
syys 10, 2013 2:25:39 IP. org.apache.catalina.core.ApplicationContext log
INFO: Manager: start: Starting web application '/kurki13'
syys 10, 2013 2:25:53 IP. org.apache.catalina.core.ApplicationContext log
INFO: Manager: list: Listing contexts for virtual host 'localhost'
syys 10, 2013 2:26:01 IP. org.apache.catalina.core.ApplicationContext log
INFO: Manager: list: Listing contexts for virtual host 'localhost'
syys 10, 2013 2:26:01 IP. org.apache.catalina.core.ApplicationContext log
INFO: Manager: list: Listing contexts for virtual host 'localhost'
syys 10, 2013 2:26:01 IP. org.apache.catalina.core.ApplicationContext log
INFO: Manager: undeploy: Undeploying web application at '/kurki13'
syys 10, 2013 2:26:02 IP. org.apache.catalina.core.ApplicationContext log
INFO: Manager: install: Installing context configuration at 'file:/tmp/context3809508239121587241.xml'
syys 10, 2013 2:26:03 IP. org.apache.catalina.core.ApplicationContext log
INFO: Manager: start: Starting web application '/kurki13'
syys 10, 2013 2:26:40 IP. org.apache.catalina.core.ApplicationContext log
INFO: Manager: list: Listing contexts for virtual host 'localhost'
syys 10, 2013 2:26:40 IP. org.apache.catalina.core.ApplicationContext log
INFO: Manager: restart: Reloading web application '/kurki13'
syys 10, 2013 2:26:41 IP. org.apache.catalina.core.ApplicationContext log
INFO: Manager: list: Listing contexts for virtual host 'localhost'
syys 10, 2013 2:26:41 IP. org.apache.catalina.core.ApplicationContext log
INFO: Manager: restart: Reloading web application '/kurki13'
syys 10, 2013 2:27:02 IP. org.apache.catalina.core.ApplicationContext log
INFO: Manager: list: Listing contexts for virtual host 'localhost'
syys 10, 2013 2:27:02 IP. org.apache.catalina.core.ApplicationContext log
INFO: Manager: restart: Reloading web application '/kurki13'
syys 10, 2013 2:27:21 IP. org.apache.catalina.core.ApplicationContext log
INFO: Manager: list: Listing contexts for virtual host 'localhost'
syys 10, 2013 2:27:21 IP. org.apache.catalina.core.ApplicationContext log
INFO: Manager: stop: Stopping web application '/kurki13'
syys 10, 2013 2:27:22 IP. org.apache.catalina.core.ApplicationContext log
INFO: Manager: start: Starting web application '/kurki13'
syys 10, 2013 2:27:33 IP. org.apache.catalina.core.ApplicationContext log
INFO: Manager: list: Listing contexts for virtual host 'localhost'
syys 10, 2013 2:27:33 IP. org.apache.catalina.core.ApplicationContext log
INFO: Manager: list: Listing contexts for virtual host 'localhost'
syys 10, 2013 2:27:33 IP. org.apache.catalina.core.ApplicationContext log
INFO: Manager: undeploy: Undeploying web application at '/kurki13'
syys 10, 2013 2:27:34 IP. org.apache.catalina.core.ApplicationContext log
INFO: Manager: install: Installing context configuration at 'file:/tmp/context6807663603652790022.xml'
syys 10, 2013 2:27:34 IP. org.apache.catalina.core.ApplicationContext log
INFO: Manager: start: Starting web application '/kurki13'
syys 10, 2013 2:27:51 IP. org.apache.catalina.core.ApplicationContext log
INFO: Manager: list: Listing contexts for virtual host 'localhost'
syys 10, 2013 2:27:51 IP. org.apache.catalina.core.ApplicationContext log
INFO: Manager: list: Listing contexts for virtual host 'localhost'
syys 10, 2013 2:27:51 IP. org.apache.catalina.core.ApplicationContext log
INFO: Manager: undeploy: Undeploying web application at '/kurki13'
syys 10, 2013 2:27:52 IP. org.apache.catalina.core.ApplicationContext log
INFO: Manager: install: Installing context configuration at 'file:/tmp/context4764742029710718866.xml'
syys 10, 2013 2:27:53 IP. org.apache.catalina.core.ApplicationContext log
INFO: Manager: start: Starting web application '/kurki13'
syys 10, 2013 2:29:31 IP. org.apache.catalina.core.ApplicationContext log
INFO: Manager: list: Listing contexts for virtual host 'localhost'
syys 10, 2013 2:29:31 IP. org.apache.catalina.core.ApplicationContext log
INFO: Manager: stop: Stopping web application '/kurki13'
syys 10, 2013 2:29:31 IP. org.apache.catalina.core.ApplicationContext log
INFO: Manager: start: Starting web application '/kurki13'
syys 10, 2013 2:29:49 IP. org.apache.catalina.core.ApplicationContext log
INFO: Manager: list: Listing contexts for virtual host 'localhost'
syys 10, 2013 2:29:49 IP. org.apache.catalina.core.ApplicationContext log
INFO: Manager: list: Listing contexts for virtual host 'localhost'
syys 10, 2013 2:29:49 IP. org.apache.catalina.core.ApplicationContext log
INFO: Manager: undeploy: Undeploying web application at '/kurki13'
syys 10, 2013 2:29:50 IP. org.apache.catalina.core.ApplicationContext log
INFO: Manager: install: Installing context configuration at 'file:/tmp/context5291884243219385046.xml'
syys 10, 2013 2:29:50 IP. org.apache.catalina.core.ApplicationContext log
INFO: Manager: start: Starting web application '/kurki13'
syys 10, 2013 2:30:01 IP. org.apache.catalina.core.ApplicationContext log
INFO: Manager: list: Listing contexts for virtual host 'localhost'
syys 10, 2013 2:30:01 IP. org.apache.catalina.core.ApplicationContext log
INFO: Manager: list: Listing contexts for virtual host 'localhost'
syys 10, 2013 2:30:01 IP. org.apache.catalina.core.ApplicationContext log
INFO: Manager: undeploy: Undeploying web application at '/kurki13'
syys 10, 2013 2:30:02 IP. org.apache.catalina.core.ApplicationContext log
INFO: Manager: install: Installing context configuration at 'file:/tmp/context5367499596626410024.xml'
syys 10, 2013 2:30:03 IP. org.apache.catalina.core.ApplicationContext log
INFO: Manager: start: Starting web application '/kurki13'
syys 10, 2013 2:30:46 IP. org.apache.catalina.core.ApplicationContext log
INFO: Manager: list: Listing contexts for virtual host 'localhost'
syys 10, 2013 2:30:46 IP. org.apache.catalina.core.ApplicationContext log
INFO: Manager: stop: Stopping web application '/kurki13'
syys 10, 2013 2:30:47 IP. org.apache.catalina.core.ApplicationContext log
INFO: Manager: start: Starting web application '/kurki13'
syys 10, 2013 2:31:07 IP. org.apache.catalina.core.ApplicationContext log
INFO: Manager: list: Listing contexts for virtual host 'localhost'
syys 10, 2013 2:31:07 IP. org.apache.catalina.core.ApplicationContext log
INFO: Manager: list: Listing contexts for virtual host 'localhost'
syys 10, 2013 2:31:07 IP. org.apache.catalina.core.ApplicationContext log
INFO: Manager: undeploy: Undeploying web application at '/kurki13'
syys 10, 2013 2:31:08 IP. org.apache.catalina.core.ApplicationContext log
INFO: Manager: install: Installing context configuration at 'file:/tmp/context9117083294821545452.xml'
syys 10, 2013 2:31:08 IP. org.apache.catalina.core.ApplicationContext log
INFO: Manager: start: Starting web application '/kurki13'
syys 10, 2013 2:31:16 IP. org.apache.catalina.core.ApplicationContext log
INFO: Manager: list: Listing contexts for virtual host 'localhost'
syys 10, 2013 2:31:16 IP. org.apache.catalina.core.ApplicationContext log
INFO: Manager: restart: Reloading web application '/kurki13'
syys 10, 2013 2:38:07 IP. org.apache.catalina.core.ApplicationContext log
INFO: Manager: list: Listing contexts for virtual host 'localhost'
syys 10, 2013 2:38:07 IP. org.apache.catalina.core.ApplicationContext log
INFO: Manager: restart: Reloading web application '/kurki13'
syys 10, 2013 2:39:56 IP. org.apache.catalina.core.ApplicationContext log
INFO: Manager: list: Listing contexts for virtual host 'localhost'
syys 10, 2013 2:39:56 IP. org.apache.catalina.core.ApplicationContext log
INFO: Manager: restart: Reloading web application '/kurki13'
syys 10, 2013 2:40:08 IP. org.apache.catalina.core.ApplicationContext log
INFO: Manager: list: Listing contexts for virtual host 'localhost'
syys 10, 2013 2:40:08 IP. org.apache.catalina.core.ApplicationContext log
INFO: Manager: list: Listing contexts for virtual host 'localhost'
syys 10, 2013 2:40:08 IP. org.apache.catalina.core.ApplicationContext log
INFO: Manager: undeploy: Undeploying web application at '/kurki13'
syys 10, 2013 2:40:09 IP. org.apache.catalina.core.ApplicationContext log
INFO: Manager: install: Installing context configuration at 'file:/tmp/context2103720723730916588.xml'
syys 10, 2013 2:40:09 IP. org.apache.catalina.core.ApplicationContext log
INFO: Manager: start: Starting web application '/kurki13'
syys 10, 2013 2:47:14 IP. org.apache.catalina.core.ApplicationContext log
INFO: Manager: list: Listing contexts for virtual host 'localhost'
syys 10, 2013 2:47:14 IP. org.apache.catalina.core.ApplicationContext log
INFO: Manager: restart: Reloading web application '/kurki13'
syys 10, 2013 2:47:22 IP. org.apache.catalina.core.ApplicationContext log
INFO: Manager: list: Listing contexts for virtual host 'localhost'
syys 10, 2013 2:47:22 IP. org.apache.catalina.core.ApplicationContext log
INFO: Manager: list: Listing contexts for virtual host 'localhost'
syys 10, 2013 2:47:22 IP. org.apache.catalina.core.ApplicationContext log
INFO: Manager: undeploy: Undeploying web application at '/kurki13'
syys 10, 2013 2:47:23 IP. org.apache.catalina.core.ApplicationContext log
INFO: Manager: install: Installing context configuration at 'file:/tmp/context4130556929891223764.xml'
syys 10, 2013 2:47:23 IP. org.apache.catalina.core.ApplicationContext log
INFO: Manager: start: Starting web application '/kurki13'
syys 10, 2013 2:47:53 IP. org.apache.catalina.core.ApplicationContext log
INFO: Manager: list: Listing contexts for virtual host 'localhost'
syys 10, 2013 2:47:53 IP. org.apache.catalina.core.ApplicationContext log
INFO: Manager: list: Listing contexts for virtual host 'localhost'
syys 10, 2013 2:47:53 IP. org.apache.catalina.core.ApplicationContext log
INFO: Manager: undeploy: Undeploying web application at '/kurki13'
syys 10, 2013 2:47:54 IP. org.apache.catalina.core.ApplicationContext log
INFO: Manager: install: Installing context configuration at 'file:/tmp/context5610153290454583514.xml'
syys 10, 2013 2:47:55 IP. org.apache.catalina.core.ApplicationContext log
INFO: Manager: start: Starting web application '/kurki13'
syys 10, 2013 2:49:50 IP. org.apache.catalina.core.ApplicationContext log
INFO: Manager: list: Listing contexts for virtual host 'localhost'
syys 10, 2013 2:49:50 IP. org.apache.catalina.core.ApplicationContext log
INFO: Manager: restart: Reloading web application '/kurki13'
syys 10, 2013 2:50:21 IP. org.apache.catalina.core.ApplicationContext log
INFO: Manager: list: Listing contexts for virtual host 'localhost'
syys 10, 2013 2:50:21 IP. org.apache.catalina.core.ApplicationContext log
INFO: Manager: list: Listing contexts for virtual host 'localhost'
syys 10, 2013 2:50:21 IP. org.apache.catalina.core.ApplicationContext log
INFO: Manager: undeploy: Undeploying web application at '/kurki13'
syys 10, 2013 2:50:22 IP. org.apache.catalina.core.ApplicationContext log
INFO: Manager: install: Installing context configuration at 'file:/tmp/context7930973875711163057.xml'
syys 10, 2013 2:50:22 IP. org.apache.catalina.core.ApplicationContext log
INFO: Manager: start: Starting web application '/kurki13'
syys 10, 2013 2:50:44 IP. org.apache.catalina.core.ApplicationContext log
INFO: Manager: list: Listing contexts for virtual host 'localhost'
syys 10, 2013 2:50:44 IP. org.apache.catalina.core.ApplicationContext log
INFO: Manager: list: Listing contexts for virtual host 'localhost'
syys 10, 2013 2:50:44 IP. org.apache.catalina.core.ApplicationContext log
INFO: Manager: undeploy: Undeploying web application at '/kurki13'
syys 10, 2013 2:50:45 IP. org.apache.catalina.core.ApplicationContext log
INFO: Manager: install: Installing context configuration at 'file:/tmp/context8207232670463643696.xml'
syys 10, 2013 2:50:45 IP. org.apache.catalina.core.ApplicationContext log
INFO: Manager: start: Starting web application '/kurki13'
syys 10, 2013 2:51:34 IP. org.apache.catalina.core.ApplicationContext log
INFO: Manager: list: Listing contexts for virtual host 'localhost'
syys 10, 2013 2:51:34 IP. org.apache.catalina.core.ApplicationContext log
INFO: Manager: list: Listing contexts for virtual host 'localhost'
syys 10, 2013 2:51:34 IP. org.apache.catalina.core.ApplicationContext log
INFO: Manager: undeploy: Undeploying web application at '/kurki13'
syys 10, 2013 2:51:35 IP. org.apache.catalina.core.ApplicationContext log
INFO: Manager: install: Installing context configuration at 'file:/tmp/context6439342416862361600.xml'
syys 10, 2013 2:51:36 IP. org.apache.catalina.core.ApplicationContext log
INFO: Manager: start: Starting web application '/kurki13'
syys 10, 2013 2:51:49 IP. org.apache.catalina.core.ApplicationContext log
INFO: Manager: list: Listing contexts for virtual host 'localhost'
syys 10, 2013 2:51:49 IP. org.apache.catalina.core.ApplicationContext log
INFO: Manager: restart: Reloading web application '/kurki13'
syys 10, 2013 2:53:45 IP. org.apache.catalina.core.ApplicationContext log
INFO: Manager: list: Listing contexts for virtual host 'localhost'
syys 10, 2013 2:53:45 IP. org.apache.catalina.core.ApplicationContext log
INFO: Manager: restart: Reloading web application '/kurki13'
syys 10, 2013 2:53:54 IP. org.apache.catalina.core.ApplicationContext log
INFO: Manager: list: Listing contexts for virtual host 'localhost'
syys 10, 2013 2:53:54 IP. org.apache.catalina.core.ApplicationContext log
INFO: Manager: list: Listing contexts for virtual host 'localhost'
syys 10, 2013 2:53:54 IP. org.apache.catalina.core.ApplicationContext log
INFO: Manager: undeploy: Undeploying web application at '/kurki13'
syys 10, 2013 2:53:55 IP. org.apache.catalina.core.ApplicationContext log
INFO: Manager: install: Installing context configuration at 'file:/tmp/context3724021061316424321.xml'
syys 10, 2013 2:53:55 IP. org.apache.catalina.core.ApplicationContext log
INFO: Manager: start: Starting web application '/kurki13'
syys 10, 2013 3:58:32 IP. org.apache.catalina.core.ApplicationContext log
INFO: Manager: list: Listing contexts for virtual host 'localhost'
syys 10, 2013 3:58:53 IP. org.apache.catalina.core.ApplicationContext log
INFO: Manager: list: Listing contexts for virtual host 'localhost'
syys 10, 2013 3:58:53 IP. org.apache.catalina.core.ApplicationContext log
INFO: Manager: restart: Reloading web application '/kurki13'
syys 10, 2013 4:08:27 IP. org.apache.catalina.core.ApplicationContext log
INFO: Manager: list: Listing contexts for virtual host 'localhost'
syys 10, 2013 4:08:28 IP. org.apache.catalina.core.ApplicationContext log
INFO: Manager: restart: Reloading web application '/kurki13'
syys 10, 2013 4:08:28 IP. org.apache.catalina.core.ApplicationContext log
INFO: Manager: list: Listing contexts for virtual host 'localhost'
syys 10, 2013 4:08:28 IP. org.apache.catalina.core.ApplicationContext log
INFO: Manager: restart: Reloading web application '/kurki13'
syys 10, 2013 4:09:10 IP. org.apache.catalina.core.ApplicationContext log
INFO: Manager: list: Listing contexts for virtual host 'localhost'
syys 10, 2013 4:09:30 IP. org.apache.catalina.core.ApplicationContext log
INFO: Manager: list: Listing contexts for virtual host 'localhost'
syys 10, 2013 4:09:34 IP. org.apache.catalina.core.ApplicationContext log
INFO: Manager: restart: Reloading web application '/kurki13'
syys 10, 2013 4:09:35 IP. org.apache.catalina.core.ApplicationContext log
INFO: Manager: list: Listing contexts for virtual host 'localhost'
syys 10, 2013 4:09:37 IP. org.apache.catalina.core.ApplicationContext log
INFO: Manager: restart: Reloading web application '/kurki13'
syys 10, 2013 4:10:15 IP. org.apache.catalina.core.ApplicationContext log
INFO: Manager: list: Listing contexts for virtual host 'localhost'
syys 10, 2013 4:10:15 IP. org.apache.catalina.core.ApplicationContext log
INFO: Manager: restart: Reloading web application '/kurki13'
syys 10, 2013 4:10:28 IP. org.apache.catalina.core.ApplicationContext log
INFO: Manager: list: Listing contexts for virtual host 'localhost'
syys 10, 2013 4:10:28 IP. org.apache.catalina.core.ApplicationContext log
INFO: Manager: restart: Reloading web application '/kurki13'
syys 10, 2013 4:11:00 IP. org.apache.catalina.core.ApplicationContext log
INFO: Manager: list: Listing contexts for virtual host 'localhost'
syys 10, 2013 4:11:00 IP. org.apache.catalina.core.ApplicationContext log
INFO: Manager: restart: Reloading web application '/kurki13'
syys 10, 2013 4:11:14 IP. org.apache.catalina.core.ApplicationContext log
INFO: Manager: list: Listing contexts for virtual host 'localhost'
syys 10, 2013 4:11:14 IP. org.apache.catalina.core.ApplicationContext log
INFO: Manager: restart: Reloading web application '/kurki13'
syys 10, 2013 4:11:30 IP. org.apache.catalina.core.ApplicationContext log
INFO: Manager: list: Listing contexts for virtual host 'localhost'
syys 10, 2013 4:11:30 IP. org.apache.catalina.core.ApplicationContext log
INFO: Manager: restart: Reloading web application '/kurki13'
syys 10, 2013 4:11:36 IP. org.apache.catalina.core.ApplicationContext log
INFO: Manager: list: Listing contexts for virtual host 'localhost'
syys 10, 2013 4:11:36 IP. org.apache.catalina.core.ApplicationContext log
INFO: Manager: restart: Reloading web application '/kurki13'
syys 10, 2013 4:12:57 IP. org.apache.catalina.core.ApplicationContext log
INFO: Manager: list: Listing contexts for virtual host 'localhost'
syys 10, 2013 4:12:57 IP. org.apache.catalina.core.ApplicationContext log
INFO: Manager: stop: Stopping web application '/kurki13'
syys 10, 2013 4:12:58 IP. org.apache.catalina.core.ApplicationContext log
INFO: Manager: start: Starting web application '/kurki13'
syys 10, 2013 4:13:08 IP. org.apache.catalina.core.ApplicationContext log
INFO: Manager: list: Listing contexts for virtual host 'localhost'
syys 10, 2013 4:13:08 IP. org.apache.catalina.core.ApplicationContext log
INFO: Manager: list: Listing contexts for virtual host 'localhost'
syys 10, 2013 4:13:08 IP. org.apache.catalina.core.ApplicationContext log
INFO: Manager: undeploy: Undeploying web application at '/kurki13'
syys 10, 2013 4:13:09 IP. org.apache.catalina.core.ApplicationContext log
INFO: Manager: install: Installing context configuration at 'file:/tmp/context6020775358525702381.xml'
syys 10, 2013 4:13:10 IP. org.apache.catalina.core.ApplicationContext log
INFO: Manager: start: Starting web application '/kurki13'
syys 10, 2013 4:13:34 IP. org.apache.catalina.core.ApplicationContext log
INFO: Manager: list: Listing contexts for virtual host 'localhost'
syys 10, 2013 4:13:34 IP. org.apache.catalina.core.ApplicationContext log
INFO: Manager: stop: Stopping web application '/kurki13'
syys 10, 2013 4:13:35 IP. org.apache.catalina.core.ApplicationContext log
INFO: Manager: start: Starting web application '/kurki13'
