syys 17, 2013 12:35:15 IP. org.apache.catalina.core.ApplicationContext log
INFO: Manager: init: Associated with Deployer 'Catalina:type=Deployer,host=localhost'
syys 17, 2013 12:35:15 IP. org.apache.catalina.core.ApplicationContext log
INFO: Manager: init: Global resources are available
syys 17, 2013 12:35:15 IP. org.apache.catalina.core.ApplicationContext log
INFO: Manager: list: Listing contexts for virtual host 'localhost'
syys 17, 2013 12:35:15 IP. org.apache.catalina.core.ApplicationContext log
INFO: Manager: list: Listing contexts for virtual host 'localhost'
syys 17, 2013 12:35:16 IP. org.apache.catalina.core.ApplicationContext log
INFO: Manager: undeploy: Undeploying web application at '/kurki13'
syys 17, 2013 12:35:16 IP. org.apache.catalina.core.ApplicationContext log
INFO: Manager: install: Installing context configuration at 'file:/tmp/context7168530297327515423.xml'
syys 17, 2013 12:35:17 IP. org.apache.catalina.core.ApplicationContext log
INFO: Manager: start: Starting web application '/kurki13'
syys 17, 2013 12:37:53 IP. org.apache.catalina.core.ApplicationContext log
INFO: Manager: list: Listing contexts for virtual host 'localhost'
syys 17, 2013 12:37:53 IP. org.apache.catalina.core.ApplicationContext log
INFO: Manager: restart: Reloading web application '/kurki13'
syys 17, 2013 12:39:53 IP. org.apache.catalina.core.ApplicationContext log
INFO: Manager: list: Listing contexts for virtual host 'localhost'
syys 17, 2013 12:39:54 IP. org.apache.catalina.core.ApplicationContext log
INFO: Manager: restart: Reloading web application '/kurki13'
syys 17, 2013 12:41:13 IP. org.apache.catalina.core.ApplicationContext log
INFO: Manager: list: Listing contexts for virtual host 'localhost'
syys 17, 2013 12:41:13 IP. org.apache.catalina.core.ApplicationContext log
INFO: Manager: list: Listing contexts for virtual host 'localhost'
syys 17, 2013 12:41:14 IP. org.apache.catalina.core.ApplicationContext log
INFO: Manager: undeploy: Undeploying web application at '/kurki13'
syys 17, 2013 12:41:26 IP. org.apache.catalina.core.ApplicationContext log
INFO: Manager: install: Installing context configuration at 'file:/tmp/context622715433914236387.xml'
syys 17, 2013 12:41:42 IP. org.apache.catalina.core.ApplicationContext log
INFO: Manager: start: Starting web application '/kurki13'
syys 17, 2013 12:42:20 IP. org.apache.catalina.core.ApplicationContext log
INFO: Manager: list: Listing contexts for virtual host 'localhost'
syys 17, 2013 12:42:25 IP. org.apache.catalina.core.ApplicationContext log
INFO: Manager: restart: Reloading web application '/kurki13'
syys 17, 2013 12:46:13 IP. org.apache.catalina.core.ApplicationContext log
INFO: Manager: list: Listing contexts for virtual host 'localhost'
syys 17, 2013 12:46:13 IP. org.apache.catalina.core.ApplicationContext log
INFO: Manager: stop: Stopping web application '/kurki13'
syys 17, 2013 12:46:21 IP. org.apache.catalina.core.ApplicationContext log
INFO: Manager: start: Starting web application '/kurki13'
syys 17, 2013 12:48:34 IP. org.apache.catalina.core.ApplicationContext log
INFO: Manager: list: Listing contexts for virtual host 'localhost'
syys 17, 2013 12:48:59 IP. org.apache.catalina.core.ApplicationContext log
INFO: Manager: restart: Reloading web application '/kurki13'
syys 17, 2013 12:52:24 IP. org.apache.catalina.core.ApplicationContext log
INFO: Manager: list: Listing contexts for virtual host 'localhost'
syys 17, 2013 12:52:54 IP. org.apache.catalina.core.ApplicationContext log
INFO: Manager: restart: Reloading web application '/kurki13'
syys 17, 2013 12:56:55 IP. org.apache.catalina.core.ApplicationContext log
INFO: Manager: list: Listing contexts for virtual host 'localhost'
syys 17, 2013 12:58:32 IP. org.apache.catalina.core.ApplicationContext log
INFO: Manager: list: Listing contexts for virtual host 'localhost'
syys 17, 2013 12:59:38 IP. org.apache.catalina.core.ApplicationContext log
INFO: Manager: list: Listing contexts for virtual host 'localhost'
syys 17, 2013 1:00:04 IP. org.apache.catalina.core.ApplicationContext log
INFO: Manager: restart: Reloading web application '/kurki13'
syys 17, 2013 1:00:49 IP. org.apache.catalina.core.ApplicationContext log
INFO: Manager: list: Listing contexts for virtual host 'localhost'
syys 17, 2013 1:00:59 IP. org.apache.catalina.core.ApplicationContext log
INFO: Manager: list: Listing contexts for virtual host 'localhost'
syys 17, 2013 1:01:02 IP. org.apache.catalina.core.ApplicationContext log
INFO: Manager: restart: Reloading web application '/kurki13'
syys 17, 2013 1:01:05 IP. org.apache.catalina.core.ApplicationContext log
INFO: Manager: list: Listing contexts for virtual host 'localhost'
syys 17, 2013 1:01:06 IP. org.apache.catalina.core.ApplicationContext log
INFO: Manager: restart: Reloading web application '/kurki13'
syys 17, 2013 1:01:10 IP. org.apache.catalina.core.ApplicationContext log
INFO: Manager: list: Listing contexts for virtual host 'localhost'
syys 17, 2013 1:01:11 IP. org.apache.catalina.core.ApplicationContext log
INFO: Manager: restart: Reloading web application '/kurki13'
syys 17, 2013 1:01:12 IP. org.apache.catalina.core.ApplicationContext log
INFO: Manager: list: Listing contexts for virtual host 'localhost'
syys 17, 2013 1:01:13 IP. org.apache.catalina.core.ApplicationContext log
INFO: Manager: restart: Reloading web application '/kurki13'
syys 17, 2013 1:02:00 IP. org.apache.catalina.core.ApplicationContext log
INFO: Manager: list: Listing contexts for virtual host 'localhost'
syys 17, 2013 1:02:00 IP. org.apache.catalina.core.ApplicationContext log
INFO: Manager: restart: Reloading web application '/kurki13'
syys 17, 2013 1:07:53 IP. org.apache.catalina.core.ApplicationContext log
INFO: Manager: list: Listing contexts for virtual host 'localhost'
syys 17, 2013 1:07:53 IP. org.apache.catalina.core.ApplicationContext log
INFO: Manager: stop: Stopping web application '/kurki13'
syys 17, 2013 1:07:54 IP. org.apache.catalina.core.ApplicationContext log
INFO: Manager: start: Starting web application '/kurki13'
syys 17, 2013 1:07:59 IP. org.apache.catalina.core.ApplicationContext log
INFO: Manager: list: Listing contexts for virtual host 'localhost'
syys 17, 2013 1:07:59 IP. org.apache.catalina.core.ApplicationContext log
INFO: Manager: stop: Stopping web application '/kurki13'
syys 17, 2013 1:07:59 IP. org.apache.catalina.core.ApplicationContext log
INFO: Manager: start: Starting web application '/kurki13'
syys 17, 2013 1:08:02 IP. org.apache.catalina.core.ApplicationContext log
INFO: Manager: list: Listing contexts for virtual host 'localhost'
syys 17, 2013 1:08:02 IP. org.apache.catalina.core.ApplicationContext log
INFO: Manager: stop: Stopping web application '/kurki13'
syys 17, 2013 1:08:02 IP. org.apache.catalina.core.ApplicationContext log
INFO: Manager: start: Starting web application '/kurki13'
syys 17, 2013 1:08:13 IP. org.apache.catalina.core.ApplicationContext log
INFO: Manager: list: Listing contexts for virtual host 'localhost'
syys 17, 2013 1:08:13 IP. org.apache.catalina.core.ApplicationContext log
INFO: Manager: list: Listing contexts for virtual host 'localhost'
syys 17, 2013 1:08:13 IP. org.apache.catalina.core.ApplicationContext log
INFO: Manager: undeploy: Undeploying web application at '/kurki13'
syys 17, 2013 1:08:14 IP. org.apache.catalina.core.ApplicationContext log
INFO: Manager: install: Installing context configuration at 'file:/tmp/context5196472182754060080.xml'
syys 17, 2013 1:08:14 IP. org.apache.catalina.core.ApplicationContext log
INFO: Manager: start: Starting web application '/kurki13'
syys 17, 2013 1:49:52 IP. org.apache.catalina.core.ApplicationContext log
INFO: Manager: list: Listing contexts for virtual host 'localhost'
syys 17, 2013 1:49:52 IP. org.apache.catalina.core.ApplicationContext log
INFO: Manager: stop: Stopping web application '/kurki13'
syys 17, 2013 1:49:53 IP. org.apache.catalina.core.ApplicationContext log
INFO: Manager: start: Starting web application '/kurki13'
syys 17, 2013 1:50:08 IP. org.apache.catalina.core.ApplicationContext log
INFO: Manager: list: Listing contexts for virtual host 'localhost'
syys 17, 2013 1:50:08 IP. org.apache.catalina.core.ApplicationContext log
INFO: Manager: list: Listing contexts for virtual host 'localhost'
syys 17, 2013 1:50:08 IP. org.apache.catalina.core.ApplicationContext log
INFO: Manager: undeploy: Undeploying web application at '/kurki13'
syys 17, 2013 1:50:09 IP. org.apache.catalina.core.ApplicationContext log
INFO: Manager: install: Installing context configuration at 'file:/tmp/context3000600121792715330.xml'
syys 17, 2013 1:50:10 IP. org.apache.catalina.core.ApplicationContext log
INFO: Manager: start: Starting web application '/kurki13'
syys 17, 2013 1:53:15 IP. org.apache.catalina.core.ApplicationContext log
INFO: Manager: list: Listing contexts for virtual host 'localhost'
syys 17, 2013 1:53:15 IP. org.apache.catalina.core.ApplicationContext log
INFO: Manager: list: Listing contexts for virtual host 'localhost'
syys 17, 2013 1:53:15 IP. org.apache.catalina.core.ApplicationContext log
INFO: Manager: undeploy: Undeploying web application at '/kurki13'
syys 17, 2013 1:53:16 IP. org.apache.catalina.core.ApplicationContext log
INFO: Manager: install: Installing context configuration at 'file:/tmp/context7147887522978148753.xml'
syys 17, 2013 1:53:17 IP. org.apache.catalina.core.ApplicationContext log
INFO: Manager: start: Starting web application '/kurki13'
syys 17, 2013 1:55:08 IP. org.apache.catalina.core.ApplicationContext log
INFO: Manager: list: Listing contexts for virtual host 'localhost'
syys 17, 2013 1:55:09 IP. org.apache.catalina.core.ApplicationContext log
INFO: Manager: restart: Reloading web application '/kurki13'
syys 17, 2013 1:55:34 IP. org.apache.catalina.core.ApplicationContext log
INFO: Manager: list: Listing contexts for virtual host 'localhost'
syys 17, 2013 1:55:34 IP. org.apache.catalina.core.ApplicationContext log
INFO: Manager: restart: Reloading web application '/kurki13'
syys 17, 2013 2:02:43 IP. org.apache.catalina.core.ApplicationContext log
INFO: Manager: list: Listing contexts for virtual host 'localhost'
syys 17, 2013 2:02:43 IP. org.apache.catalina.core.ApplicationContext log
INFO: Manager: stop: Stopping web application '/kurki13'
syys 17, 2013 2:02:44 IP. org.apache.catalina.core.ApplicationContext log
INFO: Manager: start: Starting web application '/kurki13'
syys 17, 2013 2:02:57 IP. org.apache.catalina.core.ApplicationContext log
INFO: Manager: list: Listing contexts for virtual host 'localhost'
syys 17, 2013 2:02:57 IP. org.apache.catalina.core.ApplicationContext log
INFO: Manager: list: Listing contexts for virtual host 'localhost'
syys 17, 2013 2:02:57 IP. org.apache.catalina.core.ApplicationContext log
INFO: Manager: undeploy: Undeploying web application at '/kurki13'
syys 17, 2013 2:02:58 IP. org.apache.catalina.core.ApplicationContext log
INFO: Manager: install: Installing context configuration at 'file:/tmp/context8904725326329310825.xml'
syys 17, 2013 2:02:58 IP. org.apache.catalina.core.ApplicationContext log
INFO: Manager: start: Starting web application '/kurki13'
syys 17, 2013 2:13:39 IP. org.apache.catalina.core.ApplicationContext log
INFO: Manager: list: Listing contexts for virtual host 'localhost'
syys 17, 2013 2:13:39 IP. org.apache.catalina.core.ApplicationContext log
INFO: Manager: undeploy: Undeploying web application at '/kurki13'
syys 17, 2013 2:13:40 IP. org.apache.catalina.core.ApplicationContext log
INFO: Manager: install: Installing context configuration at 'file:/tmp/context3436524860395867613.xml'
syys 17, 2013 2:13:54 IP. org.apache.catalina.core.ApplicationContext log
INFO: Manager: list: Listing contexts for virtual host 'localhost'
syys 17, 2013 2:13:54 IP. org.apache.catalina.core.ApplicationContext log
INFO: Manager: list: Listing contexts for virtual host 'localhost'
syys 17, 2013 2:13:54 IP. org.apache.catalina.core.ApplicationContext log
INFO: Manager: undeploy: Undeploying web application at '/kurki13'
syys 17, 2013 2:13:55 IP. org.apache.catalina.core.ApplicationContext log
INFO: Manager: install: Installing context configuration at 'file:/tmp/context2147331841718595078.xml'
syys 17, 2013 2:13:55 IP. org.apache.catalina.core.ApplicationContext log
INFO: Manager: start: Starting web application '/kurki13'
syys 17, 2013 2:14:34 IP. org.apache.catalina.core.ApplicationContext log
INFO: Manager: list: Listing contexts for virtual host 'localhost'
syys 17, 2013 2:14:34 IP. org.apache.catalina.core.ApplicationContext log
INFO: Manager: stop: Stopping web application '/kurki13'
syys 17, 2013 2:14:35 IP. org.apache.catalina.core.ApplicationContext log
INFO: Manager: start: Starting web application '/kurki13'
syys 17, 2013 2:15:07 IP. org.apache.catalina.core.ApplicationContext log
INFO: Manager: list: Listing contexts for virtual host 'localhost'
syys 17, 2013 2:15:07 IP. org.apache.catalina.core.ApplicationContext log
INFO: Manager: list: Listing contexts for virtual host 'localhost'
syys 17, 2013 2:15:07 IP. org.apache.catalina.core.ApplicationContext log
INFO: Manager: undeploy: Undeploying web application at '/kurki13'
syys 17, 2013 2:15:08 IP. org.apache.catalina.core.ApplicationContext log
INFO: Manager: install: Installing context configuration at 'file:/tmp/context5542059235936042332.xml'
syys 17, 2013 2:15:09 IP. org.apache.catalina.core.ApplicationContext log
INFO: Manager: start: Starting web application '/kurki13'
syys 17, 2013 2:15:46 IP. org.apache.catalina.core.ApplicationContext log
INFO: Manager: list: Listing contexts for virtual host 'localhost'
syys 17, 2013 2:15:46 IP. org.apache.catalina.core.ApplicationContext log
INFO: Manager: list: Listing contexts for virtual host 'localhost'
syys 17, 2013 2:15:46 IP. org.apache.catalina.core.ApplicationContext log
INFO: Manager: undeploy: Undeploying web application at '/kurki13'
syys 17, 2013 2:15:47 IP. org.apache.catalina.core.ApplicationContext log
INFO: Manager: install: Installing context configuration at 'file:/tmp/context4676112125910552472.xml'
syys 17, 2013 2:15:48 IP. org.apache.catalina.core.ApplicationContext log
INFO: Manager: start: Starting web application '/kurki13'
syys 17, 2013 2:21:49 IP. org.apache.catalina.core.ApplicationContext log
INFO: Manager: list: Listing contexts for virtual host 'localhost'
syys 17, 2013 2:21:49 IP. org.apache.catalina.core.ApplicationContext log
INFO: Manager: undeploy: Undeploying web application at '/kurki13'
syys 17, 2013 2:21:50 IP. org.apache.catalina.core.ApplicationContext log
INFO: Manager: install: Installing context configuration at 'file:/tmp/context2512097336352986329.xml'
syys 17, 2013 2:22:04 IP. org.apache.catalina.core.ApplicationContext log
INFO: Manager: list: Listing contexts for virtual host 'localhost'
syys 17, 2013 2:22:04 IP. org.apache.catalina.core.ApplicationContext log
INFO: Manager: list: Listing contexts for virtual host 'localhost'
syys 17, 2013 2:22:04 IP. org.apache.catalina.core.ApplicationContext log
INFO: Manager: undeploy: Undeploying web application at '/kurki13'
syys 17, 2013 2:22:04 IP. org.apache.catalina.core.ApplicationContext log
INFO: Manager: install: Installing context configuration at 'file:/tmp/context1577422087218892775.xml'
syys 17, 2013 2:22:24 IP. org.apache.catalina.core.ApplicationContext log
INFO: Manager: list: Listing contexts for virtual host 'localhost'
syys 17, 2013 2:22:24 IP. org.apache.catalina.core.ApplicationContext log
INFO: Manager: list: Listing contexts for virtual host 'localhost'
syys 17, 2013 2:22:24 IP. org.apache.catalina.core.ApplicationContext log
INFO: Manager: undeploy: Undeploying web application at '/kurki13'
syys 17, 2013 2:22:24 IP. org.apache.catalina.core.ApplicationContext log
INFO: Manager: install: Installing context configuration at 'file:/tmp/context7136765602353191425.xml'
syys 17, 2013 2:22:33 IP. org.apache.catalina.core.ApplicationContext log
INFO: Manager: list: Listing contexts for virtual host 'localhost'
syys 17, 2013 2:22:34 IP. org.apache.catalina.core.ApplicationContext log
INFO: Manager: list: Listing contexts for virtual host 'localhost'
syys 17, 2013 2:22:34 IP. org.apache.catalina.core.ApplicationContext log
INFO: Manager: undeploy: Undeploying web application at '/kurki13'
syys 17, 2013 2:22:34 IP. org.apache.catalina.core.ApplicationContext log
INFO: Manager: install: Installing context configuration at 'file:/tmp/context9151527580172736335.xml'
syys 17, 2013 2:27:06 IP. org.apache.catalina.core.ApplicationContext log
INFO: Manager: init: Associated with Deployer 'Catalina:type=Deployer,host=localhost'
syys 17, 2013 2:27:06 IP. org.apache.catalina.core.ApplicationContext log
INFO: Manager: init: Global resources are available
syys 17, 2013 2:27:06 IP. org.apache.catalina.core.ApplicationContext log
INFO: Manager: list: Listing contexts for virtual host 'localhost'
syys 17, 2013 2:27:06 IP. org.apache.catalina.core.ApplicationContext log
INFO: Manager: undeploy: Undeploying web application at '/kurki13'
syys 17, 2013 2:27:07 IP. org.apache.catalina.core.ApplicationContext log
INFO: Manager: install: Installing context configuration at 'file:/tmp/context6148524963424119875.xml'
syys 17, 2013 2:27:29 IP. org.apache.catalina.core.ApplicationContext log
INFO: Manager: list: Listing contexts for virtual host 'localhost'
syys 17, 2013 2:27:29 IP. org.apache.catalina.core.ApplicationContext log
INFO: Manager: undeploy: Undeploying web application at '/kurki13'
syys 17, 2013 2:27:29 IP. org.apache.catalina.core.ApplicationContext log
INFO: Manager: install: Installing context configuration at 'file:/tmp/context8897403122333652608.xml'
syys 17, 2013 2:27:52 IP. org.apache.catalina.core.ApplicationContext log
INFO: Manager: list: Listing contexts for virtual host 'localhost'
syys 17, 2013 2:27:52 IP. org.apache.catalina.core.ApplicationContext log
INFO: Manager: undeploy: Undeploying web application at '/kurki13'
syys 17, 2013 2:27:52 IP. org.apache.catalina.core.ApplicationContext log
INFO: Manager: install: Installing context configuration at 'file:/tmp/context6984280211810480910.xml'
syys 17, 2013 2:27:53 IP. org.apache.catalina.core.ApplicationContext log
INFO: Manager: start: Starting web application '/kurki13'
syys 17, 2013 2:28:02 IP. org.apache.catalina.core.ApplicationContext log
INFO: Manager: list: Listing contexts for virtual host 'localhost'
syys 17, 2013 2:28:02 IP. org.apache.catalina.core.ApplicationContext log
INFO: Manager: undeploy: Undeploying web application at '/kurki13'
syys 17, 2013 2:28:03 IP. org.apache.catalina.core.ApplicationContext log
INFO: Manager: install: Installing context configuration at 'file:/tmp/context5014692017440713632.xml'
syys 17, 2013 2:28:04 IP. org.apache.catalina.core.ApplicationContext log
INFO: Manager: start: Starting web application '/kurki13'
syys 17, 2013 2:48:28 IP. org.apache.catalina.core.ApplicationContext log
INFO: Manager: init: Associated with Deployer 'Catalina:type=Deployer,host=localhost'
syys 17, 2013 2:48:28 IP. org.apache.catalina.core.ApplicationContext log
INFO: Manager: init: Global resources are available
syys 17, 2013 2:48:28 IP. org.apache.catalina.core.ApplicationContext log
INFO: Manager: list: Listing contexts for virtual host 'localhost'
syys 17, 2013 2:48:28 IP. org.apache.catalina.core.ApplicationContext log
INFO: Manager: undeploy: Undeploying web application at '/kurki13'
syys 17, 2013 2:48:29 IP. org.apache.catalina.core.ApplicationContext log
INFO: Manager: install: Installing context configuration at 'file:/tmp/context3902134485921482518.xml'
syys 17, 2013 2:48:30 IP. org.apache.catalina.core.ApplicationContext log
INFO: Manager: start: Starting web application '/kurki13'
syys 17, 2013 2:51:57 IP. org.apache.catalina.core.ApplicationContext log
INFO: Manager: list: Listing contexts for virtual host 'localhost'
syys 17, 2013 2:51:57 IP. org.apache.catalina.core.ApplicationContext log
INFO: Manager: list: Listing contexts for virtual host 'localhost'
syys 17, 2013 2:51:57 IP. org.apache.catalina.core.ApplicationContext log
INFO: Manager: undeploy: Undeploying web application at '/kurki13'
syys 17, 2013 2:51:58 IP. org.apache.catalina.core.ApplicationContext log
INFO: Manager: install: Installing context configuration at 'file:/tmp/context906034406684311337.xml'
syys 17, 2013 2:51:59 IP. org.apache.catalina.core.ApplicationContext log
INFO: Manager: start: Starting web application '/kurki13'
syys 17, 2013 3:05:54 IP. org.apache.catalina.core.ApplicationContext log
INFO: Manager: list: Listing contexts for virtual host 'localhost'
syys 17, 2013 3:05:54 IP. org.apache.catalina.core.ApplicationContext log
INFO: Manager: list: Listing contexts for virtual host 'localhost'
syys 17, 2013 3:05:54 IP. org.apache.catalina.core.ApplicationContext log
INFO: Manager: undeploy: Undeploying web application at '/kurki13'
syys 17, 2013 3:05:55 IP. org.apache.catalina.core.ApplicationContext log
INFO: Manager: install: Installing context configuration at 'file:/tmp/context2713206054001687657.xml'
syys 17, 2013 3:05:56 IP. org.apache.catalina.core.ApplicationContext log
INFO: Manager: start: Starting web application '/kurki13'
syys 17, 2013 3:20:56 IP. org.apache.catalina.core.ApplicationContext log
INFO: Manager: list: Listing contexts for virtual host 'localhost'
syys 17, 2013 3:20:56 IP. org.apache.catalina.core.ApplicationContext log
INFO: Manager: list: Listing contexts for virtual host 'localhost'
syys 17, 2013 3:20:56 IP. org.apache.catalina.core.ApplicationContext log
INFO: Manager: undeploy: Undeploying web application at '/kurki13'
syys 17, 2013 3:20:58 IP. org.apache.catalina.core.ApplicationContext log
INFO: Manager: install: Installing context configuration at 'file:/tmp/context6412124000335775674.xml'
syys 17, 2013 3:20:59 IP. org.apache.catalina.core.ApplicationContext log
INFO: Manager: start: Starting web application '/kurki13'
syys 17, 2013 3:34:18 IP. org.apache.catalina.core.ApplicationContext log
INFO: Manager: list: Listing contexts for virtual host 'localhost'
syys 17, 2013 3:34:18 IP. org.apache.catalina.core.ApplicationContext log
INFO: Manager: list: Listing contexts for virtual host 'localhost'
syys 17, 2013 3:34:18 IP. org.apache.catalina.core.ApplicationContext log
INFO: Manager: undeploy: Undeploying web application at '/kurki13'
syys 17, 2013 3:34:19 IP. org.apache.catalina.core.ApplicationContext log
INFO: Manager: install: Installing context configuration at 'file:/tmp/context2669496279368184338.xml'
syys 17, 2013 3:34:20 IP. org.apache.catalina.core.ApplicationContext log
INFO: Manager: start: Starting web application '/kurki13'
syys 17, 2013 3:38:09 IP. org.apache.catalina.core.ApplicationContext log
INFO: Manager: list: Listing contexts for virtual host 'localhost'
syys 17, 2013 3:38:09 IP. org.apache.catalina.core.ApplicationContext log
INFO: Manager: list: Listing contexts for virtual host 'localhost'
syys 17, 2013 3:38:09 IP. org.apache.catalina.core.ApplicationContext log
INFO: Manager: undeploy: Undeploying web application at '/kurki13'
syys 17, 2013 3:38:10 IP. org.apache.catalina.core.ApplicationContext log
INFO: Manager: install: Installing context configuration at 'file:/tmp/context1598835292084749563.xml'
syys 17, 2013 3:38:10 IP. org.apache.catalina.core.ApplicationContext log
INFO: Manager: start: Starting web application '/kurki13'
syys 17, 2013 3:45:08 IP. org.apache.catalina.core.ApplicationContext log
INFO: Manager: list: Listing contexts for virtual host 'localhost'
syys 17, 2013 3:45:08 IP. org.apache.catalina.core.ApplicationContext log
INFO: Manager: list: Listing contexts for virtual host 'localhost'
syys 17, 2013 3:45:08 IP. org.apache.catalina.core.ApplicationContext log
INFO: Manager: undeploy: Undeploying web application at '/kurki13'
syys 17, 2013 3:45:09 IP. org.apache.catalina.core.ApplicationContext log
INFO: Manager: install: Installing context configuration at 'file:/tmp/context5248140907196494149.xml'
syys 17, 2013 3:45:10 IP. org.apache.catalina.core.ApplicationContext log
INFO: Manager: start: Starting web application '/kurki13'
syys 17, 2013 3:52:37 IP. org.apache.catalina.core.ApplicationContext log
INFO: Manager: list: Listing contexts for virtual host 'localhost'
syys 17, 2013 3:52:42 IP. org.apache.catalina.core.ApplicationContext log
INFO: Manager: list: Listing contexts for virtual host 'localhost'
syys 17, 2013 3:52:42 IP. org.apache.catalina.core.ApplicationContext log
INFO: Manager: restart: Reloading web application '/kurki13'
syys 17, 2013 3:52:43 IP. org.apache.catalina.core.ApplicationContext log
INFO: Manager: list: Listing contexts for virtual host 'localhost'
syys 17, 2013 3:52:45 IP. org.apache.catalina.core.ApplicationContext log
INFO: Manager: restart: Reloading web application '/kurki13'
