Thu Aug 29 12:58:51 GMT+03:00 2002  [debug] AvalonLogSystem initialized using logfile /home/ssaarela/kurki/webapps/kurki/WEB-INF/Kurki/kurki/velocity.log
Thu Aug 29 12:58:51 GMT+03:00 2002   [info] Jakarta Velocity v1.3-dev
Thu Aug 29 12:58:51 GMT+03:00 2002   [info] RuntimeInstance initializing.
Thu Aug 29 12:58:51 GMT+03:00 2002   [info] Default Properties File: org/apache/velocity/runtime/defaults/velocity.properties
Thu Aug 29 12:58:51 GMT+03:00 2002   [info] Resource manager initializing.
Thu Aug 29 12:58:51 GMT+03:00 2002   [info] Resource Loader Instantiated: org.apache.velocity.runtime.resource.loader.FileResourceLoader
Thu Aug 29 12:58:51 GMT+03:00 2002   [info] FileResourceLoader : initialization starting.
Thu Aug 29 12:58:51 GMT+03:00 2002   [info] FileResourceLoader : adding path '/home/ssaarela/kurki/webapps/kurki/WEB-INF/Kurki/vm'
Thu Aug 29 12:58:51 GMT+03:00 2002   [info] FileResourceLoader : adding path '/home/ssaarela/jakarta-velocity/test/templates'
Thu Aug 29 12:58:51 GMT+03:00 2002   [info] FileResourceLoader : initialization complete.
Thu Aug 29 12:58:51 GMT+03:00 2002   [info] Loaded Pluggable Directive: org.apache.velocity.runtime.directive.Literal
Thu Aug 29 12:58:51 GMT+03:00 2002   [info] Loaded Pluggable Directive: org.apache.velocity.runtime.directive.Macro
Thu Aug 29 12:58:51 GMT+03:00 2002   [info] Loaded Pluggable Directive: org.apache.velocity.runtime.directive.Parse
Thu Aug 29 12:58:51 GMT+03:00 2002   [info] Loaded Pluggable Directive: org.apache.velocity.runtime.directive.Include
Thu Aug 29 12:58:51 GMT+03:00 2002   [info] Loaded Pluggable Directive: org.apache.velocity.runtime.directive.Foreach
Thu Aug 29 12:58:51 GMT+03:00 2002   [info] Created: 20 parsers.
Thu Aug 29 12:58:51 GMT+03:00 2002   [info] Velocimacro : initialization starting.
Thu Aug 29 12:58:51 GMT+03:00 2002   [info] Velocimacro : adding VMs from VM library template : VM_global_library.vm
Thu Aug 29 12:58:51 GMT+03:00 2002   [info] Velocimacro : added new VM : #quietnull( a ) : source = VM_global_library.vm
Thu Aug 29 12:58:51 GMT+03:00 2002   [info] Velocimacro : added new VM : #recurse( a ) : source = VM_global_library.vm
Thu Aug 29 12:58:51 GMT+03:00 2002   [info] Velocimacro : added new VM : #callrecurse( ) : source = VM_global_library.vm
Thu Aug 29 12:58:51 GMT+03:00 2002   [info] Velocimacro : added new VM : #testbool( b ) : source = VM_global_library.vm
Thu Aug 29 12:58:51 GMT+03:00 2002  [error] VM #recurse: error : too few arguments to macro. Wanted 1 got 0  -->
Thu Aug 29 12:58:51 GMT+03:00 2002   [info] ResourceManager : found VM_global_library.vm with loader org.apache.velocity.runtime.resource.loader.FileResourceLoader
Thu Aug 29 12:58:51 GMT+03:00 2002   [info] Velocimacro :  VM library template macro registration complete.
Thu Aug 29 12:58:51 GMT+03:00 2002   [info] Velocimacro : allowInline = true : VMs can be defined inline in templates
Thu Aug 29 12:58:51 GMT+03:00 2002   [info] Velocimacro : allowInlineToOverride = false : VMs defined inline may NOT replace previous VM definitions
Thu Aug 29 12:58:51 GMT+03:00 2002   [info] Velocimacro : allowInlineLocal = false : VMs defined inline will be  global in scope if allowed.
Thu Aug 29 12:58:51 GMT+03:00 2002   [info] Velocimacro : messages on  : VM system will output logging messages
Thu Aug 29 12:58:51 GMT+03:00 2002   [info] Velocimacro : autoload off  : VM system will not automatically reload global library macros
Thu Aug 29 12:58:51 GMT+03:00 2002   [info] Velocimacro : initialization complete.
Thu Aug 29 12:58:51 GMT+03:00 2002   [info] Velocity successfully started.
Thu Aug 29 12:58:53 GMT+03:00 2002   [info] ResourceManager : found index.vm with loader org.apache.velocity.runtime.resource.loader.FileResourceLoader
Thu Aug 29 12:58:53 GMT+03:00 2002   [info] ResourceManager : found top.vm with loader org.apache.velocity.runtime.resource.loader.FileResourceLoader
Thu Aug 29 12:58:53 GMT+03:00 2002   [info] ResourceManager : found bottom.vm with loader org.apache.velocity.runtime.resource.loader.FileResourceLoader
Thu Aug 29 12:58:59 GMT+03:00 2002   [info] ResourceManager : found index.vm with loader org.apache.velocity.runtime.resource.loader.FileResourceLoader
Thu Aug 29 12:58:59 GMT+03:00 2002   [info] ResourceManager : found top.vm with loader org.apache.velocity.runtime.resource.loader.FileResourceLoader
Thu Aug 29 12:58:59 GMT+03:00 2002   [info] ResourceManager : found bottom.vm with loader org.apache.velocity.runtime.resource.loader.FileResourceLoader
